2019-05-28 12:11:02.152 [INFO    ] MainThread. SA_20190208_ts_metadata (CogniteAPI_module_sauter_v1_1.py:192)
2019-05-28 12:11:02.152 [INFO    ] MainThread. energima-morten (CogniteAPI_module_sauter_v1_1.py:193)
2019-05-28 12:11:02.152 [INFO    ] MainThread. Starting... (CogniteAPI_module_sauter_v1_1.py:195)
2019-05-28 12:11:02.367 [INFO    ] MainThread. Successful login to SauterVision at: 62.101.215.102 (SauterAPI_module_v3_3.py:38)
2019-05-28 12:11:02.370 [INFO    ] MainThread. Local sensor list loaded (SauterAPI_module_v3_3.py:91)
2019-05-28 12:11:02.695 [INFO    ] Thread-2. Posting last datapoints: SA1_563_04_601_SQ401VA (CogniteAPI_module_sauter_v1_1.py:107)
2019-05-28 12:11:02.801 [INFO    ] Thread-3. Posting last datapoints: SA1_563_04_601_SQ501VD (CogniteAPI_module_sauter_v1_1.py:107)
2019-05-28 12:11:02.967 [INFO    ] Thread-6. Posting last datapoints: SA1_563_04_RT601A (CogniteAPI_module_sauter_v1_1.py:107)
2019-05-28 12:11:03.222 [INFO    ] Thread-7. Posting last datapoints: SA1_563_04_RT601A_Xsc (CogniteAPI_module_sauter_v1_1.py:107)
2019-05-28 12:11:03.338 [INFO    ] Thread-8. Posting last datapoints: SA1_563_04_RT601B (CogniteAPI_module_sauter_v1_1.py:107)
2019-05-28 12:11:03.553 [INFO    ] Thread-9. Posting last datapoints: SA1_563_04_RY601B (CogniteAPI_module_sauter_v1_1.py:107)
2019-05-28 12:11:03.788 [INFO    ] Thread-10. Posting last datapoints: SA1_563_04_602-1_SQ402VA (CogniteAPI_module_sauter_v1_1.py:107)
2019-05-28 12:11:03.946 [INFO    ] Thread-11. Posting last datapoints: SA1_563_04_602-2_SQ502VB (CogniteAPI_module_sauter_v1_1.py:107)
2019-05-28 12:11:04.096 [INFO    ] Thread-12. Posting last datapoints: SA1_563_04_RT602A (CogniteAPI_module_sauter_v1_1.py:107)
2019-05-28 12:11:04.272 [INFO    ] Thread-13. Posting last datapoints: SA1_563_04_RT602A_Xsc (CogniteAPI_module_sauter_v1_1.py:107)
2019-05-28 12:11:04.454 [INFO    ] Thread-14. Posting last datapoints: SA1_563_04_RT602B (CogniteAPI_module_sauter_v1_1.py:107)
2019-05-28 12:11:04.627 [INFO    ] Thread-15. Posting last datapoints: SA1_563_04_RT602B_Xsc (CogniteAPI_module_sauter_v1_1.py:107)
2019-05-28 12:11:04.837 [INFO    ] Thread-5. Posting last datapoints: SA1_563_04_RT603A (CogniteAPI_module_sauter_v1_1.py:107)
2019-05-28 12:11:05.056 [INFO    ] Thread-1. Posting last datapoints: SA1_563_04_RT603A_Xsc (CogniteAPI_module_sauter_v1_1.py:107)
2019-05-28 12:11:05.259 [INFO    ] Thread-4. Posting last datapoints: SA1_563_04_RT603B (CogniteAPI_module_sauter_v1_1.py:107)
2019-05-28 12:11:05.514 [INFO    ] Thread-2. Posting last datapoints: SA1_563_04_RY603B (CogniteAPI_module_sauter_v1_1.py:107)
2019-05-28 12:11:06.570 [INFO    ] Thread-3. Posting last datapoints: SA1_360_01_LR401% (CogniteAPI_module_sauter_v1_1.py:107)
2019-05-28 12:11:07.394 [INFO    ] Thread-6. Posting last datapoints: SA1_360_01_LR501% (CogniteAPI_module_sauter_v1_1.py:107)
2019-05-28 12:11:14.783 [INFO    ] Thread-7. Posting last datapoints: SA1_360_01_RD401 (CogniteAPI_module_sauter_v1_1.py:107)
2019-05-28 12:11:17.905 [INFO    ] Thread-8. Posting last datapoints: SA1_360_01_RD501 (CogniteAPI_module_sauter_v1_1.py:107)
2019-05-28 12:11:30.786 [INFO    ] Thread-9. Posting last datapoints: SA1_360_01_RP401 (CogniteAPI_module_sauter_v1_1.py:107)
2019-05-28 12:11:30.932 [INFO    ] Thread-10. Posting last datapoints: SA1_563_04_604-2_SQ404VB (CogniteAPI_module_sauter_v1_1.py:107)
2019-05-28 12:11:31.155 [INFO    ] Thread-11. Posting last datapoints: SA1_563_04_RT604A (CogniteAPI_module_sauter_v1_1.py:107)
2019-05-28 12:11:31.372 [INFO    ] Thread-12. Posting last datapoints: SA1_563_04_RT604A_Xsc (CogniteAPI_module_sauter_v1_1.py:107)
2019-05-28 12:11:31.581 [INFO    ] Thread-13. Posting last datapoints: SA1_563_04_RT604B (CogniteAPI_module_sauter_v1_1.py:107)
2019-05-28 12:11:31.823 [INFO    ] Thread-14. Posting last datapoints: SA1_563_04_RT604B_Xsc (CogniteAPI_module_sauter_v1_1.py:107)
2019-05-28 12:11:32.000 [INFO    ] Thread-15. Posting last datapoints: SA1_563_04_RT604C (CogniteAPI_module_sauter_v1_1.py:107)
2019-05-28 12:11:32.206 [INFO    ] Thread-5. Posting last datapoints: SA1_563_04_RT604C_Xsc (CogniteAPI_module_sauter_v1_1.py:107)
2019-05-28 12:11:32.408 [INFO    ] Thread-1. Posting last datapoints: SA1_563_04_RT605A (CogniteAPI_module_sauter_v1_1.py:107)
2019-05-28 12:11:32.647 [INFO    ] Thread-4. Posting last datapoints: SA1_563_04_RT605A_Xsc (CogniteAPI_module_sauter_v1_1.py:107)
2019-05-28 12:11:32.850 [INFO    ] Thread-2. Posting last datapoints: SA1_563_04_RY605A (CogniteAPI_module_sauter_v1_1.py:107)
2019-05-28 12:11:33.019 [INFO    ] Thread-3. Posting last datapoints: SA1_563_04_606-1_SQ506VA (CogniteAPI_module_sauter_v1_1.py:107)
2019-05-28 12:11:33.228 [INFO    ] Thread-6. Posting last datapoints: SA1_563_04_RT606A (CogniteAPI_module_sauter_v1_1.py:107)
2019-05-28 12:11:33.438 [INFO    ] Thread-7. Posting last datapoints: SA1_563_04_RT606A_Xsc (CogniteAPI_module_sauter_v1_1.py:107)
2019-05-28 12:11:33.652 [INFO    ] Thread-8. Posting last datapoints: SA1_563_04_RT606B (CogniteAPI_module_sauter_v1_1.py:107)
2019-05-28 12:11:33.855 [INFO    ] Thread-9. Posting last datapoints: SA1_563_04_RY606A (CogniteAPI_module_sauter_v1_1.py:107)
2019-05-28 12:11:34.068 [INFO    ] Thread-10. Posting last datapoints: SA1_563_04_607-1_SQ407VA (CogniteAPI_module_sauter_v1_1.py:107)
2019-05-28 12:11:34.281 [INFO    ] Thread-11. Posting last datapoints: SA1_563_04_607-2_SQ407VB (CogniteAPI_module_sauter_v1_1.py:107)
2019-05-28 12:11:34.505 [INFO    ] Thread-12. Posting last datapoints: SA1_563_04_RT607A (CogniteAPI_module_sauter_v1_1.py:107)
2019-05-28 12:11:34.708 [INFO    ] Thread-13. Posting last datapoints: SA1_563_04_RT607A_Xsc (CogniteAPI_module_sauter_v1_1.py:107)
2019-05-28 12:11:34.947 [INFO    ] Thread-14. Posting last datapoints: SA1_563_04_RT607B (CogniteAPI_module_sauter_v1_1.py:107)
2019-05-28 12:11:35.117 [INFO    ] Thread-15. Posting last datapoints: SA1_563_04_RT607B_Xsc (CogniteAPI_module_sauter_v1_1.py:107)
2019-05-28 12:11:35.360 [INFO    ] Thread-5. Posting last datapoints: SA1_563_04_RT608A (CogniteAPI_module_sauter_v1_1.py:107)
2019-05-28 12:11:35.570 [INFO    ] Thread-1. Posting last datapoints: SA1_563_04_RT608A_Xsc (CogniteAPI_module_sauter_v1_1.py:107)
2019-05-28 12:11:35.760 [INFO    ] Thread-4. Posting last datapoints: SA1_563_04_RT608B (CogniteAPI_module_sauter_v1_1.py:107)
2019-05-28 12:11:35.982 [INFO    ] Thread-2. Posting last datapoints: SA1_563_04_RT608B_Xsc (CogniteAPI_module_sauter_v1_1.py:107)
2019-05-28 12:11:36.179 [INFO    ] Thread-3. Posting last datapoints: SA1_563_04_RT608C (CogniteAPI_module_sauter_v1_1.py:107)
2019-05-28 12:11:36.387 [INFO    ] Thread-6. Posting last datapoints: SA1_563_04_RT608C_Xsc (CogniteAPI_module_sauter_v1_1.py:107)
2019-05-28 12:11:36.598 [INFO    ] Thread-7. Posting last datapoints: SA1_563_04_RT608D (CogniteAPI_module_sauter_v1_1.py:107)
2019-05-28 12:11:36.804 [INFO    ] Thread-8. Posting last datapoints: SA1_563_04_RT608D_Xsc (CogniteAPI_module_sauter_v1_1.py:107)
2019-05-28 12:11:37.020 [INFO    ] Thread-9. Posting last datapoints: SA1_563_04_RY608C (CogniteAPI_module_sauter_v1_1.py:107)
2019-05-28 12:11:37.248 [INFO    ] Thread-10. Posting last datapoints: SA1_563_04_RY608D (CogniteAPI_module_sauter_v1_1.py:107)
2019-05-28 12:11:37.441 [INFO    ] Thread-11. Posting last datapoints: SA1_563_04_RT609A (CogniteAPI_module_sauter_v1_1.py:107)
2019-05-28 12:11:37.645 [INFO    ] Thread-12. Posting last datapoints: SA1_563_04_RT609A_Xsc (CogniteAPI_module_sauter_v1_1.py:107)
2019-05-28 12:11:37.943 [INFO    ] Thread-13. Posting last datapoints: SA1_563_04_RT609B (CogniteAPI_module_sauter_v1_1.py:107)
2019-05-28 12:11:38.078 [INFO    ] Thread-14. Posting last datapoints: SA1_563_04_RT609B_Xsc (CogniteAPI_module_sauter_v1_1.py:107)
2019-05-28 12:11:38.284 [INFO    ] Thread-15. Posting last datapoints: SA1_563_04_RT609C (CogniteAPI_module_sauter_v1_1.py:107)
2019-05-28 12:11:38.485 [INFO    ] Thread-5. Posting last datapoints: SA1_563_04_RT609C_Xsc (CogniteAPI_module_sauter_v1_1.py:107)
2019-05-28 12:11:38.704 [INFO    ] Thread-1. Posting last datapoints: SA1_563_04_RY609A (CogniteAPI_module_sauter_v1_1.py:107)
2019-05-28 12:11:38.874 [INFO    ] Thread-4. Posting last datapoints: SA1_563_04_610-1_SQ410VA (CogniteAPI_module_sauter_v1_1.py:107)
2019-05-28 12:11:39.078 [INFO    ] Thread-2. Posting last datapoints: SA1_563_04_RT610A (CogniteAPI_module_sauter_v1_1.py:107)
2019-05-28 12:11:39.294 [INFO    ] Thread-3. Posting last datapoints: SA1_563_04_RT610B (CogniteAPI_module_sauter_v1_1.py:107)
2019-05-28 12:11:39.500 [INFO    ] Thread-6. Posting last datapoints: SA1_563_04_RT610C (CogniteAPI_module_sauter_v1_1.py:107)
2019-05-28 12:11:39.704 [INFO    ] Thread-7. Posting last datapoints: SA1_563_04_RT610D (CogniteAPI_module_sauter_v1_1.py:107)
2019-05-28 12:11:39.924 [INFO    ] Thread-8. Posting last datapoints: SA1_563_04_RY610A (CogniteAPI_module_sauter_v1_1.py:107)
2019-05-28 12:11:40.140 [INFO    ] Thread-9. Posting last datapoints: SA1_563_04_RY610B (CogniteAPI_module_sauter_v1_1.py:107)
2019-05-28 12:11:40.331 [INFO    ] Thread-10. Posting last datapoints: SA1_563_04_RY610C (CogniteAPI_module_sauter_v1_1.py:107)
2019-05-28 12:11:40.549 [INFO    ] Thread-11. Posting last datapoints: SA1_563_04_RY610D (CogniteAPI_module_sauter_v1_1.py:107)
2019-05-28 12:11:40.762 [INFO    ] Thread-12. Posting last datapoints: SA1_563_02_RT605 (CogniteAPI_module_sauter_v1_1.py:107)
2019-05-28 12:11:40.968 [INFO    ] Thread-13. Posting last datapoints: SA1_563_02_RT605Xsc (CogniteAPI_module_sauter_v1_1.py:107)
2019-05-28 12:11:41.134 [INFO    ] Thread-14. Posting last datapoints: SA1_563_02_RT606 (CogniteAPI_module_sauter_v1_1.py:107)
2019-05-28 12:11:41.350 [INFO    ] Thread-15. Posting last datapoints: SA1_563_02_RT606Xsc (CogniteAPI_module_sauter_v1_1.py:107)
2019-05-28 12:11:41.575 [INFO    ] Thread-5. Posting last datapoints: SA1_563_02_RY605 (CogniteAPI_module_sauter_v1_1.py:107)
2019-05-28 12:11:41.772 [INFO    ] Thread-1. Posting last datapoints: SA1_563_02_RY606 (CogniteAPI_module_sauter_v1_1.py:107)
2019-05-28 12:11:42.026 [INFO    ] Thread-4. Posting last datapoints: SA1_563_02_SQ405 (CogniteAPI_module_sauter_v1_1.py:107)
2019-05-28 12:11:42.198 [INFO    ] Thread-2. Posting last datapoints: SA1_563_02_RT601 (CogniteAPI_module_sauter_v1_1.py:107)
2019-05-28 12:11:42.403 [INFO    ] Thread-3. Posting last datapoints: SA1_563_02_RT601Xsc (CogniteAPI_module_sauter_v1_1.py:107)
2019-05-28 12:11:42.624 [INFO    ] Thread-6. Posting last datapoints: SA1_563_02_RT602 (CogniteAPI_module_sauter_v1_1.py:107)
2019-05-28 12:11:42.820 [INFO    ] Thread-7. Posting last datapoints: SA1_563_02_RT602Xsc (CogniteAPI_module_sauter_v1_1.py:107)
2019-05-28 12:11:43.036 [INFO    ] Thread-8. Posting last datapoints: SA1_563_02_RT603 (CogniteAPI_module_sauter_v1_1.py:107)
2019-05-28 12:11:43.250 [INFO    ] Thread-9. Posting last datapoints: SA1_563_02_RT603Xsc (CogniteAPI_module_sauter_v1_1.py:107)
2019-05-28 12:11:43.473 [INFO    ] Thread-10. Posting last datapoints: SA1_563_02_RT604 (CogniteAPI_module_sauter_v1_1.py:107)
2019-05-28 12:11:43.667 [INFO    ] Thread-11. Posting last datapoints: SA1_563_02_RT604Xsc (CogniteAPI_module_sauter_v1_1.py:107)
2019-05-28 12:11:43.843 [INFO    ] Thread-12. Posting last datapoints: SA1_563_02_SB501_Y (CogniteAPI_module_sauter_v1_1.py:107)
2019-05-28 12:11:44.006 [INFO    ] Thread-13. Posting last datapoints: SA1_563_02_SB502_Y (CogniteAPI_module_sauter_v1_1.py:107)
2019-05-28 12:11:44.221 [INFO    ] Thread-14. Posting last datapoints: SA1_563_02_SB503_Y (CogniteAPI_module_sauter_v1_1.py:107)
2019-05-28 12:11:44.448 [INFO    ] Thread-15. Posting last datapoints: SA1_563_02_SB504_Y (CogniteAPI_module_sauter_v1_1.py:107)
2019-05-28 12:11:44.650 [INFO    ] Thread-5. Posting last datapoints: SA1_563_02_SQ501 (CogniteAPI_module_sauter_v1_1.py:107)
2019-05-28 12:11:44.857 [INFO    ] Thread-1. Posting last datapoints: SA1_563_03_RT601 (CogniteAPI_module_sauter_v1_1.py:107)
2019-05-28 12:11:45.065 [INFO    ] Thread-4. Posting last datapoints: SA1_563_03_RT601Xsc (CogniteAPI_module_sauter_v1_1.py:107)
2019-05-28 12:11:45.274 [INFO    ] Thread-2. Posting last datapoints: SA1_563_03_RT602 (CogniteAPI_module_sauter_v1_1.py:107)
2019-05-28 12:11:45.490 [INFO    ] Thread-3. Posting last datapoints: SA1_563_03_RT602Xsc (CogniteAPI_module_sauter_v1_1.py:107)
2019-05-28 12:11:45.688 [INFO    ] Thread-6. Posting last datapoints: SA1_563_03_RY601 (CogniteAPI_module_sauter_v1_1.py:107)
2019-05-28 12:11:45.893 [INFO    ] Thread-7. Posting last datapoints: SA1_563_03_RY602 (CogniteAPI_module_sauter_v1_1.py:107)
2019-05-28 12:11:46.097 [INFO    ] Thread-8. Posting last datapoints: SA1_563_03_SQ401 (CogniteAPI_module_sauter_v1_1.py:107)
2019-05-28 12:11:46.258 [INFO    ] Thread-9. Posting last datapoints: SA1_563_03_SQ402 (CogniteAPI_module_sauter_v1_1.py:107)
2019-05-28 12:11:46.645 [INFO    ] Thread-10. Posting last datapoints: SA1_563_03_RT603 (CogniteAPI_module_sauter_v1_1.py:107)
2019-05-28 12:11:46.677 [INFO    ] Thread-11. Posting last datapoints: SA1_563_03_RT603Xsc (CogniteAPI_module_sauter_v1_1.py:107)
2019-05-28 12:11:46.885 [INFO    ] Thread-12. Posting last datapoints: SA1_563_03_RY603 (CogniteAPI_module_sauter_v1_1.py:107)
2019-05-28 12:11:47.104 [INFO    ] Thread-13. Posting last datapoints: SA1_563_03_SQ403Y1 (CogniteAPI_module_sauter_v1_1.py:107)
2019-05-28 12:11:47.320 [INFO    ] Thread-14. Posting last datapoints: SA1_563_03_RT604 (CogniteAPI_module_sauter_v1_1.py:107)
2019-05-28 12:11:47.520 [INFO    ] Thread-15. Posting last datapoints: SA1_563_03_RT605 (CogniteAPI_module_sauter_v1_1.py:107)
2019-05-28 12:11:47.739 [INFO    ] Thread-5. Posting last datapoints: SA1_563_03_RT606 (CogniteAPI_module_sauter_v1_1.py:107)
2019-05-28 12:11:47.944 [INFO    ] Thread-1. Posting last datapoints: SA1_563_03_RY604 (CogniteAPI_module_sauter_v1_1.py:107)
2019-05-28 12:11:48.149 [INFO    ] Thread-4. Posting last datapoints: SA1_563_03_RY605 (CogniteAPI_module_sauter_v1_1.py:107)
2019-05-28 12:11:48.368 [INFO    ] Thread-2. Posting last datapoints: SA1_563_03_RY606 (CogniteAPI_module_sauter_v1_1.py:107)
2019-05-28 12:11:48.570 [INFO    ] Thread-3. Posting last datapoints: SA1_563_03_RT607 (CogniteAPI_module_sauter_v1_1.py:107)
2019-05-28 12:11:48.782 [INFO    ] Thread-6. Posting last datapoints: SA1_563_03_RT607Xsc (CogniteAPI_module_sauter_v1_1.py:107)
2019-05-28 12:11:48.995 [INFO    ] Thread-7. Posting last datapoints: SA1_563_03_RY607 (CogniteAPI_module_sauter_v1_1.py:107)
2019-05-28 12:11:49.163 [INFO    ] Thread-8. Posting last datapoints: SA1_563_03_SB506-509_Y (CogniteAPI_module_sauter_v1_1.py:107)
2019-05-28 12:11:49.362 [INFO    ] Thread-9. Posting last datapoints: SA1_563_03_SQ406 (CogniteAPI_module_sauter_v1_1.py:107)
2019-05-28 12:11:49.524 [INFO    ] Thread-10. Posting last datapoints: SA2_563_02_601_SB401-402_Y (CogniteAPI_module_sauter_v1_1.py:107)
2019-05-28 12:11:49.743 [INFO    ] Thread-11. Posting last datapoints: SA2_563_02_601_SQ401 (CogniteAPI_module_sauter_v1_1.py:107)
2019-05-28 12:11:49.942 [INFO    ] Thread-12. Posting last datapoints: SA2_563_02_601_SQ501 (CogniteAPI_module_sauter_v1_1.py:107)
2019-05-28 12:11:50.124 [INFO    ] Thread-13. Posting last datapoints: SA2_563_02_RT601 (CogniteAPI_module_sauter_v1_1.py:107)
2019-05-28 12:11:50.333 [INFO    ] Thread-14. Posting last datapoints: SA2_563_02_RY601 (CogniteAPI_module_sauter_v1_1.py:107)
2019-05-28 12:11:50.628 [INFO    ] Thread-15. Posting last datapoints: SA2_563_02_603_SQ418 (CogniteAPI_module_sauter_v1_1.py:107)
2019-05-28 12:11:50.700 [INFO    ] Thread-5. Posting last datapoints: SA2_563_02_605_SB408-410_Y (CogniteAPI_module_sauter_v1_1.py:107)
2019-05-28 12:11:50.911 [INFO    ] Thread-1. Posting last datapoints: SA2_563_02_605_SQ419 (CogniteAPI_module_sauter_v1_1.py:107)
2019-05-28 12:11:51.121 [INFO    ] Thread-4. Posting last datapoints: SA2_353_02_RT601 (CogniteAPI_module_sauter_v1_1.py:107)
2019-05-28 12:11:51.298 [INFO    ] Thread-2. Posting last datapoints: SA2_563_02_SB416-417_Y (CogniteAPI_module_sauter_v1_1.py:107)
2019-05-28 12:11:51.504 [INFO    ] Thread-3. Posting last datapoints: SA2_563_02_SB518-520_Y (CogniteAPI_module_sauter_v1_1.py:107)
2019-05-28 12:11:51.709 [INFO    ] Thread-6. Posting last datapoints: SA2_563_02_608_SB419-420_Y (CogniteAPI_module_sauter_v1_1.py:107)
2019-05-28 12:11:51.924 [INFO    ] Thread-7. Posting last datapoints: SA2_563_02_610_SB421-422_Y (CogniteAPI_module_sauter_v1_1.py:107)
2019-05-28 12:11:52.133 [INFO    ] Thread-8. Posting last datapoints: SA2_563_02_610_SB527-530_Y (CogniteAPI_module_sauter_v1_1.py:107)
2019-05-28 12:11:52.444 [INFO    ] Thread-9. Posting last datapoints: SA2_563_02_610_SQ409 (CogniteAPI_module_sauter_v1_1.py:107)
2019-05-28 12:11:52.694 [INFO    ] Thread-10. Posting last datapoints: SA2_563_02_610_SQ423 (CogniteAPI_module_sauter_v1_1.py:107)
2019-05-28 12:11:52.774 [INFO    ] Thread-11. Posting last datapoints: SA2_563_02_RT610 (CogniteAPI_module_sauter_v1_1.py:107)
2019-05-28 12:11:52.966 [INFO    ] Thread-12. Posting last datapoints: SA2_563_02_RY610 (CogniteAPI_module_sauter_v1_1.py:107)
2019-05-28 12:11:53.196 [INFO    ] Thread-13. Posting last datapoints: SA_310_01_OE401_1 (CogniteAPI_module_sauter_v1_1.py:107)
2019-05-28 12:11:53.387 [INFO    ] Thread-14. Posting last datapoints: SA_310_01_OE402_1 (CogniteAPI_module_sauter_v1_1.py:107)
2019-05-28 12:11:53.762 [INFO    ] Thread-15. Posting last datapoints: SA_310_01_OE403_1 (CogniteAPI_module_sauter_v1_1.py:107)
2019-05-28 12:11:53.844 [INFO    ] Thread-5. Posting last datapoints: SA_310_01_OE501_1 (CogniteAPI_module_sauter_v1_1.py:107)
2019-05-28 12:11:54.026 [INFO    ] Thread-1. Posting last datapoints: SA_310_01_OE502_1 (CogniteAPI_module_sauter_v1_1.py:107)
2019-05-28 12:11:54.227 [INFO    ] Thread-4. Posting last datapoints: SA_310_01_OE503_1 (CogniteAPI_module_sauter_v1_1.py:107)
2019-05-28 12:11:55.316 [INFO    ] Thread-2. Posting last datapoints: 320_01-RT401 (CogniteAPI_module_sauter_v1_1.py:107)
2019-05-28 12:11:55.510 [INFO    ] Thread-3. Posting last datapoints: 320_01-RT40Xs_vint (CogniteAPI_module_sauter_v1_1.py:107)
2019-05-28 12:11:56.630 [INFO    ] Thread-6. Posting last datapoints: 320_01-RT501 (CogniteAPI_module_sauter_v1_1.py:107)
2019-05-28 12:11:57.704 [INFO    ] Thread-7. Posting last datapoints: 320_02-RT401 (CogniteAPI_module_sauter_v1_1.py:107)
2019-05-28 12:11:58.780 [INFO    ] Thread-8. Posting last datapoints: 320_02-RT501 (CogniteAPI_module_sauter_v1_1.py:107)
2019-05-28 12:11:59.013 [INFO    ] Thread-9. Posting last datapoints: SA_320_02_OE501_1 (CogniteAPI_module_sauter_v1_1.py:107)
2019-05-28 12:11:59.217 [INFO    ] Thread-10. Posting last datapoints: SA_320_03-_04_OE502_1 (CogniteAPI_module_sauter_v1_1.py:107)
2019-05-28 12:12:00.274 [INFO    ] Thread-11. Posting last datapoints: 320_03-RD001 (CogniteAPI_module_sauter_v1_1.py:107)
2019-05-28 12:12:01.354 [INFO    ] Thread-12. Posting last datapoints: 320_03-RT401 (CogniteAPI_module_sauter_v1_1.py:107)
2019-05-28 12:12:02.445 [INFO    ] Thread-13. Posting last datapoints: 320_03-RT501 (CogniteAPI_module_sauter_v1_1.py:107)
2019-05-28 12:12:03.529 [INFO    ] Thread-14. Posting last datapoints: 320_03-SB501 (CogniteAPI_module_sauter_v1_1.py:107)
2019-05-28 12:12:04.631 [INFO    ] Thread-15. Posting last datapoints: 320_03-SB501Arb_sp (CogniteAPI_module_sauter_v1_1.py:107)
2019-05-28 12:12:05.734 [INFO    ] Thread-5. Posting last datapoints: 320_04-RD001 (CogniteAPI_module_sauter_v1_1.py:107)
2019-05-28 12:12:06.815 [INFO    ] Thread-1. Posting last datapoints: 320_04-RT401 (CogniteAPI_module_sauter_v1_1.py:107)
2019-05-28 12:12:07.913 [INFO    ] Thread-4. Posting last datapoints: 320_04-RT501 (CogniteAPI_module_sauter_v1_1.py:107)
2019-05-28 12:12:09.007 [INFO    ] Thread-2. Posting last datapoints: 320_04-SB501 (CogniteAPI_module_sauter_v1_1.py:107)
2019-05-28 12:12:10.087 [INFO    ] Thread-3. Posting last datapoints: 320_04-SB501Arb_sp (CogniteAPI_module_sauter_v1_1.py:107)
2019-05-28 12:12:11.188 [INFO    ] Thread-6. Posting last datapoints: 320_05-RD001 (CogniteAPI_module_sauter_v1_1.py:107)
2019-05-28 12:12:12.291 [INFO    ] Thread-7. Posting last datapoints: 320_05-RT401 (CogniteAPI_module_sauter_v1_1.py:107)
2019-05-28 12:12:13.361 [INFO    ] Thread-8. Posting last datapoints: 320_05-RT501 (CogniteAPI_module_sauter_v1_1.py:107)
2019-05-28 12:12:14.452 [INFO    ] Thread-9. Posting last datapoints: 320_06-RT401 (CogniteAPI_module_sauter_v1_1.py:107)
2019-05-28 12:12:15.542 [INFO    ] Thread-10. Posting last datapoints: 320_06-RT501 (CogniteAPI_module_sauter_v1_1.py:107)
2019-05-28 12:12:15.762 [INFO    ] Thread-11. Posting last datapoints: SA_320_06_OE501_1 (CogniteAPI_module_sauter_v1_1.py:107)
2019-05-28 12:12:16.883 [INFO    ] Thread-12. Posting last datapoints: 320_07-RT401 (CogniteAPI_module_sauter_v1_1.py:107)
2019-05-28 12:12:17.953 [INFO    ] Thread-13. Posting last datapoints: 320_07-RT501 (CogniteAPI_module_sauter_v1_1.py:107)
2019-05-28 12:12:19.115 [INFO    ] Thread-14. Posting last datapoints: 320_07-SB501 (CogniteAPI_module_sauter_v1_1.py:107)
2019-05-28 12:12:20.093 [INFO    ] Thread-15. Posting last datapoints: 320_07-SB501Arb_sp (CogniteAPI_module_sauter_v1_1.py:107)
2019-05-28 12:12:20.307 [INFO    ] Thread-5. Posting last datapoints: SA_320_07_OE501_1 (CogniteAPI_module_sauter_v1_1.py:107)
2019-05-28 12:12:20.508 [INFO    ] Thread-1. Posting last datapoints: SA_320_08_OE501_1 (CogniteAPI_module_sauter_v1_1.py:107)
2019-05-28 12:12:20.712 [INFO    ] Thread-4. Posting last datapoints: SA_320_09_OE501_1 (CogniteAPI_module_sauter_v1_1.py:107)
2019-05-28 12:12:21.788 [INFO    ] Thread-2. Posting last datapoints: 310_01-RT401 (CogniteAPI_module_sauter_v1_1.py:107)
2019-05-28 12:12:22.858 [INFO    ] Thread-3. Posting last datapoints: 310_01-RT402 (CogniteAPI_module_sauter_v1_1.py:107)
2019-05-28 12:12:23.946 [INFO    ] Thread-6. Posting last datapoints: 310_01-RT403 (CogniteAPI_module_sauter_v1_1.py:107)
2019-05-28 12:12:25.025 [INFO    ] Thread-7. Posting last datapoints: 310_01-RT501 (CogniteAPI_module_sauter_v1_1.py:107)
2019-05-28 12:12:26.108 [INFO    ] Thread-8. Posting last datapoints: 310_01-RT502 (CogniteAPI_module_sauter_v1_1.py:107)
2019-05-28 12:12:27.201 [INFO    ] Thread-9. Posting last datapoints: 320_08-RT401 (CogniteAPI_module_sauter_v1_1.py:107)
2019-05-28 12:12:28.283 [INFO    ] Thread-10. Posting last datapoints: 320_08-RT501 (CogniteAPI_module_sauter_v1_1.py:107)
2019-05-28 12:12:29.360 [INFO    ] Thread-11. Posting last datapoints: 320_08-SB501 (CogniteAPI_module_sauter_v1_1.py:107)
2019-05-28 12:12:30.467 [INFO    ] Thread-12. Posting last datapoints: 320_08-SB501Arb_sp (CogniteAPI_module_sauter_v1_1.py:107)
2019-05-28 12:12:31.527 [INFO    ] Thread-13. Posting last datapoints: 320_09-RT401 (CogniteAPI_module_sauter_v1_1.py:107)
2019-05-28 12:12:32.586 [INFO    ] Thread-14. Posting last datapoints: 320_09-RT501 (CogniteAPI_module_sauter_v1_1.py:107)
2019-05-28 12:12:33.678 [INFO    ] Thread-15. Posting last datapoints: 320_09-SB501Arb_sp (CogniteAPI_module_sauter_v1_1.py:107)
2019-05-28 12:12:33.897 [INFO    ] Thread-5. Posting last datapoints: SA1_563_04_621_SB521_1-521_7_Y (CogniteAPI_module_sauter_v1_1.py:107)
2019-05-28 12:12:34.145 [INFO    ] Thread-1. Posting last datapoints: SA1_563_04_621_SQ421 (CogniteAPI_module_sauter_v1_1.py:107)
2019-05-28 12:12:34.299 [INFO    ] Thread-4. Posting last datapoints: SA1_563_04_621_SQ521 (CogniteAPI_module_sauter_v1_1.py:107)
2019-05-28 12:12:34.519 [INFO    ] Thread-2. Posting last datapoints: SA1_563_04_RT621 (CogniteAPI_module_sauter_v1_1.py:107)
2019-05-28 12:12:34.724 [INFO    ] Thread-3. Posting last datapoints: SA1_563_04_RY621 (CogniteAPI_module_sauter_v1_1.py:107)
2019-05-28 12:12:34.938 [INFO    ] Thread-6. Posting last datapoints: SA1_563_04_622_SB521_1-521_7_Y (CogniteAPI_module_sauter_v1_1.py:107)
2019-05-28 12:12:35.157 [INFO    ] Thread-7. Posting last datapoints: SA1_563_04_622_SQ422 (CogniteAPI_module_sauter_v1_1.py:107)
2019-05-28 12:12:35.374 [INFO    ] Thread-8. Posting last datapoints: SA1_563_04_622_SQ522 (CogniteAPI_module_sauter_v1_1.py:107)
2019-05-28 12:12:35.559 [INFO    ] Thread-9. Posting last datapoints: SA1_563_04_RT622 (CogniteAPI_module_sauter_v1_1.py:107)
2019-05-28 12:12:35.789 [INFO    ] Thread-10. Posting last datapoints: SA1_563_04_RY622 (CogniteAPI_module_sauter_v1_1.py:107)
2019-05-28 12:12:36.024 [INFO    ] Thread-11. Posting last datapoints: SA1_563_04_RT624 (CogniteAPI_module_sauter_v1_1.py:107)
2019-05-28 12:12:36.238 [INFO    ] Thread-12. Posting last datapoints: SA1_563_04_RT624_Xs (CogniteAPI_module_sauter_v1_1.py:107)
2019-05-28 12:12:36.426 [INFO    ] Thread-13. Posting last datapoints: SA1_563_04_RT627_1-627_2_Xsc (CogniteAPI_module_sauter_v1_1.py:107)
2019-05-28 12:12:36.744 [INFO    ] Thread-14. Posting last datapoints: SA2_563_02_611_SQ410 (CogniteAPI_module_sauter_v1_1.py:107)
2019-05-28 12:12:36.843 [INFO    ] Thread-15. Posting last datapoints: SA2_563_02_612_SB423_Y (CogniteAPI_module_sauter_v1_1.py:107)
2019-05-28 12:12:37.072 [INFO    ] Thread-5. Posting last datapoints: SA2_563_02_612_SB531-532_Y (CogniteAPI_module_sauter_v1_1.py:107)
2019-05-28 12:12:37.264 [INFO    ] Thread-1. Posting last datapoints: SA2_563_02_613_SB534-535_Y (CogniteAPI_module_sauter_v1_1.py:107)
2019-05-28 12:12:37.484 [INFO    ] Thread-4. Posting last datapoints: SA2_563_02_613_SQ411 (CogniteAPI_module_sauter_v1_1.py:107)
2019-05-28 12:12:37.693 [INFO    ] Thread-2. Posting last datapoints: SA2_563_02_613_Varme_paadrag_SB424 (CogniteAPI_module_sauter_v1_1.py:107)
2019-05-28 12:12:37.891 [INFO    ] Thread-3. Posting last datapoints: SA2_563_02_RT611 (CogniteAPI_module_sauter_v1_1.py:107)
2019-05-28 12:12:38.092 [INFO    ] Thread-6. Posting last datapoints: SA2_563_02_RT612 (CogniteAPI_module_sauter_v1_1.py:107)
2019-05-28 12:12:38.299 [INFO    ] Thread-7. Posting last datapoints: SA2_563_02_RT613 (CogniteAPI_module_sauter_v1_1.py:107)
2019-05-28 12:12:38.501 [INFO    ] Thread-8. Posting last datapoints: SA2_563_02_RY611 (CogniteAPI_module_sauter_v1_1.py:107)
2019-05-28 12:12:38.718 [INFO    ] Thread-9. Posting last datapoints: SA2_563_02_RY612 (CogniteAPI_module_sauter_v1_1.py:107)
2019-05-28 12:12:38.925 [INFO    ] Thread-10. Posting last datapoints: SA2_563_02_RY613 (CogniteAPI_module_sauter_v1_1.py:107)
2019-05-28 12:12:39.138 [INFO    ] Thread-11. Posting last datapoints: SA2_563_02_614__SQ412 (CogniteAPI_module_sauter_v1_1.py:107)
2019-05-28 12:12:39.401 [INFO    ] Thread-12. Posting last datapoints: SA2_563_02_614_SB425_Y (CogniteAPI_module_sauter_v1_1.py:107)
2019-05-28 12:12:39.572 [INFO    ] Thread-13. Posting last datapoints: SA2_563_02_614_SB535-536_Y (CogniteAPI_module_sauter_v1_1.py:107)
2019-05-28 12:12:39.774 [INFO    ] Thread-14. Posting last datapoints: SA2_563_02_615_SQ413 (CogniteAPI_module_sauter_v1_1.py:107)
2019-05-28 12:12:39.987 [INFO    ] Thread-15. Posting last datapoints: SA2_563_02_616_SQ414 (CogniteAPI_module_sauter_v1_1.py:107)
2019-05-28 12:12:40.199 [INFO    ] Thread-5. Posting last datapoints: SA2_563_02_RT614 (CogniteAPI_module_sauter_v1_1.py:107)
2019-05-28 12:12:40.414 [INFO    ] Thread-1. Posting last datapoints: SA2_563_02_RT615 (CogniteAPI_module_sauter_v1_1.py:107)
2019-05-28 12:12:40.615 [INFO    ] Thread-4. Posting last datapoints: SA2_563_02_RT616 (CogniteAPI_module_sauter_v1_1.py:107)
2019-05-28 12:12:40.834 [INFO    ] Thread-2. Posting last datapoints: SA2_563_02_RY614 (CogniteAPI_module_sauter_v1_1.py:107)
2019-05-28 12:12:41.034 [INFO    ] Thread-3. Posting last datapoints: SA2_563_02_RY615 (CogniteAPI_module_sauter_v1_1.py:107)
2019-05-28 12:12:41.241 [INFO    ] Thread-6. Posting last datapoints: SA2_563_02_RY616 (CogniteAPI_module_sauter_v1_1.py:107)
2019-05-28 12:12:52.804 [INFO    ] Thread-7. Posting last datapoints: SA1_360_01_RP501 (CogniteAPI_module_sauter_v1_1.py:107)
2019-05-28 12:12:54.369 [INFO    ] Thread-8. Posting last datapoints: SA1_360_01_RT401 (CogniteAPI_module_sauter_v1_1.py:107)
2019-05-28 12:13:00.344 [INFO    ] Thread-9. Posting last datapoints: SA1_360_01_RT402 (CogniteAPI_module_sauter_v1_1.py:107)
2019-05-28 12:13:03.025 [INFO    ] Thread-10. Posting last datapoints: SA1_360_01_RT403 (CogniteAPI_module_sauter_v1_1.py:107)
2019-05-28 12:13:07.165 [INFO    ] Thread-11. Posting last datapoints: SA1_360_01_RT404 (CogniteAPI_module_sauter_v1_1.py:107)
2019-05-28 12:13:08.971 [INFO    ] Thread-12. Posting last datapoints: SA1_360_01_RT405 (CogniteAPI_module_sauter_v1_1.py:107)
2019-05-28 12:13:09.367 [INFO    ] Thread-13. Posting last datapoints: SA1_360_01_RT501 (CogniteAPI_module_sauter_v1_1.py:107)
2019-05-28 12:13:12.010 [INFO    ] Thread-14. Posting last datapoints: SA1_360_01_RT502 (CogniteAPI_module_sauter_v1_1.py:107)
2019-05-28 12:13:12.674 [INFO    ] Thread-15. Posting last datapoints: SA1_360_01_RT503 (CogniteAPI_module_sauter_v1_1.py:107)
2019-05-28 12:13:15.607 [INFO    ] Thread-5. Posting last datapoints: SA1_360_01_RT504 (CogniteAPI_module_sauter_v1_1.py:107)
2019-05-28 12:13:15.755 [INFO    ] Thread-1. Posting last datapoints: SA1_360_01_SB401% (CogniteAPI_module_sauter_v1_1.py:107)
2019-05-28 12:13:16.106 [INFO    ] Thread-4. Posting last datapoints: SA1_360_02_LR401% (CogniteAPI_module_sauter_v1_1.py:107)
2019-05-28 12:13:16.960 [INFO    ] Thread-2. Posting last datapoints: SA1_360_02_LR501% (CogniteAPI_module_sauter_v1_1.py:107)
2019-05-28 12:13:19.134 [INFO    ] Thread-3. Posting last datapoints: SA1_360_02_RD401 (CogniteAPI_module_sauter_v1_1.py:107)
2019-05-28 12:13:22.270 [INFO    ] Thread-6. Posting last datapoints: SA1_360_02_RD501 (CogniteAPI_module_sauter_v1_1.py:107)
2019-05-28 12:13:35.456 [INFO    ] Thread-7. Posting last datapoints: SA1_360_02_RP401 (CogniteAPI_module_sauter_v1_1.py:107)
2019-05-28 12:13:46.975 [INFO    ] Thread-8. Posting last datapoints: SA1_360_02_RP501 (CogniteAPI_module_sauter_v1_1.py:107)
2019-05-28 12:13:48.831 [INFO    ] Thread-9. Posting last datapoints: SA1_360_02_RT401 (CogniteAPI_module_sauter_v1_1.py:107)
2019-05-28 12:13:52.079 [INFO    ] Thread-10. Posting last datapoints: SA1_360_02_RT402 (CogniteAPI_module_sauter_v1_1.py:107)
2019-05-28 12:13:54.774 [INFO    ] Thread-11. Posting last datapoints: SA1_360_02_RT403 (CogniteAPI_module_sauter_v1_1.py:107)
2019-05-28 12:14:00.612 [INFO    ] Thread-12. Posting last datapoints: SA1_360_02_RT404 (CogniteAPI_module_sauter_v1_1.py:107)
2019-05-28 12:14:01.036 [INFO    ] Thread-13. Posting last datapoints: SA1_360_02_RT405 (CogniteAPI_module_sauter_v1_1.py:107)
2019-05-28 12:14:01.238 [INFO    ] Thread-14. Posting last datapoints: SA1_360_02_RT501 (CogniteAPI_module_sauter_v1_1.py:107)
2019-05-28 12:14:03.886 [INFO    ] Thread-15. Posting last datapoints: SA1_360_02_RT502 (CogniteAPI_module_sauter_v1_1.py:107)
2019-05-28 12:14:04.994 [INFO    ] Thread-5. Posting last datapoints: SA1_360_02_RT503 (CogniteAPI_module_sauter_v1_1.py:107)
2019-05-28 12:14:08.705 [INFO    ] Thread-1. Posting last datapoints: SA1_360_02_RT504 (CogniteAPI_module_sauter_v1_1.py:107)
2019-05-28 12:14:08.809 [INFO    ] Thread-4. Posting last datapoints: SA1_360_02_SB401% (CogniteAPI_module_sauter_v1_1.py:107)
2019-05-28 12:14:10.173 [INFO    ] Thread-2. Posting last datapoints: SA1_360_03_LR401% (CogniteAPI_module_sauter_v1_1.py:107)
2019-05-28 12:14:11.250 [INFO    ] Thread-3. Posting last datapoints: SA1_360_03_LR501% (CogniteAPI_module_sauter_v1_1.py:107)
2019-05-28 12:14:18.699 [INFO    ] Thread-6. Posting last datapoints: SA1_360_03_RD401 (CogniteAPI_module_sauter_v1_1.py:107)
2019-05-28 12:14:21.083 [INFO    ] Thread-7. Posting last datapoints: SA1_360_03_RD501 (CogniteAPI_module_sauter_v1_1.py:107)
2019-05-28 12:14:34.378 [INFO    ] Thread-8. Posting last datapoints: SA1_360_03_RP401 (CogniteAPI_module_sauter_v1_1.py:107)
2019-05-28 12:14:46.813 [INFO    ] Thread-9. Posting last datapoints: SA1_360_03_RP501 (CogniteAPI_module_sauter_v1_1.py:107)
2019-05-28 12:14:48.533 [INFO    ] Thread-10. Posting last datapoints: SA1_360_03_RT401 (CogniteAPI_module_sauter_v1_1.py:107)
2019-05-28 12:14:52.440 [INFO    ] Thread-11. Posting last datapoints: SA1_360_03_RT402 (CogniteAPI_module_sauter_v1_1.py:107)
2019-05-28 12:14:54.061 [INFO    ] Thread-12. Posting last datapoints: SA1_360_03_RT403 (CogniteAPI_module_sauter_v1_1.py:107)
2019-05-28 12:14:56.963 [INFO    ] Thread-13. Posting last datapoints: SA1_360_03_RT404 (CogniteAPI_module_sauter_v1_1.py:107)
2019-05-28 12:14:57.135 [INFO    ] Thread-14. Posting last datapoints: SA1_360_03_RT405 (CogniteAPI_module_sauter_v1_1.py:107)
2019-05-28 12:14:57.324 [INFO    ] Thread-15. Posting last datapoints: SA1_360_03_RT501 (CogniteAPI_module_sauter_v1_1.py:107)
2019-05-28 12:14:59.670 [INFO    ] Thread-5. Posting last datapoints: SA1_360_03_RT502 (CogniteAPI_module_sauter_v1_1.py:107)
2019-05-28 12:14:59.841 [INFO    ] Thread-1. Posting last datapoints: SA1_360_03_RT503 (CogniteAPI_module_sauter_v1_1.py:107)
2019-05-28 12:15:03.634 [INFO    ] Thread-4. Posting last datapoints: SA1_360_03_RT504 (CogniteAPI_module_sauter_v1_1.py:107)
2019-05-28 12:15:04.221 [INFO    ] Thread-2. Posting last datapoints: SA1_360_03_SB401% (CogniteAPI_module_sauter_v1_1.py:107)
2019-05-28 12:15:06.387 [INFO    ] Thread-3. Posting last datapoints: SA1_360_05_LR401% (CogniteAPI_module_sauter_v1_1.py:107)
2019-05-28 12:15:07.517 [INFO    ] Thread-6. Posting last datapoints: SA1_360_05_LR501% (CogniteAPI_module_sauter_v1_1.py:107)
2019-05-28 12:15:09.999 [INFO    ] Thread-8. Posting last datapoints: SA1_360_05_RD501 (CogniteAPI_module_sauter_v1_1.py:107)
2019-05-28 12:15:11.849 [INFO    ] Thread-9. Posting last datapoints: SA1_360_05_RT401 (CogniteAPI_module_sauter_v1_1.py:107)
2019-05-28 12:15:18.543 [INFO    ] Thread-10. Posting last datapoints: SA1_360_05_RT402 (CogniteAPI_module_sauter_v1_1.py:107)
2019-05-28 12:15:20.990 [INFO    ] Thread-11. Posting last datapoints: SA1_360_05_RT403 (CogniteAPI_module_sauter_v1_1.py:107)
2019-05-28 12:15:22.558 [INFO    ] Thread-12. Posting last datapoints: SA1_360_05_RT405 (CogniteAPI_module_sauter_v1_1.py:107)
2019-05-28 12:15:23.120 [INFO    ] Thread-13. Posting last datapoints: SA1_360_05_RT501 (CogniteAPI_module_sauter_v1_1.py:107)
2019-05-28 12:15:25.850 [INFO    ] Thread-14. Posting last datapoints: SA1_360_05_RT502 (CogniteAPI_module_sauter_v1_1.py:107)
2019-05-28 12:15:26.588 [INFO    ] Thread-15. Posting last datapoints: SA1_360_05_RT503 (CogniteAPI_module_sauter_v1_1.py:107)
2019-05-28 12:15:29.006 [INFO    ] Thread-5. Posting last datapoints: SA1_360_05_RT504 (CogniteAPI_module_sauter_v1_1.py:107)
2019-05-28 12:15:29.337 [INFO    ] Thread-1. Posting last datapoints: SA1_360_05_SB402Y (CogniteAPI_module_sauter_v1_1.py:107)
2019-05-28 12:15:36.586 [INFO    ] Thread-4. Posting last datapoints: SA1_360_10_RD01 (CogniteAPI_module_sauter_v1_1.py:107)
2019-05-28 12:15:43.763 [INFO    ] Thread-2. Posting last datapoints: SA1_360_10_RD401 (CogniteAPI_module_sauter_v1_1.py:107)
2019-05-28 12:16:07.223 [INFO    ] Thread-3. Posting last datapoints: SA1_360_10_RD501 (CogniteAPI_module_sauter_v1_1.py:107)
2019-05-28 12:16:14.535 [INFO    ] Thread-6. Posting last datapoints: SA1_360_10_RP401 (CogniteAPI_module_sauter_v1_1.py:107)
2019-05-28 12:16:24.622 [INFO    ] Thread-7. Posting last datapoints: SA1_360_10_RP501 (CogniteAPI_module_sauter_v1_1.py:107)
2019-05-28 12:16:26.473 [INFO    ] Thread-8. Posting last datapoints: SA1_360_10_RT401 (CogniteAPI_module_sauter_v1_1.py:107)
2019-05-28 12:16:31.987 [INFO    ] Thread-9. Posting last datapoints: SA1_360_10_RT402 (CogniteAPI_module_sauter_v1_1.py:107)
2019-05-28 12:16:36.092 [INFO    ] Thread-10. Posting last datapoints: SA1_360_10_RT403 (CogniteAPI_module_sauter_v1_1.py:107)
2019-05-28 12:16:36.225 [INFO    ] Thread-11. Posting last datapoints: SA1_360_10_RT404 (CogniteAPI_module_sauter_v1_1.py:107)
2019-05-28 12:16:41.440 [INFO    ] Thread-12. Posting last datapoints: SA1_360_10_RT405 (CogniteAPI_module_sauter_v1_1.py:107)
2019-05-28 12:16:44.150 [INFO    ] Thread-13. Posting last datapoints: SA1_360_10_RT501 (CogniteAPI_module_sauter_v1_1.py:107)
2019-05-28 12:16:49.342 [INFO    ] Thread-14. Posting last datapoints: SA1_360_10_RT503 (CogniteAPI_module_sauter_v1_1.py:107)
2019-05-28 12:16:54.423 [INFO    ] Thread-15. Posting last datapoints: SA1_360_10_RT504 (CogniteAPI_module_sauter_v1_1.py:107)
2019-05-28 12:16:54.554 [INFO    ] Thread-5. Posting last datapoints: SA1_360_10_SB401Y (CogniteAPI_module_sauter_v1_1.py:107)
2019-05-28 12:16:55.909 [INFO    ] Thread-1. Posting last datapoints: SA1_360_10_SB402Y (CogniteAPI_module_sauter_v1_1.py:107)
2019-05-28 12:16:56.121 [INFO    ] Thread-4. Posting last datapoints: SA1_563_01_01_05_601_SB401_Y (CogniteAPI_module_sauter_v1_1.py:107)
2019-05-28 12:16:56.327 [INFO    ] Thread-2. Posting last datapoints: SA1_563_01_01_05_RT601 (CogniteAPI_module_sauter_v1_1.py:107)
2019-05-28 12:16:56.537 [INFO    ] Thread-3. Posting last datapoints: SA1_563_06_03_04_RT601 (CogniteAPI_module_sauter_v1_1.py:107)
2019-05-28 12:16:56.745 [INFO    ] Thread-6. Posting last datapoints: SA1_563_06_03_04_RY601 (CogniteAPI_module_sauter_v1_1.py:107)
2019-05-28 12:16:56.966 [INFO    ] Thread-7. Posting last datapoints: SA1_563_06_03_04_SB401-404_Y (CogniteAPI_module_sauter_v1_1.py:107)
2019-05-28 12:16:57.192 [INFO    ] Thread-8. Posting last datapoints: SA1_563_06_03_04_SB501-504_Y (CogniteAPI_module_sauter_v1_1.py:107)
2019-05-28 12:16:57.396 [INFO    ] Thread-9. Posting last datapoints: SA1_563_06_03_04_SQ401 (CogniteAPI_module_sauter_v1_1.py:107)
2019-05-28 12:16:57.611 [INFO    ] Thread-10. Posting last datapoints: SA1_563_06_03_05_RH601 (CogniteAPI_module_sauter_v1_1.py:107)
2019-05-28 12:16:57.805 [INFO    ] Thread-11. Posting last datapoints: SA1_563_06_03_05_RT601 (CogniteAPI_module_sauter_v1_1.py:107)
2019-05-28 12:16:58.014 [INFO    ] Thread-12. Posting last datapoints: SA1_563_06_03_05_RT603 (CogniteAPI_module_sauter_v1_1.py:107)
2019-05-28 12:16:58.232 [INFO    ] Thread-13. Posting last datapoints: SA1_563_06_03_05_RY601 (CogniteAPI_module_sauter_v1_1.py:107)
2019-05-28 12:16:58.458 [INFO    ] Thread-14. Posting last datapoints: SA1_563_06_03_05_SB401-404_Y (CogniteAPI_module_sauter_v1_1.py:107)
2019-05-28 12:16:58.646 [INFO    ] Thread-15. Posting last datapoints: SA1_563_06_03_05_SB501-504_Y (CogniteAPI_module_sauter_v1_1.py:107)
2019-05-28 12:16:58.855 [INFO    ] Thread-5. Posting last datapoints: SA1_563_06_03_06_RT601 (CogniteAPI_module_sauter_v1_1.py:107)
2019-05-28 12:16:59.066 [INFO    ] Thread-1. Posting last datapoints: SA1_563_01_01_01_RT601 (CogniteAPI_module_sauter_v1_1.py:107)
2019-05-28 12:16:59.282 [INFO    ] Thread-4. Posting last datapoints: SA1_563_01_01_01_RT602 (CogniteAPI_module_sauter_v1_1.py:107)
2019-05-28 12:16:59.482 [INFO    ] Thread-2. Posting last datapoints: SA1_563_01_01_01_RT604 (CogniteAPI_module_sauter_v1_1.py:107)
2019-05-28 12:16:59.692 [INFO    ] Thread-3. Posting last datapoints: SA1_563_01_01_01_RY601 (CogniteAPI_module_sauter_v1_1.py:107)
2019-05-28 12:16:59.915 [INFO    ] Thread-6. Posting last datapoints: SA1_563_01_01_01_RY602 (CogniteAPI_module_sauter_v1_1.py:107)
2019-05-28 12:17:00.123 [INFO    ] Thread-7. Posting last datapoints: SA1_563_01_01_02_RT601-602 (CogniteAPI_module_sauter_v1_1.py:107)
2019-05-28 12:17:00.337 [INFO    ] Thread-8. Posting last datapoints: SA1_563_01_01_02_RT603 (CogniteAPI_module_sauter_v1_1.py:107)
2019-05-28 12:17:00.671 [INFO    ] Thread-9. Posting last datapoints: SA1_563_01_01_02_RT604 (CogniteAPI_module_sauter_v1_1.py:107)
2019-05-28 12:17:00.752 [INFO    ] Thread-10. Posting last datapoints: SA1_563_01_01_02_RY601 (CogniteAPI_module_sauter_v1_1.py:107)
2019-05-28 12:17:00.948 [INFO    ] Thread-11. Posting last datapoints: SA1_563_01_01_03_601_SB401-402_Y (CogniteAPI_module_sauter_v1_1.py:107)
2019-05-28 12:17:01.172 [INFO    ] Thread-12. Posting last datapoints: SA1_563_01_01_03_RT601-602 (CogniteAPI_module_sauter_v1_1.py:107)
2019-05-28 12:17:01.386 [INFO    ] Thread-13. Posting last datapoints: SA1_563_01_01_03_RT603 (CogniteAPI_module_sauter_v1_1.py:107)
2019-05-28 12:17:01.578 [INFO    ] Thread-14. Posting last datapoints: SA1_563_01_01_03_RT604 (CogniteAPI_module_sauter_v1_1.py:107)
2019-05-28 12:17:01.791 [INFO    ] Thread-15. Posting last datapoints: SA2_563_02_617_SQ417 (CogniteAPI_module_sauter_v1_1.py:107)
2019-05-28 12:17:02.012 [INFO    ] Thread-5. Posting last datapoints: SA2_563_02_RT617 (CogniteAPI_module_sauter_v1_1.py:107)
2019-05-28 12:17:02.226 [INFO    ] Thread-1. Posting last datapoints: SA2_563_02_RT619 (CogniteAPI_module_sauter_v1_1.py:107)
2019-05-28 12:17:02.434 [INFO    ] Thread-4. Posting last datapoints: SA2_563_02_RT618 (CogniteAPI_module_sauter_v1_1.py:107)
2019-05-28 12:17:02.668 [INFO    ] Thread-2. Posting last datapoints: SA2_563_02_RY617 (CogniteAPI_module_sauter_v1_1.py:107)
2019-05-28 12:17:02.853 [INFO    ] Thread-3. Posting last datapoints: SA2_563_02_RY618 (CogniteAPI_module_sauter_v1_1.py:107)
2019-05-28 12:17:03.075 [INFO    ] Thread-6. Posting last datapoints: SA2_563_02_RY619 (CogniteAPI_module_sauter_v1_1.py:107)
2019-05-28 12:17:03.295 [INFO    ] Thread-7. Posting last datapoints: SSA2_563_02_618_SB537-538_Y (CogniteAPI_module_sauter_v1_1.py:107)
2019-05-28 12:17:03.506 [INFO    ] Thread-8. Posting last datapoints: SSA2_563_02_619_SB539_SB540_Y (CogniteAPI_module_sauter_v1_1.py:107)
2019-05-28 12:17:03.700 [INFO    ] Thread-9. Posting last datapoints: SA2_563_02_618_SB426_Y (CogniteAPI_module_sauter_v1_1.py:107)
2019-05-28 12:17:03.932 [INFO    ] Thread-10. Posting last datapoints: SA2_563_02_618_SQ415 (CogniteAPI_module_sauter_v1_1.py:107)
2019-05-28 12:17:04.142 [INFO    ] Thread-11. Posting last datapoints: SA2_563_02_619_SB427_Y (CogniteAPI_module_sauter_v1_1.py:107)
2019-05-28 12:17:04.337 [INFO    ] Thread-12. Posting last datapoints: SA2_563_02_619_SQ416 (CogniteAPI_module_sauter_v1_1.py:107)
2019-05-28 12:17:04.557 [INFO    ] Thread-13. Posting last datapoints: SA2_563_06_01_02_RT603 (CogniteAPI_module_sauter_v1_1.py:107)
2019-05-28 12:17:04.772 [INFO    ] Thread-14. Posting last datapoints: SA2_563_06_01_02_RT604 (CogniteAPI_module_sauter_v1_1.py:107)
2019-05-28 12:17:04.975 [INFO    ] Thread-15. Posting last datapoints: SA2_563_06_01_02_RY601 (CogniteAPI_module_sauter_v1_1.py:107)
2019-05-28 12:17:05.177 [INFO    ] Thread-5. Posting last datapoints: SA2_563_06_01_02_RY603 (CogniteAPI_module_sauter_v1_1.py:107)
2019-05-28 12:17:05.394 [INFO    ] Thread-1. Posting last datapoints: SA2_563_06_01_02_SB402_Y (CogniteAPI_module_sauter_v1_1.py:107)
2019-05-28 12:17:05.612 [INFO    ] Thread-4. Posting last datapoints: SA2_563_06_01_02_SB405_Y (CogniteAPI_module_sauter_v1_1.py:107)
2019-05-28 12:17:05.804 [INFO    ] Thread-2. Posting last datapoints: SA2_563_06_01_02_SB406_Y (CogniteAPI_module_sauter_v1_1.py:107)
2019-05-28 12:17:06.023 [INFO    ] Thread-3. Posting last datapoints: SA2_563_06_01_02_SB501_Y (CogniteAPI_module_sauter_v1_1.py:107)
2019-05-28 12:17:06.247 [INFO    ] Thread-6. Posting last datapoints: SA2_563_06_01_02_SB502_Y (CogniteAPI_module_sauter_v1_1.py:107)
2019-05-28 12:17:06.454 [INFO    ] Thread-7. Posting last datapoints: SA2_563_06_01_02_SB503-504_Y (CogniteAPI_module_sauter_v1_1.py:107)
2019-05-28 12:17:06.658 [INFO    ] Thread-8. Posting last datapoints: SA2_563_06_01_02_SB505_Y (CogniteAPI_module_sauter_v1_1.py:107)
2019-05-28 12:17:06.877 [INFO    ] Thread-9. Posting last datapoints: SA2_563_06_01_03_RT601-602 (CogniteAPI_module_sauter_v1_1.py:107)
2019-05-28 12:17:07.077 [INFO    ] Thread-10. Posting last datapoints: SA2_563_06_01_03_RY601 (CogniteAPI_module_sauter_v1_1.py:107)
2019-05-28 12:17:07.290 [INFO    ] Thread-11. Posting last datapoints: SA2_563_06_01_03_SB401-406_Y (CogniteAPI_module_sauter_v1_1.py:107)
2019-05-28 12:17:07.838 [INFO    ] Thread-12. Posting last datapoints: SA1_350_01_RT002 (CogniteAPI_module_sauter_v1_1.py:107)
2019-05-28 12:17:10.138 [INFO    ] Thread-13. Posting last datapoints: SA1_350_01_RT003 (CogniteAPI_module_sauter_v1_1.py:107)
2019-05-28 12:17:12.206 [INFO    ] Thread-14. Posting last datapoints: SA1_350_01_RT004 (CogniteAPI_module_sauter_v1_1.py:107)
2019-05-28 12:17:12.409 [INFO    ] Thread-15. Posting last datapoints: SA2_563_06_01_01_RT602 (CogniteAPI_module_sauter_v1_1.py:107)
2019-05-28 12:17:12.615 [INFO    ] Thread-5. Posting last datapoints: SA2_563_06_01_02_RT601 (CogniteAPI_module_sauter_v1_1.py:107)
2019-05-28 12:17:12.864 [INFO    ] Thread-1. Posting last datapoints: SA2_563_06_01_02_RT602 (CogniteAPI_module_sauter_v1_1.py:107)
2019-05-28 12:17:17.578 [INFO    ] Thread-4. Posting last datapoints: SA1_350_02_RT002 (CogniteAPI_module_sauter_v1_1.py:107)
2019-05-28 12:17:50.093 [INFO    ] Thread-2. Posting last datapoints: SA1_350_02_RT003 (CogniteAPI_module_sauter_v1_1.py:107)
2019-05-28 12:18:03.906 [INFO    ] Thread-3. Posting last datapoints: SA1_350_02_RT004 (CogniteAPI_module_sauter_v1_1.py:107)
2019-05-28 12:18:17.832 [INFO    ] Thread-6. Posting last datapoints: SA2_370_01_IK002_CTRL_PNT_XSC (CogniteAPI_module_sauter_v1_1.py:107)
2019-05-28 12:18:33.452 [INFO    ] Thread-9. Posting last datapoints: SA2_329_01-RT401 (CogniteAPI_module_sauter_v1_1.py:107)
2019-05-28 12:18:42.360 [INFO    ] Thread-10. Posting last datapoints: SA2_329_01-RT501 (CogniteAPI_module_sauter_v1_1.py:107)
2019-05-28 12:18:44.696 [INFO    ] Thread-11. Posting last datapoints: SA2_329_01-RT502 (CogniteAPI_module_sauter_v1_1.py:107)
2019-05-28 12:18:48.006 [INFO    ] Thread-12. Posting last datapoints: SA2_370_01-RT401 (CogniteAPI_module_sauter_v1_1.py:107)
2019-05-28 12:18:49.893 [INFO    ] Thread-13. Posting last datapoints: SA2_370_01-RT501 (CogniteAPI_module_sauter_v1_1.py:107)
2019-05-28 12:18:50.345 [INFO    ] Thread-14. Posting last datapoints: SA2_370_01-RT901 (CogniteAPI_module_sauter_v1_1.py:107)
2019-05-28 12:19:19.366 [INFO    ] Thread-5. Posting last datapoints: SA2_370_01_IK005_COND_EWT (CogniteAPI_module_sauter_v1_1.py:107)
2019-05-28 12:19:34.432 [INFO    ] Thread-4. Posting last datapoints: SA2_370_01_IK001_EWT (CogniteAPI_module_sauter_v1_1.py:107)
2019-05-28 12:19:51.665 [INFO    ] Thread-2. Posting last datapoints: SA2_370_01_IK001_LWT (CogniteAPI_module_sauter_v1_1.py:107)
2019-05-28 12:19:51.721 [INFO    ] Thread-7. Posting last datapoints: SA1_350_02_RT007 (CogniteAPI_module_sauter_v1_1.py:107)
2019-05-28 12:19:52.669 [INFO    ] Thread-3. Posting last datapoints: SA2_370_03-RT501 (CogniteAPI_module_sauter_v1_1.py:107)
2019-05-28 12:20:09.682 [INFO    ] Thread-6. Posting last datapoints: SA2_370_01_IK002_EWT (CogniteAPI_module_sauter_v1_1.py:107)
2019-05-28 12:20:28.913 [INFO    ] Thread-9. Posting last datapoints: SA2_370_01_IK002_LWT (CogniteAPI_module_sauter_v1_1.py:107)
2019-05-28 12:20:43.470 [INFO    ] Thread-10. Posting last datapoints: SA2_370_01_IK003_CTRL_PNT_XSC (CogniteAPI_module_sauter_v1_1.py:107)
2019-05-28 12:21:01.369 [INFO    ] Thread-11. Posting last datapoints: SA2_370_01_IK003_EWT (CogniteAPI_module_sauter_v1_1.py:107)
2019-05-28 12:21:21.326 [INFO    ] Thread-12. Posting last datapoints: SA2_370_01_IK003_LWT (CogniteAPI_module_sauter_v1_1.py:107)
2019-05-28 12:21:35.306 [INFO    ] Thread-13. Posting last datapoints: SA2_370_01_IK004_CTRL_PNT_XSC (CogniteAPI_module_sauter_v1_1.py:107)
2019-05-28 12:21:52.669 [INFO    ] Thread-14. Posting last datapoints: SA2_370_01_IK004_EWT (CogniteAPI_module_sauter_v1_1.py:107)
2019-05-28 12:22:12.636 [INFO    ] Thread-15. Posting last datapoints: SA2_370_01_IK004_LWT (CogniteAPI_module_sauter_v1_1.py:107)
2019-05-28 12:22:24.424 [INFO    ] Thread-1. Posting last datapoints: SA2_370_01_IK001_CTRL_PNT_XSC (CogniteAPI_module_sauter_v1_1.py:107)
2019-05-28 12:22:54.156 [INFO    ] Thread-5. Posting last datapoints: SA2_370_01_IK005_COND_LWT (CogniteAPI_module_sauter_v1_1.py:107)
2019-05-28 12:23:07.625 [INFO    ] Thread-4. Posting last datapoints: SA2_370_01_IK005_CTRL_PNT_XSC (CogniteAPI_module_sauter_v1_1.py:107)
2019-05-28 12:23:24.321 [INFO    ] Thread-2. Posting last datapoints: SA2_370_01_IK005_EWT (CogniteAPI_module_sauter_v1_1.py:107)
2019-05-28 12:23:43.215 [INFO    ] Thread-7. Posting last datapoints: SA2_370_01_IK005_LWT (CogniteAPI_module_sauter_v1_1.py:107)
2019-05-28 12:23:44.700 [INFO    ] Thread-8. Posting last datapoints: SA1_350_02_RT008 (CogniteAPI_module_sauter_v1_1.py:107)
2019-05-28 12:23:47.323 [INFO    ] Thread-3. Posting last datapoints: SA2_370_04-RT501 (CogniteAPI_module_sauter_v1_1.py:107)
2019-05-28 12:23:47.457 [INFO    ] Thread-6. Posting last datapoints: SA2_390_01-RP501 (CogniteAPI_module_sauter_v1_1.py:107)
2019-05-28 12:23:49.808 [INFO    ] Thread-9. Posting last datapoints: SA2_390_01-RT401 (CogniteAPI_module_sauter_v1_1.py:107)
2019-05-28 12:23:52.198 [INFO    ] Thread-10. Posting last datapoints: SA2_390_01-RT501 (CogniteAPI_module_sauter_v1_1.py:107)
2019-05-28 12:23:54.056 [INFO    ] Thread-11. Posting last datapoints: SA2_390_01-RT502 (CogniteAPI_module_sauter_v1_1.py:107)
2019-05-28 12:23:55.687 [INFO    ] Thread-12. Posting last datapoints: SA2_390_01-RT503 (CogniteAPI_module_sauter_v1_1.py:107)
2019-05-28 12:23:55.894 [INFO    ] Thread-13. Posting last datapoints: SA2_563_06_02_02_SB501-502_Y (CogniteAPI_module_sauter_v1_1.py:107)
2019-05-28 12:23:56.105 [INFO    ] Thread-14. Posting last datapoints: SA1_563_06_04_04_RT601 (CogniteAPI_module_sauter_v1_1.py:107)
2019-05-28 12:23:56.318 [INFO    ] Thread-15. Posting last datapoints: SA1_563_06_04_04_RT604 (CogniteAPI_module_sauter_v1_1.py:107)
2019-05-28 12:23:56.529 [INFO    ] Thread-1. Posting last datapoints: SA1_563_06_04_04_RY601 (CogniteAPI_module_sauter_v1_1.py:107)
2019-05-28 12:23:56.732 [INFO    ] Thread-5. Posting last datapoints: SA1_563_06_04_04_RY604 (CogniteAPI_module_sauter_v1_1.py:107)
2019-05-28 12:23:56.958 [INFO    ] Thread-4. Posting last datapoints: SA1_563_06_04_04_SB501-502_Y (CogniteAPI_module_sauter_v1_1.py:107)
2019-05-28 12:23:57.165 [INFO    ] Thread-2. Posting last datapoints: SA1_563_06_04_04_SB504_Y (CogniteAPI_module_sauter_v1_1.py:107)
2019-05-28 12:23:57.388 [INFO    ] Thread-7. Posting last datapoints: SA1_563_06_04_04_SQ404 (CogniteAPI_module_sauter_v1_1.py:107)
2019-05-28 12:23:57.585 [INFO    ] Thread-8. Posting last datapoints: SA1_563_02_02_11_RT602 (CogniteAPI_module_sauter_v1_1.py:107)
2019-05-28 12:23:57.810 [INFO    ] Thread-3. Posting last datapoints: SA1_563_02_02_11_RY602 (CogniteAPI_module_sauter_v1_1.py:107)
2019-05-28 12:23:58.018 [INFO    ] Thread-6. Posting last datapoints: SA1_563_02_02_11_SB404-405_Y (CogniteAPI_module_sauter_v1_1.py:107)
2019-05-28 12:23:58.211 [INFO    ] Thread-9. Posting last datapoints: SA1_563_02_02_11_SQ402 (CogniteAPI_module_sauter_v1_1.py:107)
2019-05-28 12:23:58.423 [INFO    ] Thread-10. Posting last datapoints: SA1_563_02_02_12_RT603 (CogniteAPI_module_sauter_v1_1.py:107)
2019-05-28 12:23:58.633 [INFO    ] Thread-11. Posting last datapoints: SA1_563_02_02_12_RY603 (CogniteAPI_module_sauter_v1_1.py:107)
2019-05-28 12:23:58.850 [INFO    ] Thread-12. Posting last datapoints: SA1_563_02_02_12_SQ403 (CogniteAPI_module_sauter_v1_1.py:107)
2019-05-28 12:23:59.051 [INFO    ] Thread-13. Posting last datapoints: SA1_563_06_01_01_RT601 (CogniteAPI_module_sauter_v1_1.py:107)
2019-05-28 12:23:59.271 [INFO    ] Thread-14. Posting last datapoints: SA1_563_06_01_01_RT602 (CogniteAPI_module_sauter_v1_1.py:107)
2019-05-28 12:23:59.472 [INFO    ] Thread-15. Posting last datapoints: SA1_563_06_01_01_RT603 (CogniteAPI_module_sauter_v1_1.py:107)
2019-05-28 12:23:59.695 [INFO    ] Thread-1. Posting last datapoints: SA1_563_06_01_01_RT604 (CogniteAPI_module_sauter_v1_1.py:107)
2019-05-28 12:23:59.889 [INFO    ] Thread-5. Posting last datapoints: SA1_563_06_01_01_RY601 (CogniteAPI_module_sauter_v1_1.py:107)
2019-05-28 12:24:00.134 [INFO    ] Thread-4. Posting last datapoints: SA1_563_06_01_01_SB405_Y (CogniteAPI_module_sauter_v1_1.py:107)
2019-05-28 12:24:00.324 [INFO    ] Thread-2. Posting last datapoints: SA1_563_06_01_01_SB406_Y (CogniteAPI_module_sauter_v1_1.py:107)
2019-05-28 12:24:00.564 [INFO    ] Thread-7. Posting last datapoints: SA1_563_06_01_01_SB407_Y (CogniteAPI_module_sauter_v1_1.py:107)
2019-05-28 12:24:00.739 [INFO    ] Thread-8. Posting last datapoints: SA1_563_06_01_01_SB501-502_Y (CogniteAPI_module_sauter_v1_1.py:107)
2019-05-28 12:24:00.966 [INFO    ] Thread-3. Posting last datapoints: SA1_563_06_01_01_SB503_Y (CogniteAPI_module_sauter_v1_1.py:107)
2019-05-28 12:24:01.189 [INFO    ] Thread-6. Posting last datapoints: SA1_563_06_01_01_SB505_Y (CogniteAPI_module_sauter_v1_1.py:107)
2019-05-28 12:24:01.402 [INFO    ] Thread-9. Posting last datapoints: SA1_563_06_01_01_SB506_Y (CogniteAPI_module_sauter_v1_1.py:107)
2019-05-28 12:24:01.633 [INFO    ] Thread-10. Posting last datapoints: SA1_563_06_01_01_SQ401 (CogniteAPI_module_sauter_v1_1.py:107)
2019-05-28 12:24:01.844 [INFO    ] Thread-11. Posting last datapoints: SA1_563_06_01_01_SQ501 (CogniteAPI_module_sauter_v1_1.py:107)
2019-05-28 12:24:02.046 [INFO    ] Thread-12. Posting last datapoints: SA1_563_06_05_01_RT601-604 (CogniteAPI_module_sauter_v1_1.py:107)
2019-05-28 12:24:02.245 [INFO    ] Thread-13. Posting last datapoints: SA1_563_06_05_01_RY601 (CogniteAPI_module_sauter_v1_1.py:107)
2019-05-28 12:24:02.462 [INFO    ] Thread-14. Posting last datapoints: SA1_563_06_05_01_SB401_1-404_Y (CogniteAPI_module_sauter_v1_1.py:107)
2019-05-28 12:24:02.685 [INFO    ] Thread-15. Posting last datapoints: SA1_563_06_05_01_SB501-504_Y (CogniteAPI_module_sauter_v1_1.py:107)
2019-05-28 12:24:02.874 [INFO    ] Thread-1. Posting last datapoints: SA1_563_06_05_01_SQ401 (CogniteAPI_module_sauter_v1_1.py:107)
2019-05-28 12:24:03.094 [INFO    ] Thread-5. Posting last datapoints: SA1_563_06_05_02_RT601 (CogniteAPI_module_sauter_v1_1.py:107)
2019-05-28 12:24:03.295 [INFO    ] Thread-4. Posting last datapoints: SA1_563_06_05_02_RY601 (CogniteAPI_module_sauter_v1_1.py:107)
2019-05-28 12:24:03.529 [INFO    ] Thread-2. Posting last datapoints: SA1_563_06_05_02_SB401-402_2_Y (CogniteAPI_module_sauter_v1_1.py:107)
2019-05-28 12:24:03.723 [INFO    ] Thread-7. Posting last datapoints: SA1_563_06_05_02_SB501-502_4_Y (CogniteAPI_module_sauter_v1_1.py:107)
2019-05-28 12:24:03.930 [INFO    ] Thread-8. Posting last datapoints: SA1_563_06_05_02_SQ401 (CogniteAPI_module_sauter_v1_1.py:107)
2019-05-28 12:24:04.156 [INFO    ] Thread-3. Posting last datapoints: SA1_563_06_05_03_RT601-604 (CogniteAPI_module_sauter_v1_1.py:107)
2019-05-28 12:24:04.351 [INFO    ] Thread-6. Posting last datapoints: SA2_563_06_01_03_SB501-504_Y (CogniteAPI_module_sauter_v1_1.py:107)
2019-05-28 12:24:04.610 [INFO    ] Thread-9. Posting last datapoints: SA2_563_06_01_03_SQ401_Y (CogniteAPI_module_sauter_v1_1.py:107)
2019-05-28 12:24:04.770 [INFO    ] Thread-10. Posting last datapoints: SA2_563_06_02_02_RT601 (CogniteAPI_module_sauter_v1_1.py:107)
2019-05-28 12:24:05.040 [INFO    ] Thread-11. Posting last datapoints: SA2_563_06_02_02_RY601 (CogniteAPI_module_sauter_v1_1.py:107)
2019-05-28 12:24:05.195 [INFO    ] Thread-12. Posting last datapoints: SA2_563_06_02_02_SB401-402_Y (CogniteAPI_module_sauter_v1_1.py:107)
2019-05-28 12:24:05.402 [INFO    ] Thread-13. Posting last datapoints: SA2_563_06_02_03_RT601-602 (CogniteAPI_module_sauter_v1_1.py:107)
2019-05-28 12:24:05.632 [INFO    ] Thread-14. Posting last datapoints: SA2_563_06_02_03_RY601 (CogniteAPI_module_sauter_v1_1.py:107)
2019-05-28 12:24:05.819 [INFO    ] Thread-15. Posting last datapoints: SA2_563_06_02_03_SB401-406_Y (CogniteAPI_module_sauter_v1_1.py:107)
2019-05-28 12:24:06.039 [INFO    ] Thread-1. Posting last datapoints: SA2_563_06_02_03_SB501-505_Y (CogniteAPI_module_sauter_v1_1.py:107)
2019-05-28 12:24:06.253 [INFO    ] Thread-5. Posting last datapoints: SA2_563_06_02_03_SQ401_Y (CogniteAPI_module_sauter_v1_1.py:107)
2019-05-28 12:24:06.478 [INFO    ] Thread-4. Posting last datapoints: SA2_563_06_02_04_RT601 (CogniteAPI_module_sauter_v1_1.py:107)
2019-05-28 12:24:06.700 [INFO    ] Thread-2. Posting last datapoints: SA2_563_06_02_04_RY601 (CogniteAPI_module_sauter_v1_1.py:107)
2019-05-28 12:24:06.910 [INFO    ] Thread-7. Posting last datapoints: SA2_563_06_02_04_SB401_Y (CogniteAPI_module_sauter_v1_1.py:107)
2019-05-28 12:24:07.097 [INFO    ] Thread-8. Posting last datapoints: SA2_563_06_02_04_SB501_Y (CogniteAPI_module_sauter_v1_1.py:107)
2019-05-28 12:24:07.311 [INFO    ] Thread-3. Posting last datapoints: SA2_563_06_03_01_RT601-602 (CogniteAPI_module_sauter_v1_1.py:107)
2019-05-28 12:24:07.521 [INFO    ] Thread-6. Posting last datapoints: SA2_563_06_03_01_RT602 (CogniteAPI_module_sauter_v1_1.py:107)
2019-05-28 12:24:07.726 [INFO    ] Thread-9. Posting last datapoints: SA2_563_06_03_01_RY601 (CogniteAPI_module_sauter_v1_1.py:107)
2019-05-28 12:24:07.970 [INFO    ] Thread-10. Posting last datapoints: SA2_563_06_03_01_SB401-403_Y (CogniteAPI_module_sauter_v1_1.py:107)
2019-05-28 12:24:08.159 [INFO    ] Thread-11. Posting last datapoints: SA2_563_06_03_01_SB406_Y (CogniteAPI_module_sauter_v1_1.py:107)
2019-05-28 12:24:08.369 [INFO    ] Thread-12. Posting last datapoints: SA2_563_06_03_01_SB501-502_Y (CogniteAPI_module_sauter_v1_1.py:107)
2019-05-28 12:24:08.574 [INFO    ] Thread-13. Posting last datapoints: SA2_563_06_03_01_SB505_Y (CogniteAPI_module_sauter_v1_1.py:107)
2019-05-28 12:24:08.785 [INFO    ] Thread-14. Posting last datapoints: SA2_563_06_03_01_SQ401_Y (CogniteAPI_module_sauter_v1_1.py:107)
2019-05-28 12:24:09.003 [INFO    ] Thread-15. Posting last datapoints: SA2_563_06_03_02_RT601 (CogniteAPI_module_sauter_v1_1.py:107)
2019-05-28 12:24:09.241 [INFO    ] Thread-1. Posting last datapoints: SA2_563_06_03_02_RY601 (CogniteAPI_module_sauter_v1_1.py:107)
2019-05-28 12:24:09.435 [INFO    ] Thread-5. Posting last datapoints: SA2_563_06_03_02_SB401_Y (CogniteAPI_module_sauter_v1_1.py:107)
2019-05-28 12:24:09.656 [INFO    ] Thread-4. Posting last datapoints: SA2_563_06_03_02_SB501_Y (CogniteAPI_module_sauter_v1_1.py:107)
2019-05-28 12:24:09.849 [INFO    ] Thread-2. Posting last datapoints: SA2_563_06_03_02_SQ401_Y (CogniteAPI_module_sauter_v1_1.py:107)
2019-05-28 12:24:10.048 [INFO    ] Thread-7. Posting last datapoints: SA2_563_06_03_04_RT601 (CogniteAPI_module_sauter_v1_1.py:107)
2019-05-28 12:24:10.255 [INFO    ] Thread-8. Posting last datapoints: SA2_563_06_03_04_RY601 (CogniteAPI_module_sauter_v1_1.py:107)
2019-05-28 12:24:10.493 [INFO    ] Thread-3. Posting last datapoints: SA2_563_06_03_04_SB401-402_Y (CogniteAPI_module_sauter_v1_1.py:107)
2019-05-28 12:24:10.680 [INFO    ] Thread-6. Posting last datapoints: SA2_563_06_03_04_SB501-502_Y (CogniteAPI_module_sauter_v1_1.py:107)
2019-05-28 12:24:10.894 [INFO    ] Thread-9. Posting last datapoints: SA2_563_06_03_04_SQ401_Y (CogniteAPI_module_sauter_v1_1.py:107)
2019-05-28 12:24:11.137 [INFO    ] Thread-10. Posting last datapoints: SA2_563_06_04_03_RT601 (CogniteAPI_module_sauter_v1_1.py:107)
2019-05-28 12:24:11.307 [INFO    ] Thread-11. Posting last datapoints: SA2_563_06_04_03_RY601 (CogniteAPI_module_sauter_v1_1.py:107)
2019-05-28 12:24:11.523 [INFO    ] Thread-12. Posting last datapoints: SA2_563_06_04_03_SB401_Y (CogniteAPI_module_sauter_v1_1.py:107)
2019-05-28 12:24:11.740 [INFO    ] Thread-13. Posting last datapoints: SA2_563_06_04_03_SB501_Y (CogniteAPI_module_sauter_v1_1.py:107)
2019-05-28 12:24:11.957 [INFO    ] Thread-14. Posting last datapoints: SA2_563_06_04_03_SQ401_Y (CogniteAPI_module_sauter_v1_1.py:107)
2019-05-28 12:24:12.163 [INFO    ] Thread-15. Posting last datapoints: SA2_563_06_05_01_RT601-602 (CogniteAPI_module_sauter_v1_1.py:107)
2019-05-28 12:24:12.372 [INFO    ] Thread-1. Posting last datapoints: SA2_563_06_05_01_RT603 (CogniteAPI_module_sauter_v1_1.py:107)
2019-05-28 12:24:12.584 [INFO    ] Thread-5. Posting last datapoints: SA2_563_06_05_01_RY601 (CogniteAPI_module_sauter_v1_1.py:107)
2019-05-28 12:24:12.803 [INFO    ] Thread-4. Posting last datapoints: SA2_563_06_05_01_RY602 (CogniteAPI_module_sauter_v1_1.py:107)
2019-05-28 12:24:13.000 [INFO    ] Thread-2. Posting last datapoints: SA2_563_06_05_01_SB401-408_Y (CogniteAPI_module_sauter_v1_1.py:107)
2019-05-28 12:24:13.210 [INFO    ] Thread-7. Posting last datapoints: SA2_563_06_05_01_SB409_Y (CogniteAPI_module_sauter_v1_1.py:107)
2019-05-28 12:24:13.417 [INFO    ] Thread-8. Posting last datapoints: SA2_563_06_05_01_SB501-506_Y (CogniteAPI_module_sauter_v1_1.py:107)
2019-05-28 12:24:13.628 [INFO    ] Thread-3. Posting last datapoints: SA2_563_06_05_01_SB507_Y (CogniteAPI_module_sauter_v1_1.py:107)
2019-05-28 12:24:26.256 [INFO    ] Thread-6. Posting last datapoints: SA2_563_06_05_01_SQ401_Y (CogniteAPI_module_sauter_v1_1.py:107)
2019-05-28 12:24:26.430 [INFO    ] Thread-9. Posting last datapoints: SA2_563_06_05_01_SQ402_Y (CogniteAPI_module_sauter_v1_1.py:107)
2019-05-28 12:24:26.647 [INFO    ] Thread-10. Posting last datapoints: SA2_563_06_05_02_RT601 (CogniteAPI_module_sauter_v1_1.py:107)
2019-05-28 12:24:26.859 [INFO    ] Thread-11. Posting last datapoints: SA2_563_06_05_02_RY601 (CogniteAPI_module_sauter_v1_1.py:107)
2019-05-28 12:24:27.063 [INFO    ] Thread-12. Posting last datapoints: SA2_563_06_05_02_SB401_Y (CogniteAPI_module_sauter_v1_1.py:107)
2019-05-28 12:24:27.279 [INFO    ] Thread-13. Posting last datapoints: SA2_563_06_05_02_SB501_Y (CogniteAPI_module_sauter_v1_1.py:107)
2019-05-28 12:24:27.484 [INFO    ] Thread-14. Posting last datapoints: SA2_563_06_05_02_SQ401_Y (CogniteAPI_module_sauter_v1_1.py:107)
2019-05-28 12:24:27.688 [INFO    ] Thread-15. Posting last datapoints: SA2_563_06_05_02_SQ501_Y (CogniteAPI_module_sauter_v1_1.py:107)
2019-05-28 12:24:27.900 [INFO    ] Thread-1. Posting last datapoints: SA2_563_06_05_03_RT601-602 (CogniteAPI_module_sauter_v1_1.py:107)
2019-05-28 12:24:28.102 [INFO    ] Thread-5. Posting last datapoints: SA2_563_06_05_03_RY601 (CogniteAPI_module_sauter_v1_1.py:107)
2019-05-28 12:24:28.333 [INFO    ] Thread-4. Posting last datapoints: SA2_563_06_05_03_SB401-404_Y (CogniteAPI_module_sauter_v1_1.py:107)
2019-05-28 12:24:28.540 [INFO    ] Thread-2. Posting last datapoints: SA2_563_06_05_03_SB501-504_Y (CogniteAPI_module_sauter_v1_1.py:107)
2019-05-28 12:24:28.742 [INFO    ] Thread-7. Posting last datapoints: SA2_563_06_05_03_SQ401_Y (CogniteAPI_module_sauter_v1_1.py:107)
2019-05-28 12:24:28.964 [INFO    ] Thread-8. Posting last datapoints: SA2_563_06_05_04_RT601 (CogniteAPI_module_sauter_v1_1.py:107)
2019-05-28 12:24:29.172 [INFO    ] Thread-3. Posting last datapoints: SA2_563_06_05_04_RY601 (CogniteAPI_module_sauter_v1_1.py:107)
2019-05-28 12:24:29.385 [INFO    ] Thread-6. Posting last datapoints: SA2_563_06_05_04_SB401_Y (CogniteAPI_module_sauter_v1_1.py:107)
2019-05-28 12:24:29.595 [INFO    ] Thread-9. Posting last datapoints: SA2_563_06_05_04_SB501_Y (CogniteAPI_module_sauter_v1_1.py:107)
2019-05-28 12:24:29.811 [INFO    ] Thread-10. Posting last datapoints: SA2_563_06_05_04_SQ401_Y (CogniteAPI_module_sauter_v1_1.py:107)
2019-05-28 12:24:30.161 [INFO    ] Thread-11. Posting last datapoints: SA2_563_06_05_05_RT601 (CogniteAPI_module_sauter_v1_1.py:107)
2019-05-28 12:24:30.223 [INFO    ] Thread-12. Posting last datapoints: SA2_563_06_05_05_RY601 (CogniteAPI_module_sauter_v1_1.py:107)
2019-05-28 12:24:30.435 [INFO    ] Thread-13. Posting last datapoints: SA2_563_06_05_05_SB401_Y (CogniteAPI_module_sauter_v1_1.py:107)
2019-05-28 12:24:30.649 [INFO    ] Thread-14. Posting last datapoints: SA2_563_06_05_05_SB501_Y (CogniteAPI_module_sauter_v1_1.py:107)
2019-05-28 12:24:30.852 [INFO    ] Thread-15. Posting last datapoints: SA2_563_06_05_05_SQ401_Y (CogniteAPI_module_sauter_v1_1.py:107)
2019-05-28 12:24:31.076 [INFO    ] Thread-1. Posting last datapoints: SA2_563_06_05_06_RY601 (CogniteAPI_module_sauter_v1_1.py:107)
2019-05-28 12:24:31.304 [INFO    ] Thread-5. Posting last datapoints: SA2_563_06_05_06_SB501-502_Y (CogniteAPI_module_sauter_v1_1.py:107)
2019-05-28 12:24:31.503 [INFO    ] Thread-4. Posting last datapoints: SA2_563_06_05_06_SQ401_Y (CogniteAPI_module_sauter_v1_1.py:107)
2019-05-28 12:24:31.688 [INFO    ] Thread-2. Posting last datapoints: SA2_563_06_05_07_RT601 (CogniteAPI_module_sauter_v1_1.py:107)
2019-05-28 12:24:31.907 [INFO    ] Thread-7. Posting last datapoints: SA2_563_06_05_07_RY601 (CogniteAPI_module_sauter_v1_1.py:107)
2019-05-28 12:24:32.123 [INFO    ] Thread-8. Posting last datapoints: SA2_563_06_05_07_SB401-402,407_Y (CogniteAPI_module_sauter_v1_1.py:107)
2019-05-28 12:24:32.343 [INFO    ] Thread-3. Posting last datapoints: SA2_563_06_05_07_SQ401_Y (CogniteAPI_module_sauter_v1_1.py:107)
2019-05-28 12:24:32.540 [INFO    ] Thread-6. Posting last datapoints: SA1_563_06_03_01_RT601-604 (CogniteAPI_module_sauter_v1_1.py:107)
2019-05-28 12:24:32.745 [INFO    ] Thread-9. Posting last datapoints: SA1_563_06_03_01_RY601 (CogniteAPI_module_sauter_v1_1.py:107)
2019-05-28 12:24:32.969 [INFO    ] Thread-10. Posting last datapoints: SA1_563_06_03_01_SB401-404_Y (CogniteAPI_module_sauter_v1_1.py:107)
2019-05-28 12:24:33.175 [INFO    ] Thread-11. Posting last datapoints: SA1_563_06_03_01_SB501-504_Y (CogniteAPI_module_sauter_v1_1.py:107)
2019-05-28 12:24:33.379 [INFO    ] Thread-12. Posting last datapoints: SA1_563_06_03_01_SQ401 (CogniteAPI_module_sauter_v1_1.py:107)
2019-05-28 12:24:33.588 [INFO    ] Thread-13. Posting last datapoints: SA1_563_06_03_02_RT601 (CogniteAPI_module_sauter_v1_1.py:107)
2019-05-28 12:24:33.816 [INFO    ] Thread-14. Posting last datapoints: SA1_563_06_03_02_RT602 (CogniteAPI_module_sauter_v1_1.py:107)
2019-05-28 12:24:34.019 [INFO    ] Thread-15. Posting last datapoints: SA1_563_06_03_02_RT603 (CogniteAPI_module_sauter_v1_1.py:107)
2019-05-28 12:24:34.240 [INFO    ] Thread-1. Posting last datapoints: SA1_563_06_03_02_RY601 (CogniteAPI_module_sauter_v1_1.py:107)
2019-05-28 12:24:34.444 [INFO    ] Thread-5. Posting last datapoints: SA1_563_06_03_02_RY602 (CogniteAPI_module_sauter_v1_1.py:107)
2019-05-28 12:24:34.637 [INFO    ] Thread-4. Posting last datapoints: SA1_563_06_03_02_RY603 (CogniteAPI_module_sauter_v1_1.py:107)
2019-05-28 12:24:34.869 [INFO    ] Thread-2. Posting last datapoints: SA1_563_06_03_02_SB401_Y (CogniteAPI_module_sauter_v1_1.py:107)
2019-05-28 12:24:35.077 [INFO    ] Thread-7. Posting last datapoints: SA1_563_06_03_02_SB402_Y (CogniteAPI_module_sauter_v1_1.py:107)
2019-05-28 12:24:35.285 [INFO    ] Thread-8. Posting last datapoints: SA1_563_06_03_02_SB403-404_Y (CogniteAPI_module_sauter_v1_1.py:107)
2019-05-28 12:24:35.594 [INFO    ] Thread-3. Posting last datapoints: SA1_563_06_03_02_SB501_Y (CogniteAPI_module_sauter_v1_1.py:107)
2019-05-28 12:24:35.712 [INFO    ] Thread-6. Posting last datapoints: SA1_563_06_03_02_SB502_Y (CogniteAPI_module_sauter_v1_1.py:107)
2019-05-28 12:24:35.916 [INFO    ] Thread-9. Posting last datapoints: SA1_563_06_03_02_SB503-504_Y (CogniteAPI_module_sauter_v1_1.py:107)
2019-05-28 12:24:36.127 [INFO    ] Thread-10. Posting last datapoints: SA1_563_06_03_02_SQ401 (CogniteAPI_module_sauter_v1_1.py:107)
2019-05-28 12:24:36.338 [INFO    ] Thread-11. Posting last datapoints: SA1_563_06_03_02_SQ403 (CogniteAPI_module_sauter_v1_1.py:107)
2019-05-28 12:24:36.550 [INFO    ] Thread-12. Posting last datapoints: SA2_563_06_04_01_RT601 (CogniteAPI_module_sauter_v1_1.py:107)
2019-05-28 12:24:36.757 [INFO    ] Thread-13. Posting last datapoints: SA2_563_06_04_01_SB501_Y (CogniteAPI_module_sauter_v1_1.py:107)
2019-05-28 12:24:36.970 [INFO    ] Thread-14. Posting last datapoints: SA2_563_06_04_01_SQ401_Y (CogniteAPI_module_sauter_v1_1.py:107)
2019-05-28 12:24:37.177 [INFO    ] Thread-15. Posting last datapoints: SA2_563_06_04_02_RT601 (CogniteAPI_module_sauter_v1_1.py:107)
2019-05-28 12:24:37.406 [INFO    ] Thread-1. Posting last datapoints: SA2_563_06_04_02_RY601 (CogniteAPI_module_sauter_v1_1.py:107)
2019-05-28 12:24:37.606 [INFO    ] Thread-5. Posting last datapoints: SA1_563_06_03_03_RT601-604 (CogniteAPI_module_sauter_v1_1.py:107)
2019-05-28 12:24:37.824 [INFO    ] Thread-4. Posting last datapoints: SA2_563_06_04_02_SB501_Y (CogniteAPI_module_sauter_v1_1.py:107)
2019-05-28 12:24:38.027 [INFO    ] Thread-2. Posting last datapoints: SA2_563_06_04_02_SQ401_Y (CogniteAPI_module_sauter_v1_1.py:107)
2019-05-28 12:24:38.240 [INFO    ] Thread-7. Posting last datapoints: SA1_563_06_03_03_RY601 (CogniteAPI_module_sauter_v1_1.py:107)
2019-05-28 12:24:38.460 [INFO    ] Thread-8. Posting last datapoints: SA1_563_06_03_03_SB401-404_Y (CogniteAPI_module_sauter_v1_1.py:107)
2019-05-28 12:24:38.683 [INFO    ] Thread-3. Posting last datapoints: SA1_563_06_03_03_SB501-504_Y (CogniteAPI_module_sauter_v1_1.py:107)
2019-05-28 12:24:38.888 [INFO    ] Thread-6. Posting last datapoints: SA1_563_06_03_06_RY601 (CogniteAPI_module_sauter_v1_1.py:107)
2019-05-28 12:24:39.076 [INFO    ] Thread-9. Posting last datapoints: SA1_563_06_03_06_SB401-402_1_402_2_Y (CogniteAPI_module_sauter_v1_1.py:107)
2019-05-28 12:24:39.309 [INFO    ] Thread-10. Posting last datapoints: SA1_563_06_03_06_SB501-502_Y (CogniteAPI_module_sauter_v1_1.py:107)
2019-05-28 12:24:39.503 [INFO    ] Thread-11. Posting last datapoints: SA1_563_06_03_06_SQ401 (CogniteAPI_module_sauter_v1_1.py:107)
2019-05-28 12:24:39.729 [INFO    ] Thread-12. Posting last datapoints: SA1_563_06_04_01_RT601 (CogniteAPI_module_sauter_v1_1.py:107)
2019-05-28 12:24:40.004 [INFO    ] Thread-13. Posting last datapoints: SA1_563_06_04_01_RT603 (CogniteAPI_module_sauter_v1_1.py:107)
2019-05-28 12:24:40.213 [INFO    ] Thread-14. Posting last datapoints: SA1_563_06_04_01_RY601 (CogniteAPI_module_sauter_v1_1.py:107)
2019-05-28 12:24:40.428 [INFO    ] Thread-15. Posting last datapoints: SA1_563_06_04_01_RY603 (CogniteAPI_module_sauter_v1_1.py:107)
2019-05-28 12:24:40.634 [INFO    ] Thread-1. Posting last datapoints: SA1_563_06_04_01_SB501-502_Y (CogniteAPI_module_sauter_v1_1.py:107)
2019-05-28 12:24:40.847 [INFO    ] Thread-5. Posting last datapoints: SA1_563_06_04_01_SB503-504_Y (CogniteAPI_module_sauter_v1_1.py:107)
2019-05-28 12:24:41.047 [INFO    ] Thread-4. Posting last datapoints: SA1_563_06_04_01_SQ401 (CogniteAPI_module_sauter_v1_1.py:107)
2019-05-28 12:24:41.264 [INFO    ] Thread-2. Posting last datapoints: SA1_563_06_04_01_SQ403 (CogniteAPI_module_sauter_v1_1.py:107)
2019-05-28 12:24:41.479 [INFO    ] Thread-7. Posting last datapoints: SA1_563_06_04_02_RT601 (CogniteAPI_module_sauter_v1_1.py:107)
2019-05-28 12:24:41.689 [INFO    ] Thread-8. Posting last datapoints: SA1_563_06_04_02_RT602 (CogniteAPI_module_sauter_v1_1.py:107)
2019-05-28 12:24:41.894 [INFO    ] Thread-3. Posting last datapoints: SA1_563_06_04_02_RT604 (CogniteAPI_module_sauter_v1_1.py:107)
2019-05-28 12:24:42.103 [INFO    ] Thread-6. Posting last datapoints: SA1_563_06_04_02_RY602 (CogniteAPI_module_sauter_v1_1.py:107)
2019-05-28 12:24:42.301 [INFO    ] Thread-9. Posting last datapoints: SA1_563_06_04_02_SB502-503_Y (CogniteAPI_module_sauter_v1_1.py:107)
2019-05-28 12:24:42.523 [INFO    ] Thread-10. Posting last datapoints: SA1_563_06_04_02_SB504_Y (CogniteAPI_module_sauter_v1_1.py:107)
2019-05-28 12:24:42.725 [INFO    ] Thread-11. Posting last datapoints: SA1_563_06_04_02_SQ402 (CogniteAPI_module_sauter_v1_1.py:107)
2019-05-28 12:24:42.946 [INFO    ] Thread-12. Posting last datapoints: SA1_563_06_04_03_RT601 (CogniteAPI_module_sauter_v1_1.py:107)
2019-05-28 12:24:43.142 [INFO    ] Thread-13. Posting last datapoints: SA1_563_06_04_03_RY601 (CogniteAPI_module_sauter_v1_1.py:107)
2019-05-28 12:24:43.423 [INFO    ] Thread-14. Posting last datapoints: SA1_563_06_04_03_SB501-504_Y (CogniteAPI_module_sauter_v1_1.py:107)
2019-05-28 12:24:43.569 [INFO    ] Thread-15. Posting last datapoints: SA1_563_06_04_03_SQ402 (CogniteAPI_module_sauter_v1_1.py:107)
2019-05-28 12:24:43.781 [INFO    ] Thread-1. Posting last datapoints: SA1_563_06_05_03_RY601 (CogniteAPI_module_sauter_v1_1.py:107)
2019-05-28 12:24:43.983 [INFO    ] Thread-5. Posting last datapoints: SA1_563_06_05_03_SB401_1-404_Y (CogniteAPI_module_sauter_v1_1.py:107)
2019-05-28 12:24:44.201 [INFO    ] Thread-4. Posting last datapoints: SA1_563_06_05_03_SB501-504_Y (CogniteAPI_module_sauter_v1_1.py:107)
2019-05-28 12:24:44.400 [INFO    ] Thread-2. Posting last datapoints: SA1_563_06_05_03_SQ401 (CogniteAPI_module_sauter_v1_1.py:107)
2019-05-28 12:24:44.619 [INFO    ] Thread-7. Posting last datapoints: SA1_563_06_05_04_RT601 (CogniteAPI_module_sauter_v1_1.py:107)
2019-05-28 12:24:44.823 [INFO    ] Thread-8. Posting last datapoints: SA1_563_06_05_04_RY601 (CogniteAPI_module_sauter_v1_1.py:107)
2019-05-28 12:24:45.036 [INFO    ] Thread-3. Posting last datapoints: SA1_563_06_05_04_SQ401 (CogniteAPI_module_sauter_v1_1.py:107)
2019-05-28 12:24:45.255 [INFO    ] Thread-6. Posting last datapoints: SA1_563_06_02_01_RT601 (CogniteAPI_module_sauter_v1_1.py:107)
2019-05-28 12:24:45.451 [INFO    ] Thread-9. Posting last datapoints: SA1_563_06_02_01_RT603-604 (CogniteAPI_module_sauter_v1_1.py:107)
2019-05-28 12:24:45.686 [INFO    ] Thread-10. Posting last datapoints: SA1_563_06_02_01_RY601 (CogniteAPI_module_sauter_v1_1.py:107)
2019-05-28 12:24:45.866 [INFO    ] Thread-11. Posting last datapoints: SA1_563_06_02_01_RY604 (CogniteAPI_module_sauter_v1_1.py:107)
2019-05-28 12:24:46.087 [INFO    ] Thread-12. Posting last datapoints: SA1_563_06_02_01_SB403_1-403_7_Y (CogniteAPI_module_sauter_v1_1.py:107)
2019-05-28 12:24:46.298 [INFO    ] Thread-13. Posting last datapoints: SA1_563_06_02_01_SB501_1-501_6_Y (CogniteAPI_module_sauter_v1_1.py:107)
2019-05-28 12:24:46.522 [INFO    ] Thread-14. Posting last datapoints: SA1_563_06_02_01_SB503_1-503_4_Y (CogniteAPI_module_sauter_v1_1.py:107)
2019-05-28 12:24:46.736 [INFO    ] Thread-15. Posting last datapoints: SA1_563_06_02_01_SQ402 (CogniteAPI_module_sauter_v1_1.py:107)
2019-05-28 12:24:46.931 [INFO    ] Thread-1. Posting last datapoints: SA1_563_06_02_01_SQ401 (CogniteAPI_module_sauter_v1_1.py:107)
2019-05-28 12:24:47.160 [INFO    ] Thread-5. Posting last datapoints: SA1_563_02_01_03_RT601 (CogniteAPI_module_sauter_v1_1.py:107)
2019-05-28 12:24:47.350 [INFO    ] Thread-4. Posting last datapoints: SA1_563_02_01_03_RT602 (CogniteAPI_module_sauter_v1_1.py:107)
2019-05-28 12:24:47.567 [INFO    ] Thread-2. Posting last datapoints: SA1_563_02_01_03_RT603 (CogniteAPI_module_sauter_v1_1.py:107)
2019-05-28 12:24:47.768 [INFO    ] Thread-7. Posting last datapoints: SA1_563_02_01_03_RT604 (CogniteAPI_module_sauter_v1_1.py:107)
2019-05-28 12:24:47.978 [INFO    ] Thread-8. Posting last datapoints: SA1_563_02_01_03_RY601 (CogniteAPI_module_sauter_v1_1.py:107)
2019-05-28 12:24:48.179 [INFO    ] Thread-3. Posting last datapoints: SA1_563_02_01_03_RY602 (CogniteAPI_module_sauter_v1_1.py:107)
2019-05-28 12:24:48.403 [INFO    ] Thread-6. Posting last datapoints: SA1_563_02_01_03_RY604 (CogniteAPI_module_sauter_v1_1.py:107)
2019-05-28 12:24:48.599 [INFO    ] Thread-9. Posting last datapoints: SA1_563_02_01_03_SB401_Y (CogniteAPI_module_sauter_v1_1.py:107)
2019-05-28 12:24:48.806 [INFO    ] Thread-10. Posting last datapoints: SA1_563_02_01_03_SB402-404_Y (CogniteAPI_module_sauter_v1_1.py:107)
2019-05-28 12:24:49.019 [INFO    ] Thread-11. Posting last datapoints: SA1_563_02_01_03_SB501-502_Y (CogniteAPI_module_sauter_v1_1.py:107)
2019-05-28 12:24:49.249 [INFO    ] Thread-12. Posting last datapoints: SA1_563_02_01_03_SB503-505_Y (CogniteAPI_module_sauter_v1_1.py:107)
2019-05-28 12:24:49.446 [INFO    ] Thread-13. Posting last datapoints: SA1_563_02_01_03_SQ401 (CogniteAPI_module_sauter_v1_1.py:107)
2019-05-28 12:24:49.656 [INFO    ] Thread-14. Posting last datapoints: SA1_563_02_01_03_SQ402 (CogniteAPI_module_sauter_v1_1.py:107)
2019-05-28 12:24:49.861 [INFO    ] Thread-15. Posting last datapoints: SA1_563_02_01_03_SQ501 (CogniteAPI_module_sauter_v1_1.py:107)
2019-05-28 12:24:50.073 [INFO    ] Thread-1. Posting last datapoints: SA1_563_02_01_04_601_SB401-404_Y (CogniteAPI_module_sauter_v1_1.py:107)
2019-05-28 12:24:50.294 [INFO    ] Thread-5. Posting last datapoints: SA1_563_02_01_04_RT601 (CogniteAPI_module_sauter_v1_1.py:107)
2019-05-28 12:24:50.515 [INFO    ] Thread-4. Posting last datapoints: SA1_563_02_01_04_RY601 (CogniteAPI_module_sauter_v1_1.py:107)
2019-05-28 12:24:50.709 [INFO    ] Thread-2. Posting last datapoints: SA1_563_02_01_04_SB501-504_Y (CogniteAPI_module_sauter_v1_1.py:107)
2019-05-28 12:24:50.933 [INFO    ] Thread-7. Posting last datapoints: SA1_563_02_01_04_SQ401 (CogniteAPI_module_sauter_v1_1.py:107)
2019-05-28 12:24:51.119 [INFO    ] Thread-8. Posting last datapoints: SA1_563_02_01_04_SQ501 (CogniteAPI_module_sauter_v1_1.py:107)
2019-05-28 12:24:51.346 [INFO    ] Thread-3. Posting last datapoints: SA1_563_02_01_05_RT601 (CogniteAPI_module_sauter_v1_1.py:107)
2019-05-28 12:24:51.563 [INFO    ] Thread-6. Posting last datapoints: SA1_563_02_01_05_RT602 (CogniteAPI_module_sauter_v1_1.py:107)
2019-05-28 12:24:51.763 [INFO    ] Thread-9. Posting last datapoints: SA1_563_02_01_05_RT603 (CogniteAPI_module_sauter_v1_1.py:107)
2019-05-28 12:24:51.971 [INFO    ] Thread-10. Posting last datapoints: SA1_563_02_01_05_RY601 (CogniteAPI_module_sauter_v1_1.py:107)
2019-05-28 12:24:52.188 [INFO    ] Thread-11. Posting last datapoints: SA1_563_02_01_05_RY602 (CogniteAPI_module_sauter_v1_1.py:107)
2019-05-28 12:24:52.398 [INFO    ] Thread-12. Posting last datapoints: SA1_563_02_01_05_RY603 (CogniteAPI_module_sauter_v1_1.py:107)
2019-05-28 12:24:52.614 [INFO    ] Thread-13. Posting last datapoints: SA1_563_02_01_05_SQ401 (CogniteAPI_module_sauter_v1_1.py:107)
2019-05-28 12:24:52.881 [INFO    ] Thread-14. Posting last datapoints: SA1_563_02_01_05_SQ402 (CogniteAPI_module_sauter_v1_1.py:107)
2019-05-28 12:24:53.038 [INFO    ] Thread-15. Posting last datapoints: SA1_563_02_01_06_601_SB401-404_Y (CogniteAPI_module_sauter_v1_1.py:107)
2019-05-28 12:24:53.243 [INFO    ] Thread-1. Posting last datapoints: SA1_563_02_01_06_RT601 (CogniteAPI_module_sauter_v1_1.py:107)
2019-05-28 12:24:53.455 [INFO    ] Thread-5. Posting last datapoints: SA1_563_02_01_06_RY601 (CogniteAPI_module_sauter_v1_1.py:107)
2019-05-28 12:24:53.674 [INFO    ] Thread-4. Posting last datapoints: SA1_563_02_01_06_SB501-504_Y (CogniteAPI_module_sauter_v1_1.py:107)
2019-05-28 12:24:53.882 [INFO    ] Thread-2. Posting last datapoints: SA1_563_02_01_07_601_SB401-405_Y (CogniteAPI_module_sauter_v1_1.py:107)
2019-05-28 12:24:54.083 [INFO    ] Thread-7. Posting last datapoints: SA1_563_02_01_07_RT601 (CogniteAPI_module_sauter_v1_1.py:107)
2019-05-28 12:24:54.320 [INFO    ] Thread-8. Posting last datapoints: SA1_563_02_01_07_RY601 (CogniteAPI_module_sauter_v1_1.py:107)
2019-05-28 12:24:54.498 [INFO    ] Thread-3. Posting last datapoints: SA1_563_02_01_07_SB501-506_Y (CogniteAPI_module_sauter_v1_1.py:107)
2019-05-28 12:24:54.717 [INFO    ] Thread-6. Posting last datapoints: SA1_563_02_01_07_SQ401 (CogniteAPI_module_sauter_v1_1.py:107)
2019-05-28 12:24:54.926 [INFO    ] Thread-9. Posting last datapoints: SA1_563_02_01_07_SQ402 (CogniteAPI_module_sauter_v1_1.py:107)
2019-05-28 12:24:55.145 [INFO    ] Thread-10. Posting last datapoints: SA1_563_02_01_08_RT601 (CogniteAPI_module_sauter_v1_1.py:107)
2019-05-28 12:24:55.357 [INFO    ] Thread-11. Posting last datapoints: SA1_563_02_01_08_RT602 (CogniteAPI_module_sauter_v1_1.py:107)
2019-05-28 12:24:55.559 [INFO    ] Thread-12. Posting last datapoints: SA1_563_02_01_08_RT603 (CogniteAPI_module_sauter_v1_1.py:107)
2019-05-28 12:24:55.771 [INFO    ] Thread-13. Posting last datapoints: SA1_563_02_01_08_RT604 (CogniteAPI_module_sauter_v1_1.py:107)
2019-05-28 12:24:55.984 [INFO    ] Thread-14. Posting last datapoints: SA1_563_02_01_08_RY601 (CogniteAPI_module_sauter_v1_1.py:107)
2019-05-28 12:24:56.192 [INFO    ] Thread-15. Posting last datapoints: SA1_563_02_01_08_RY602 (CogniteAPI_module_sauter_v1_1.py:107)
2019-05-28 12:24:56.400 [INFO    ] Thread-1. Posting last datapoints: SA1_563_02_01_08_SQ401 (CogniteAPI_module_sauter_v1_1.py:107)
2019-05-28 12:24:56.606 [INFO    ] Thread-5. Posting last datapoints: SA1_563_02_01_08_SQ402 (CogniteAPI_module_sauter_v1_1.py:107)
2019-05-28 12:24:56.811 [INFO    ] Thread-4. Posting last datapoints: SA1_563_02_01_09_601_SB401-406_Y (CogniteAPI_module_sauter_v1_1.py:107)
2019-05-28 12:24:57.024 [INFO    ] Thread-2. Posting last datapoints: SA1_563_02_01_09_RT601 (CogniteAPI_module_sauter_v1_1.py:107)
2019-05-28 12:24:57.233 [INFO    ] Thread-7. Posting last datapoints: SA1_563_02_01_09_RT602 (CogniteAPI_module_sauter_v1_1.py:107)
2019-05-28 12:24:57.438 [INFO    ] Thread-8. Posting last datapoints: SA1_563_02_01_09_RY601 (CogniteAPI_module_sauter_v1_1.py:107)
2019-05-28 12:24:57.657 [INFO    ] Thread-3. Posting last datapoints: SA1_563_02_01_09_RY602 (CogniteAPI_module_sauter_v1_1.py:107)
2019-05-28 12:24:57.854 [INFO    ] Thread-6. Posting last datapoints: SA1_563_02_01_09_SB501-504_Y (CogniteAPI_module_sauter_v1_1.py:107)
2019-05-28 12:24:58.070 [INFO    ] Thread-9. Posting last datapoints: SA1_563_02_01_09_SQ401 (CogniteAPI_module_sauter_v1_1.py:107)
2019-05-28 12:24:58.302 [INFO    ] Thread-10. Posting last datapoints: SA1_563_02_02_10_601_SB401-405_Y (CogniteAPI_module_sauter_v1_1.py:107)
2019-05-28 12:24:58.494 [INFO    ] Thread-11. Posting last datapoints: SA1_563_02_02_10_RT601 (CogniteAPI_module_sauter_v1_1.py:107)
2019-05-28 12:24:58.709 [INFO    ] Thread-12. Posting last datapoints: SA1_563_02_02_10_RY601 (CogniteAPI_module_sauter_v1_1.py:107)
2019-05-28 12:24:58.915 [INFO    ] Thread-13. Posting last datapoints: SA1_563_02_02_10_SB501-504_Y (CogniteAPI_module_sauter_v1_1.py:107)
2019-05-28 12:24:59.125 [INFO    ] Thread-14. Posting last datapoints: SA1_563_02_02_10_SQ401 (CogniteAPI_module_sauter_v1_1.py:107)
2019-05-28 12:24:59.377 [INFO    ] Thread-15. Posting last datapoints: SA1_563_02_02_10_SQ501 (CogniteAPI_module_sauter_v1_1.py:107)
2019-05-28 12:24:59.543 [INFO    ] Thread-1. Posting last datapoints: SA1_563_02_02_11_RT601 (CogniteAPI_module_sauter_v1_1.py:107)
2019-05-28 12:24:59.754 [INFO    ] Thread-5. Posting last datapoints: SA1_563_02_02_11_SB401-403_Y (CogniteAPI_module_sauter_v1_1.py:107)
2019-05-28 12:24:59.962 [INFO    ] Thread-4. Posting last datapoints: SA1_563_02_02_11_SB501-502_Y (CogniteAPI_module_sauter_v1_1.py:107)
2019-05-28 12:25:00.182 [INFO    ] Thread-2. Posting last datapoints: SA1_563_02_02_12_RT601-602 (CogniteAPI_module_sauter_v1_1.py:107)
2019-05-28 12:25:00.385 [INFO    ] Thread-7. Posting last datapoints: SA1_563_02_02_12_RY601 (CogniteAPI_module_sauter_v1_1.py:107)
2019-05-28 12:25:00.599 [INFO    ] Thread-8. Posting last datapoints: SA1_563_02_02_12_SQ401 (CogniteAPI_module_sauter_v1_1.py:107)
2019-05-28 12:25:00.814 [INFO    ] Thread-3. Posting last datapoints: SA1_563_02_02_12_SQ501 (CogniteAPI_module_sauter_v1_1.py:107)
2019-05-28 12:25:01.010 [INFO    ] Thread-6. Posting last datapoints: SA1_563_02_02_13_601_SB401-405_Y (CogniteAPI_module_sauter_v1_1.py:107)
2019-05-28 12:25:01.244 [INFO    ] Thread-9. Posting last datapoints: SA1_563_02_02_13_RT601 (CogniteAPI_module_sauter_v1_1.py:107)
2019-05-28 12:25:01.456 [INFO    ] Thread-10. Posting last datapoints: SA1_563_02_02_13_RY601 (CogniteAPI_module_sauter_v1_1.py:107)
2019-05-28 12:25:01.632 [INFO    ] Thread-11. Posting last datapoints: SA1_563_02_02_13_SB501-504_Y (CogniteAPI_module_sauter_v1_1.py:107)
2019-05-28 12:25:01.852 [INFO    ] Thread-12. Posting last datapoints: SA1_563_02_02_13_SQ401 (CogniteAPI_module_sauter_v1_1.py:107)
2019-05-28 12:25:02.072 [INFO    ] Thread-13. Posting last datapoints: SA1_563_02_02_13_SQ501 (CogniteAPI_module_sauter_v1_1.py:107)
2019-05-28 12:25:02.272 [INFO    ] Thread-14. Posting last datapoints: SA1_563_02_02_14_602_SB401-402_Y (CogniteAPI_module_sauter_v1_1.py:107)
2019-05-28 12:25:02.488 [INFO    ] Thread-15. Posting last datapoints: SA1_563_02_02_14_RT601 (CogniteAPI_module_sauter_v1_1.py:107)
2019-05-28 12:25:02.692 [INFO    ] Thread-1. Posting last datapoints: SA1_563_02_02_14_RT602 (CogniteAPI_module_sauter_v1_1.py:107)
2019-05-28 12:25:02.897 [INFO    ] Thread-5. Posting last datapoints: SA1_563_02_02_14_RY602 (CogniteAPI_module_sauter_v1_1.py:107)
2019-05-28 12:25:03.103 [INFO    ] Thread-4. Posting last datapoints: SA1_563_02_02_14_SB401-402_Y (CogniteAPI_module_sauter_v1_1.py:107)
2019-05-28 12:25:03.319 [INFO    ] Thread-2. Posting last datapoints: SA1_563_02_02_14_SB501-502_Y (CogniteAPI_module_sauter_v1_1.py:107)
2019-05-28 12:25:03.542 [INFO    ] Thread-7. Posting last datapoints: SA1_563_02_02_14_SQ402 (CogniteAPI_module_sauter_v1_1.py:107)
2019-05-28 12:25:03.767 [INFO    ] Thread-8. Posting last datapoints: SA1_563_02_02_14_SQ502 (CogniteAPI_module_sauter_v1_1.py:107)
2019-05-28 12:25:03.966 [INFO    ] Thread-3. Posting last datapoints: SA2_563_06_04_01_SB401_Y (CogniteAPI_module_sauter_v1_1.py:107)
2019-05-28 12:25:04.141 [INFO    ] Thread-6. Posting last datapoints: SA1_370_06_RT401 (CogniteAPI_module_sauter_v1_1.py:107)
2019-05-28 12:25:05.514 [INFO    ] Thread-9. Posting last datapoints: SA1_390_01-RT501 (CogniteAPI_module_sauter_v1_1.py:107)
2019-05-28 12:25:21.930 [INFO    ] Thread-10. Posting last datapoints: SA1_390_01-RT502 (CogniteAPI_module_sauter_v1_1.py:107)
2019-05-28 12:25:22.070 [INFO    ] Thread-11. Posting last datapoints: SA2_563_01_01_01_725_01-RT601 (CogniteAPI_module_sauter_v1_1.py:107)
2019-05-28 12:25:22.270 [INFO    ] Thread-12. Posting last datapoints: SA2_563_01_01_01_725_01-RT602 (CogniteAPI_module_sauter_v1_1.py:107)
2019-05-28 12:25:22.493 [INFO    ] Thread-13. Posting last datapoints: SA2_563_06_04_04_RT601 (CogniteAPI_module_sauter_v1_1.py:107)
2019-05-28 12:25:22.714 [INFO    ] Thread-14. Posting last datapoints: SA2_563_06_04_04_RY601 (CogniteAPI_module_sauter_v1_1.py:107)
2019-05-28 12:25:22.924 [INFO    ] Thread-15. Posting last datapoints: SA2_563_06_04_04_SB401_Y (CogniteAPI_module_sauter_v1_1.py:107)
2019-05-28 12:25:23.138 [INFO    ] Thread-1. Posting last datapoints: SA2_563_06_04_04_SB501_Y (CogniteAPI_module_sauter_v1_1.py:107)
2019-05-28 12:25:23.340 [INFO    ] Thread-5. Posting last datapoints: SA2_563_06_04_04_SQ401_Y (CogniteAPI_module_sauter_v1_1.py:107)
2019-05-28 12:25:23.559 [INFO    ] Thread-4. Posting last datapoints: SA1_563_03_SQ501 (CogniteAPI_module_sauter_v1_1.py:107)
2019-05-28 12:25:23.768 [INFO    ] Thread-2. Posting last datapoints: SA2_563_04_01_01_RT601 (CogniteAPI_module_sauter_v1_1.py:107)
2019-05-28 12:25:23.969 [INFO    ] Thread-7. Posting last datapoints: SA2_563_04_01_01_SB501_Y (CogniteAPI_module_sauter_v1_1.py:107)
Session time 0:14:21.821269
