2019-05-28 12:36:02.213 [INFO    ] MainThread. SA_20190208_ts_metadata (CogniteAPI_module_sauter_v1_1.py:192)
2019-05-28 12:36:02.213 [INFO    ] MainThread. energima-morten (CogniteAPI_module_sauter_v1_1.py:193)
2019-05-28 12:36:02.213 [INFO    ] MainThread. Starting... (CogniteAPI_module_sauter_v1_1.py:195)
2019-05-28 12:36:02.430 [INFO    ] MainThread. Successful login to SauterVision at: 62.101.215.102 (SauterAPI_module_v3_3.py:38)
2019-05-28 12:36:02.431 [INFO    ] MainThread. Local sensor list loaded (SauterAPI_module_v3_3.py:91)
2019-05-28 12:36:02.803 [INFO    ] Thread-2. Posting last datapoints: SA1_563_04_601_SQ401VA (CogniteAPI_module_sauter_v1_1.py:147)
2019-05-28 12:36:03.019 [INFO    ] Thread-3. Posting last datapoints: SA1_563_04_601_SQ501VD (CogniteAPI_module_sauter_v1_1.py:147)
2019-05-28 12:36:03.228 [INFO    ] Thread-4. Posting last datapoints: SA1_563_04_RT601A (CogniteAPI_module_sauter_v1_1.py:147)
2019-05-28 12:36:03.464 [INFO    ] Thread-5. Posting last datapoints: SA1_563_04_RT601A_Xsc (CogniteAPI_module_sauter_v1_1.py:147)
2019-05-28 12:36:03.662 [INFO    ] Thread-6. Posting last datapoints: SA1_563_04_RT601B (CogniteAPI_module_sauter_v1_1.py:147)
2019-05-28 12:36:03.874 [INFO    ] Thread-7. Posting last datapoints: SA1_563_04_RY601B (CogniteAPI_module_sauter_v1_1.py:147)
2019-05-28 12:36:04.103 [INFO    ] Thread-8. Posting last datapoints: SA1_563_04_602-1_SQ402VA (CogniteAPI_module_sauter_v1_1.py:147)
2019-05-28 12:36:04.417 [INFO    ] Thread-9. Posting last datapoints: SA1_563_04_602-2_SQ502VB (CogniteAPI_module_sauter_v1_1.py:147)
2019-05-28 12:36:04.557 [INFO    ] Thread-10. Posting last datapoints: SA1_563_04_RT602A (CogniteAPI_module_sauter_v1_1.py:147)
2019-05-28 12:36:04.755 [INFO    ] Thread-11. Posting last datapoints: SA1_563_04_RT602A_Xsc (CogniteAPI_module_sauter_v1_1.py:147)
2019-05-28 12:36:04.984 [INFO    ] Thread-12. Posting last datapoints: SA1_563_04_RT602B (CogniteAPI_module_sauter_v1_1.py:147)
2019-05-28 12:36:05.199 [INFO    ] Thread-13. Posting last datapoints: SA1_563_04_RT602B_Xsc (CogniteAPI_module_sauter_v1_1.py:147)
2019-05-28 12:36:05.413 [INFO    ] Thread-14. Posting last datapoints: SA1_563_04_RT603A (CogniteAPI_module_sauter_v1_1.py:147)
2019-05-28 12:36:05.631 [INFO    ] Thread-15. Posting last datapoints: SA1_563_04_RT603A_Xsc (CogniteAPI_module_sauter_v1_1.py:147)
2019-05-28 12:36:05.843 [INFO    ] Thread-16. Posting last datapoints: SA1_563_04_RT603B (CogniteAPI_module_sauter_v1_1.py:147)
2019-05-28 12:36:06.056 [INFO    ] Thread-17. Posting last datapoints: SA1_563_04_RY603B (CogniteAPI_module_sauter_v1_1.py:147)
2019-05-28 12:36:06.282 [INFO    ] Thread-18. Posting last datapoints: SA1_360_01_LR401% (CogniteAPI_module_sauter_v1_1.py:147)
2019-05-28 12:36:06.506 [INFO    ] Thread-19. Posting last datapoints: SA1_360_01_LR501% (CogniteAPI_module_sauter_v1_1.py:147)
2019-05-28 12:36:06.716 [INFO    ] Thread-20. Posting last datapoints: SA1_360_01_RD401 (CogniteAPI_module_sauter_v1_1.py:147)
2019-05-28 12:36:06.935 [INFO    ] Thread-1. Posting last datapoints: SA1_360_01_RD501 (CogniteAPI_module_sauter_v1_1.py:147)
2019-05-28 12:36:07.174 [INFO    ] Thread-2. Posting last datapoints: SA1_360_01_RP401 (CogniteAPI_module_sauter_v1_1.py:147)
2019-05-28 12:36:07.378 [INFO    ] Thread-3. Posting last datapoints: SA1_563_04_604-2_SQ404VB (CogniteAPI_module_sauter_v1_1.py:147)
2019-05-28 12:36:07.594 [INFO    ] Thread-4. Posting last datapoints: SA1_563_04_RT604A (CogniteAPI_module_sauter_v1_1.py:147)
2019-05-28 12:36:07.827 [INFO    ] Thread-5. Posting last datapoints: SA1_563_04_RT604A_Xsc (CogniteAPI_module_sauter_v1_1.py:147)
2019-05-28 12:36:08.030 [INFO    ] Thread-6. Posting last datapoints: SA1_563_04_RT604B (CogniteAPI_module_sauter_v1_1.py:147)
2019-05-28 12:36:08.255 [INFO    ] Thread-7. Posting last datapoints: SA1_563_04_RT604B_Xsc (CogniteAPI_module_sauter_v1_1.py:147)
2019-05-28 12:36:08.479 [INFO    ] Thread-8. Posting last datapoints: SA1_563_04_RT604C (CogniteAPI_module_sauter_v1_1.py:147)
2019-05-28 12:36:08.692 [INFO    ] Thread-9. Posting last datapoints: SA1_563_04_RT604C_Xsc (CogniteAPI_module_sauter_v1_1.py:147)
2019-05-28 12:36:08.920 [INFO    ] Thread-10. Posting last datapoints: SA1_563_04_RT605A (CogniteAPI_module_sauter_v1_1.py:147)
2019-05-28 12:36:09.258 [INFO    ] Thread-11. Posting last datapoints: SA1_563_04_RT605A_Xsc (CogniteAPI_module_sauter_v1_1.py:147)
2019-05-28 12:36:09.337 [INFO    ] Thread-12. Posting last datapoints: SA1_563_04_RY605A (CogniteAPI_module_sauter_v1_1.py:147)
2019-05-28 12:36:09.625 [INFO    ] Thread-13. Posting last datapoints: SA1_563_04_606-1_SQ506VA (CogniteAPI_module_sauter_v1_1.py:147)
2019-05-28 12:36:09.774 [INFO    ] Thread-14. Posting last datapoints: SA1_563_04_RT606A (CogniteAPI_module_sauter_v1_1.py:147)
2019-05-28 12:36:10.004 [INFO    ] Thread-15. Posting last datapoints: SA1_563_04_RT606A_Xsc (CogniteAPI_module_sauter_v1_1.py:147)
2019-05-28 12:36:10.223 [INFO    ] Thread-16. Posting last datapoints: SA1_563_04_RT606B (CogniteAPI_module_sauter_v1_1.py:147)
2019-05-28 12:36:10.447 [INFO    ] Thread-17. Posting last datapoints: SA1_563_04_RY606A (CogniteAPI_module_sauter_v1_1.py:147)
2019-05-28 12:36:10.649 [INFO    ] Thread-18. Posting last datapoints: SA1_563_04_607-1_SQ407VA (CogniteAPI_module_sauter_v1_1.py:147)
2019-05-28 12:36:10.879 [INFO    ] Thread-19. Posting last datapoints: SA1_563_04_607-2_SQ407VB (CogniteAPI_module_sauter_v1_1.py:147)
2019-05-28 12:36:11.098 [INFO    ] Thread-20. Posting last datapoints: SA1_563_04_RT607A (CogniteAPI_module_sauter_v1_1.py:147)
2019-05-28 12:36:11.316 [INFO    ] Thread-1. Posting last datapoints: SA1_563_04_RT607A_Xsc (CogniteAPI_module_sauter_v1_1.py:147)
2019-05-28 12:36:11.539 [INFO    ] Thread-2. Posting last datapoints: SA1_563_04_RT607B (CogniteAPI_module_sauter_v1_1.py:147)
2019-05-28 12:36:11.833 [INFO    ] Thread-3. Posting last datapoints: SA1_563_04_RT607B_Xsc (CogniteAPI_module_sauter_v1_1.py:147)
2019-05-28 12:36:11.961 [INFO    ] Thread-4. Posting last datapoints: SA1_563_04_RT608A (CogniteAPI_module_sauter_v1_1.py:147)
2019-05-28 12:36:12.198 [INFO    ] Thread-5. Posting last datapoints: SA1_563_04_RT608A_Xsc (CogniteAPI_module_sauter_v1_1.py:147)
2019-05-28 12:36:12.400 [INFO    ] Thread-6. Posting last datapoints: SA1_563_04_RT608B (CogniteAPI_module_sauter_v1_1.py:147)
2019-05-28 12:36:12.631 [INFO    ] Thread-7. Posting last datapoints: SA1_563_04_RT608B_Xsc (CogniteAPI_module_sauter_v1_1.py:147)
2019-05-28 12:36:12.834 [INFO    ] Thread-8. Posting last datapoints: SA1_563_04_RT608C (CogniteAPI_module_sauter_v1_1.py:147)
2019-05-28 12:36:13.057 [INFO    ] Thread-9. Posting last datapoints: SA1_563_04_RT608C_Xsc (CogniteAPI_module_sauter_v1_1.py:147)
2019-05-28 12:36:13.269 [INFO    ] Thread-10. Posting last datapoints: SA1_563_04_RT608D (CogniteAPI_module_sauter_v1_1.py:147)
2019-05-28 12:36:13.487 [INFO    ] Thread-11. Posting last datapoints: SA1_563_04_RT608D_Xsc (CogniteAPI_module_sauter_v1_1.py:147)
2019-05-28 12:36:13.720 [INFO    ] Thread-12. Posting last datapoints: SA1_563_04_RY608C (CogniteAPI_module_sauter_v1_1.py:147)
2019-05-28 12:36:13.931 [INFO    ] Thread-13. Posting last datapoints: SA1_563_04_RY608D (CogniteAPI_module_sauter_v1_1.py:147)
2019-05-28 12:36:14.146 [INFO    ] Thread-14. Posting last datapoints: SA1_563_04_RT609A (CogniteAPI_module_sauter_v1_1.py:147)
2019-05-28 12:36:14.369 [INFO    ] Thread-15. Posting last datapoints: SA1_563_04_RT609A_Xsc (CogniteAPI_module_sauter_v1_1.py:147)
2019-05-28 12:36:14.588 [INFO    ] Thread-16. Posting last datapoints: SA1_563_04_RT609B (CogniteAPI_module_sauter_v1_1.py:147)
2019-05-28 12:36:14.816 [INFO    ] Thread-17. Posting last datapoints: SA1_563_04_RT609B_Xsc (CogniteAPI_module_sauter_v1_1.py:147)
2019-05-28 12:36:15.037 [INFO    ] Thread-18. Posting last datapoints: SA1_563_04_RT609C (CogniteAPI_module_sauter_v1_1.py:147)
2019-05-28 12:36:15.242 [INFO    ] Thread-19. Posting last datapoints: SA1_563_04_RT609C_Xsc (CogniteAPI_module_sauter_v1_1.py:147)
2019-05-28 12:36:15.452 [INFO    ] Thread-20. Posting last datapoints: SA1_563_04_RY609A (CogniteAPI_module_sauter_v1_1.py:147)
2019-05-28 12:36:15.683 [INFO    ] Thread-1. Posting last datapoints: SA1_563_04_610-1_SQ410VA (CogniteAPI_module_sauter_v1_1.py:147)
2019-05-28 12:36:15.891 [INFO    ] Thread-2. Posting last datapoints: SA1_563_04_RT610A (CogniteAPI_module_sauter_v1_1.py:147)
2019-05-28 12:36:16.229 [INFO    ] Thread-3. Posting last datapoints: SA1_563_04_RT610B (CogniteAPI_module_sauter_v1_1.py:147)
2019-05-28 12:36:16.346 [INFO    ] Thread-4. Posting last datapoints: SA1_563_04_RT610C (CogniteAPI_module_sauter_v1_1.py:147)
2019-05-28 12:36:16.545 [INFO    ] Thread-5. Posting last datapoints: SA1_563_04_RT610D (CogniteAPI_module_sauter_v1_1.py:147)
2019-05-28 12:36:16.782 [INFO    ] Thread-6. Posting last datapoints: SA1_563_04_RY610A (CogniteAPI_module_sauter_v1_1.py:147)
2019-05-28 12:36:16.987 [INFO    ] Thread-7. Posting last datapoints: SA1_563_04_RY610B (CogniteAPI_module_sauter_v1_1.py:147)
2019-05-28 12:36:17.218 [INFO    ] Thread-8. Posting last datapoints: SA1_563_04_RY610C (CogniteAPI_module_sauter_v1_1.py:147)
2019-05-28 12:36:17.418 [INFO    ] Thread-9. Posting last datapoints: SA1_563_04_RY610D (CogniteAPI_module_sauter_v1_1.py:147)
2019-05-28 12:36:17.638 [INFO    ] Thread-10. Posting last datapoints: SA1_563_02_RT605 (CogniteAPI_module_sauter_v1_1.py:147)
2019-05-28 12:36:17.855 [INFO    ] Thread-11. Posting last datapoints: SA1_563_02_RT605Xsc (CogniteAPI_module_sauter_v1_1.py:147)
2019-05-28 12:36:18.079 [INFO    ] Thread-12. Posting last datapoints: SA1_563_02_RT606 (CogniteAPI_module_sauter_v1_1.py:147)
2019-05-28 12:36:18.309 [INFO    ] Thread-13. Posting last datapoints: SA1_563_02_RT606Xsc (CogniteAPI_module_sauter_v1_1.py:147)
2019-05-28 12:36:18.512 [INFO    ] Thread-14. Posting last datapoints: SA1_563_02_RY605 (CogniteAPI_module_sauter_v1_1.py:147)
2019-05-28 12:36:18.747 [INFO    ] Thread-15. Posting last datapoints: SA1_563_02_RY606 (CogniteAPI_module_sauter_v1_1.py:147)
2019-05-28 12:36:18.945 [INFO    ] Thread-16. Posting last datapoints: SA1_563_02_SQ405 (CogniteAPI_module_sauter_v1_1.py:147)
2019-05-28 12:36:19.187 [INFO    ] Thread-17. Posting last datapoints: SA1_563_02_RT601 (CogniteAPI_module_sauter_v1_1.py:147)
2019-05-28 12:36:19.398 [INFO    ] Thread-18. Posting last datapoints: SA1_563_02_RT601Xsc (CogniteAPI_module_sauter_v1_1.py:147)
2019-05-28 12:36:19.675 [INFO    ] Thread-19. Posting last datapoints: SA1_563_02_RT602 (CogniteAPI_module_sauter_v1_1.py:147)
2019-05-28 12:36:19.822 [INFO    ] Thread-20. Posting last datapoints: SA1_563_02_RT602Xsc (CogniteAPI_module_sauter_v1_1.py:147)
2019-05-28 12:36:20.055 [INFO    ] Thread-1. Posting last datapoints: SA1_563_02_RT603 (CogniteAPI_module_sauter_v1_1.py:147)
2019-05-28 12:36:20.364 [INFO    ] Thread-2. Posting last datapoints: SA1_563_02_RT603Xsc (CogniteAPI_module_sauter_v1_1.py:147)
2019-05-28 12:36:20.456 [INFO    ] Thread-3. Posting last datapoints: SA1_563_02_RT604 (CogniteAPI_module_sauter_v1_1.py:147)
2019-05-28 12:36:20.646 [INFO    ] Thread-4. Posting last datapoints: SA1_563_02_RT604Xsc (CogniteAPI_module_sauter_v1_1.py:147)
2019-05-28 12:36:20.873 [INFO    ] Thread-5. Posting last datapoints: SA1_563_02_SB501_Y (CogniteAPI_module_sauter_v1_1.py:147)
2019-05-28 12:36:21.069 [INFO    ] Thread-6. Posting last datapoints: SA1_563_02_SB502_Y (CogniteAPI_module_sauter_v1_1.py:147)
2019-05-28 12:36:21.273 [INFO    ] Thread-7. Posting last datapoints: SA1_563_02_SB503_Y (CogniteAPI_module_sauter_v1_1.py:147)
2019-05-28 12:36:21.459 [INFO    ] Thread-8. Posting last datapoints: SA1_563_02_SB504_Y (CogniteAPI_module_sauter_v1_1.py:147)
2019-05-28 12:36:21.667 [INFO    ] Thread-9. Posting last datapoints: SA1_563_02_SQ501 (CogniteAPI_module_sauter_v1_1.py:147)
2019-05-28 12:36:21.867 [INFO    ] Thread-10. Posting last datapoints: SA1_563_03_RT601 (CogniteAPI_module_sauter_v1_1.py:147)
2019-05-28 12:36:22.079 [INFO    ] Thread-11. Posting last datapoints: SA1_563_03_RT601Xsc (CogniteAPI_module_sauter_v1_1.py:147)
2019-05-28 12:36:22.286 [INFO    ] Thread-12. Posting last datapoints: SA1_563_03_RT602 (CogniteAPI_module_sauter_v1_1.py:147)
2019-05-28 12:36:22.482 [INFO    ] Thread-13. Posting last datapoints: SA1_563_03_RT602Xsc (CogniteAPI_module_sauter_v1_1.py:147)
2019-05-28 12:36:22.674 [INFO    ] Thread-14. Posting last datapoints: SA1_563_03_RY601 (CogniteAPI_module_sauter_v1_1.py:147)
2019-05-28 12:36:22.899 [INFO    ] Thread-15. Posting last datapoints: SA1_563_03_RY602 (CogniteAPI_module_sauter_v1_1.py:147)
2019-05-28 12:36:23.181 [INFO    ] Thread-16. Posting last datapoints: SA1_563_03_SQ401 (CogniteAPI_module_sauter_v1_1.py:147)
2019-05-28 12:36:23.298 [INFO    ] Thread-17. Posting last datapoints: SA1_563_03_SQ402 (CogniteAPI_module_sauter_v1_1.py:147)
2019-05-28 12:36:23.488 [INFO    ] Thread-18. Posting last datapoints: SA1_563_03_RT603 (CogniteAPI_module_sauter_v1_1.py:147)
2019-05-28 12:36:23.695 [INFO    ] Thread-19. Posting last datapoints: SA1_563_03_RT603Xsc (CogniteAPI_module_sauter_v1_1.py:147)
2019-05-28 12:36:23.910 [INFO    ] Thread-20. Posting last datapoints: SA1_563_03_RY603 (CogniteAPI_module_sauter_v1_1.py:147)
2019-05-28 12:36:24.104 [INFO    ] Thread-1. Posting last datapoints: SA1_563_03_SQ403Y1 (CogniteAPI_module_sauter_v1_1.py:147)
2019-05-28 12:36:24.314 [INFO    ] Thread-2. Posting last datapoints: SA1_563_03_RT604 (CogniteAPI_module_sauter_v1_1.py:147)
2019-05-28 12:36:24.505 [INFO    ] Thread-3. Posting last datapoints: SA1_563_03_RT605 (CogniteAPI_module_sauter_v1_1.py:147)
2019-05-28 12:36:24.798 [INFO    ] Thread-4. Posting last datapoints: SA1_563_03_RT606 (CogniteAPI_module_sauter_v1_1.py:147)
2019-05-28 12:36:24.904 [INFO    ] Thread-5. Posting last datapoints: SA1_563_03_RY604 (CogniteAPI_module_sauter_v1_1.py:147)
2019-05-28 12:36:25.107 [INFO    ] Thread-6. Posting last datapoints: SA1_563_03_RY605 (CogniteAPI_module_sauter_v1_1.py:147)
2019-05-28 12:36:25.317 [INFO    ] Thread-7. Posting last datapoints: SA1_563_03_RY606 (CogniteAPI_module_sauter_v1_1.py:147)
2019-05-28 12:36:25.524 [INFO    ] Thread-8. Posting last datapoints: SA1_563_03_RT607 (CogniteAPI_module_sauter_v1_1.py:147)
2019-05-28 12:36:25.724 [INFO    ] Thread-9. Posting last datapoints: SA1_563_03_RT607Xsc (CogniteAPI_module_sauter_v1_1.py:147)
2019-05-28 12:36:25.927 [INFO    ] Thread-10. Posting last datapoints: SA1_563_03_RY607 (CogniteAPI_module_sauter_v1_1.py:147)
2019-05-28 12:36:26.136 [INFO    ] Thread-11. Posting last datapoints: SA1_563_03_SB506-509_Y (CogniteAPI_module_sauter_v1_1.py:147)
2019-05-28 12:36:26.347 [INFO    ] Thread-12. Posting last datapoints: SA1_563_03_SQ406 (CogniteAPI_module_sauter_v1_1.py:147)
2019-05-28 12:36:26.531 [INFO    ] Thread-13. Posting last datapoints: SA2_563_02_601_SB401-402_Y (CogniteAPI_module_sauter_v1_1.py:147)
2019-05-28 12:36:26.742 [INFO    ] Thread-14. Posting last datapoints: SA2_563_02_601_SQ401 (CogniteAPI_module_sauter_v1_1.py:147)
2019-05-28 12:36:26.953 [INFO    ] Thread-15. Posting last datapoints: SA2_563_02_601_SQ501 (CogniteAPI_module_sauter_v1_1.py:147)
2019-05-28 12:36:27.138 [INFO    ] Thread-16. Posting last datapoints: SA2_563_02_RT601 (CogniteAPI_module_sauter_v1_1.py:147)
2019-05-28 12:36:27.342 [INFO    ] Thread-17. Posting last datapoints: SA2_563_02_RY601 (CogniteAPI_module_sauter_v1_1.py:147)
2019-05-28 12:36:27.550 [INFO    ] Thread-18. Posting last datapoints: SA2_563_02_603_SQ418 (CogniteAPI_module_sauter_v1_1.py:147)
2019-05-28 12:36:27.752 [INFO    ] Thread-19. Posting last datapoints: SA2_563_02_605_SB408-410_Y (CogniteAPI_module_sauter_v1_1.py:147)
2019-05-28 12:36:27.944 [INFO    ] Thread-20. Posting last datapoints: SA2_563_02_605_SQ419 (CogniteAPI_module_sauter_v1_1.py:147)
2019-05-28 12:36:28.159 [INFO    ] Thread-1. Posting last datapoints: SA2_353_02_RT601 (CogniteAPI_module_sauter_v1_1.py:147)
2019-05-28 12:36:28.426 [INFO    ] Thread-2. Posting last datapoints: SA2_563_02_SB416-417_Y (CogniteAPI_module_sauter_v1_1.py:147)
2019-05-28 12:36:28.566 [INFO    ] Thread-3. Posting last datapoints: SA2_563_02_SB518-520_Y (CogniteAPI_module_sauter_v1_1.py:147)
2019-05-28 12:36:28.761 [INFO    ] Thread-4. Posting last datapoints: SA2_563_02_608_SB419-420_Y (CogniteAPI_module_sauter_v1_1.py:147)
2019-05-28 12:36:28.964 [INFO    ] Thread-5. Posting last datapoints: SA2_563_02_610_SB421-422_Y (CogniteAPI_module_sauter_v1_1.py:147)
2019-05-28 12:36:29.165 [INFO    ] Thread-6. Posting last datapoints: SA2_563_02_610_SB527-530_Y (CogniteAPI_module_sauter_v1_1.py:147)
2019-05-28 12:36:29.380 [INFO    ] Thread-7. Posting last datapoints: SA2_563_02_610_SQ409 (CogniteAPI_module_sauter_v1_1.py:147)
2019-05-28 12:36:29.570 [INFO    ] Thread-8. Posting last datapoints: SA2_563_02_610_SQ423 (CogniteAPI_module_sauter_v1_1.py:147)
2019-05-28 12:36:29.799 [INFO    ] Thread-9. Posting last datapoints: SA2_563_02_RT610 (CogniteAPI_module_sauter_v1_1.py:147)
2019-05-28 12:36:29.989 [INFO    ] Thread-10. Posting last datapoints: SA2_563_02_RY610 (CogniteAPI_module_sauter_v1_1.py:147)
2019-05-28 12:36:30.191 [INFO    ] Thread-11. Posting last datapoints: SA_310_01_OE401_1 (CogniteAPI_module_sauter_v1_1.py:147)
2019-05-28 12:36:30.383 [INFO    ] Thread-12. Posting last datapoints: SA_310_01_OE402_1 (CogniteAPI_module_sauter_v1_1.py:147)
2019-05-28 12:36:30.598 [INFO    ] Thread-13. Posting last datapoints: SA_310_01_OE403_1 (CogniteAPI_module_sauter_v1_1.py:147)
2019-05-28 12:36:30.794 [INFO    ] Thread-14. Posting last datapoints: SA_310_01_OE501_1 (CogniteAPI_module_sauter_v1_1.py:147)
2019-05-28 12:36:30.996 [INFO    ] Thread-15. Posting last datapoints: SA_310_01_OE502_1 (CogniteAPI_module_sauter_v1_1.py:147)
2019-05-28 12:36:31.189 [INFO    ] Thread-16. Posting last datapoints: SA_310_01_OE503_1 (CogniteAPI_module_sauter_v1_1.py:147)
2019-05-28 12:36:31.409 [INFO    ] Thread-17. Posting last datapoints: 320_01-RT401 (CogniteAPI_module_sauter_v1_1.py:147)
2019-05-28 12:36:31.599 [INFO    ] Thread-18. Posting last datapoints: 320_01-RT40Xs_vint (CogniteAPI_module_sauter_v1_1.py:147)
2019-05-28 12:36:31.804 [INFO    ] Thread-19. Posting last datapoints: 320_01-RT501 (CogniteAPI_module_sauter_v1_1.py:147)
2019-05-28 12:36:32.008 [INFO    ] Thread-20. Posting last datapoints: 320_02-RT401 (CogniteAPI_module_sauter_v1_1.py:147)
2019-05-28 12:36:32.217 [INFO    ] Thread-1. Posting last datapoints: 320_02-RT501 (CogniteAPI_module_sauter_v1_1.py:147)
2019-05-28 12:36:32.418 [INFO    ] Thread-2. Posting last datapoints: SA_320_02_OE501_1 (CogniteAPI_module_sauter_v1_1.py:147)
2019-05-28 12:36:32.623 [INFO    ] Thread-3. Posting last datapoints: SA_320_03-_04_OE502_1 (CogniteAPI_module_sauter_v1_1.py:147)
2019-05-28 12:36:32.824 [INFO    ] Thread-4. Posting last datapoints: 320_03-RD001 (CogniteAPI_module_sauter_v1_1.py:147)
2019-05-28 12:36:33.018 [INFO    ] Thread-5. Posting last datapoints: 320_03-RT401 (CogniteAPI_module_sauter_v1_1.py:147)
2019-05-28 12:36:33.222 [INFO    ] Thread-6. Posting last datapoints: 320_03-RT501 (CogniteAPI_module_sauter_v1_1.py:147)
2019-05-28 12:36:33.429 [INFO    ] Thread-7. Posting last datapoints: 320_03-SB501 (CogniteAPI_module_sauter_v1_1.py:147)
2019-05-28 12:36:33.635 [INFO    ] Thread-8. Posting last datapoints: 320_03-SB501Arb_sp (CogniteAPI_module_sauter_v1_1.py:147)
2019-05-28 12:36:33.839 [INFO    ] Thread-9. Posting last datapoints: 320_04-RD001 (CogniteAPI_module_sauter_v1_1.py:147)
2019-05-28 12:36:34.051 [INFO    ] Thread-10. Posting last datapoints: 320_04-RT401 (CogniteAPI_module_sauter_v1_1.py:147)
2019-05-28 12:36:34.235 [INFO    ] Thread-11. Posting last datapoints: 320_04-RT501 (CogniteAPI_module_sauter_v1_1.py:147)
2019-05-28 12:36:34.449 [INFO    ] Thread-12. Posting last datapoints: 320_04-SB501 (CogniteAPI_module_sauter_v1_1.py:147)
2019-05-28 12:36:34.644 [INFO    ] Thread-13. Posting last datapoints: 320_04-SB501Arb_sp (CogniteAPI_module_sauter_v1_1.py:147)
2019-05-28 12:36:34.855 [INFO    ] Thread-14. Posting last datapoints: 320_05-RD001 (CogniteAPI_module_sauter_v1_1.py:147)
2019-05-28 12:36:35.057 [INFO    ] Thread-15. Posting last datapoints: 320_05-RT401 (CogniteAPI_module_sauter_v1_1.py:147)
2019-05-28 12:36:35.287 [INFO    ] Thread-16. Posting last datapoints: 320_05-RT501 (CogniteAPI_module_sauter_v1_1.py:147)
2019-05-28 12:36:35.451 [INFO    ] Thread-17. Posting last datapoints: 320_06-RT401 (CogniteAPI_module_sauter_v1_1.py:147)
2019-05-28 12:36:35.660 [INFO    ] Thread-18. Posting last datapoints: 320_06-RT501 (CogniteAPI_module_sauter_v1_1.py:147)
2019-05-28 12:36:35.882 [INFO    ] Thread-19. Posting last datapoints: SA_320_06_OE501_1 (CogniteAPI_module_sauter_v1_1.py:147)
2019-05-28 12:36:36.060 [INFO    ] Thread-20. Posting last datapoints: 320_07-RT401 (CogniteAPI_module_sauter_v1_1.py:147)
2019-05-28 12:36:36.271 [INFO    ] Thread-1. Posting last datapoints: 320_07-RT501 (CogniteAPI_module_sauter_v1_1.py:147)
2019-05-28 12:36:36.464 [INFO    ] Thread-2. Posting last datapoints: 320_07-SB501 (CogniteAPI_module_sauter_v1_1.py:147)
2019-05-28 12:36:36.676 [INFO    ] Thread-3. Posting last datapoints: 320_07-SB501Arb_sp (CogniteAPI_module_sauter_v1_1.py:147)
2019-05-28 12:36:36.889 [INFO    ] Thread-4. Posting last datapoints: SA_320_07_OE501_1 (CogniteAPI_module_sauter_v1_1.py:147)
2019-05-28 12:36:37.080 [INFO    ] Thread-5. Posting last datapoints: SA_320_08_OE501_1 (CogniteAPI_module_sauter_v1_1.py:147)
2019-05-28 12:36:37.274 [INFO    ] Thread-6. Posting last datapoints: SA_320_09_OE501_1 (CogniteAPI_module_sauter_v1_1.py:147)
2019-05-28 12:36:37.485 [INFO    ] Thread-7. Posting last datapoints: 310_01-RT401 (CogniteAPI_module_sauter_v1_1.py:147)
2019-05-28 12:36:37.684 [INFO    ] Thread-8. Posting last datapoints: 310_01-RT402 (CogniteAPI_module_sauter_v1_1.py:147)
2019-05-28 12:36:37.898 [INFO    ] Thread-9. Posting last datapoints: 310_01-RT403 (CogniteAPI_module_sauter_v1_1.py:147)
2019-05-28 12:36:38.108 [INFO    ] Thread-10. Posting last datapoints: 310_01-RT501 (CogniteAPI_module_sauter_v1_1.py:147)
2019-05-28 12:36:38.347 [INFO    ] Thread-11. Posting last datapoints: 310_01-RT502 (CogniteAPI_module_sauter_v1_1.py:147)
2019-05-28 12:36:38.496 [INFO    ] Thread-12. Posting last datapoints: 320_08-RT401 (CogniteAPI_module_sauter_v1_1.py:147)
2019-05-28 12:36:38.700 [INFO    ] Thread-13. Posting last datapoints: 320_08-RT501 (CogniteAPI_module_sauter_v1_1.py:147)
2019-05-28 12:36:38.906 [INFO    ] Thread-14. Posting last datapoints: 320_08-SB501 (CogniteAPI_module_sauter_v1_1.py:147)
2019-05-28 12:36:39.102 [INFO    ] Thread-15. Posting last datapoints: 320_08-SB501Arb_sp (CogniteAPI_module_sauter_v1_1.py:147)
2019-05-28 12:36:39.308 [INFO    ] Thread-16. Posting last datapoints: 320_09-RT401 (CogniteAPI_module_sauter_v1_1.py:147)
2019-05-28 12:36:39.517 [INFO    ] Thread-17. Posting last datapoints: 320_09-RT501 (CogniteAPI_module_sauter_v1_1.py:147)
2019-05-28 12:36:39.713 [INFO    ] Thread-18. Posting last datapoints: 320_09-SB501Arb_sp (CogniteAPI_module_sauter_v1_1.py:147)
2019-05-28 12:36:40.018 [INFO    ] Thread-19. Posting last datapoints: SA1_563_04_621_SB521_1-521_7_Y (CogniteAPI_module_sauter_v1_1.py:147)
2019-05-28 12:36:40.120 [INFO    ] Thread-20. Posting last datapoints: SA1_563_04_621_SQ421 (CogniteAPI_module_sauter_v1_1.py:147)
2019-05-28 12:36:40.317 [INFO    ] Thread-1. Posting last datapoints: SA1_563_04_621_SQ521 (CogniteAPI_module_sauter_v1_1.py:147)
2019-05-28 12:36:40.522 [INFO    ] Thread-2. Posting last datapoints: SA1_563_04_RT621 (CogniteAPI_module_sauter_v1_1.py:147)
2019-05-28 12:36:40.734 [INFO    ] Thread-3. Posting last datapoints: SA1_563_04_RY621 (CogniteAPI_module_sauter_v1_1.py:147)
2019-05-28 12:36:40.935 [INFO    ] Thread-4. Posting last datapoints: SA1_563_04_622_SB521_1-521_7_Y (CogniteAPI_module_sauter_v1_1.py:147)
2019-05-28 12:36:41.132 [INFO    ] Thread-5. Posting last datapoints: SA1_563_04_622_SQ422 (CogniteAPI_module_sauter_v1_1.py:147)
2019-05-28 12:36:41.335 [INFO    ] Thread-6. Posting last datapoints: SA1_563_04_622_SQ522 (CogniteAPI_module_sauter_v1_1.py:147)
2019-05-28 12:36:41.546 [INFO    ] Thread-7. Posting last datapoints: SA1_563_04_RT622 (CogniteAPI_module_sauter_v1_1.py:147)
2019-05-28 12:36:41.741 [INFO    ] Thread-8. Posting last datapoints: SA1_563_04_RY622 (CogniteAPI_module_sauter_v1_1.py:147)
2019-05-28 12:36:41.950 [INFO    ] Thread-9. Posting last datapoints: SA1_563_04_RT624 (CogniteAPI_module_sauter_v1_1.py:147)
2019-05-28 12:36:42.148 [INFO    ] Thread-10. Posting last datapoints: SA1_563_04_RT624_Xs (CogniteAPI_module_sauter_v1_1.py:147)
2019-05-28 12:36:42.355 [INFO    ] Thread-11. Posting last datapoints: SA1_563_04_RT627_1-627_2_Xsc (CogniteAPI_module_sauter_v1_1.py:147)
2019-05-28 12:36:42.563 [INFO    ] Thread-12. Posting last datapoints: SA2_563_02_611_SQ410 (CogniteAPI_module_sauter_v1_1.py:147)
2019-05-28 12:36:42.753 [INFO    ] Thread-13. Posting last datapoints: SA2_563_02_612_SB423_Y (CogniteAPI_module_sauter_v1_1.py:147)
2019-05-28 12:36:42.974 [INFO    ] Thread-14. Posting last datapoints: SA2_563_02_612_SB531-532_Y (CogniteAPI_module_sauter_v1_1.py:147)
2019-05-28 12:36:43.159 [INFO    ] Thread-15. Posting last datapoints: SA2_563_02_613_SB534-535_Y (CogniteAPI_module_sauter_v1_1.py:147)
2019-05-28 12:36:43.362 [INFO    ] Thread-16. Posting last datapoints: SA2_563_02_613_SQ411 (CogniteAPI_module_sauter_v1_1.py:147)
2019-05-28 12:36:43.568 [INFO    ] Thread-17. Posting last datapoints: SA2_563_02_613_Varme_paadrag_SB424 (CogniteAPI_module_sauter_v1_1.py:147)
2019-05-28 12:36:43.791 [INFO    ] Thread-18. Posting last datapoints: SA2_563_02_RT611 (CogniteAPI_module_sauter_v1_1.py:147)
2019-05-28 12:36:43.970 [INFO    ] Thread-19. Posting last datapoints: SA2_563_02_RT612 (CogniteAPI_module_sauter_v1_1.py:147)
2019-05-28 12:36:44.174 [INFO    ] Thread-20. Posting last datapoints: SA2_563_02_RT613 (CogniteAPI_module_sauter_v1_1.py:147)
2019-05-28 12:36:44.382 [INFO    ] Thread-1. Posting last datapoints: SA2_563_02_RY611 (CogniteAPI_module_sauter_v1_1.py:147)
2019-05-28 12:36:44.580 [INFO    ] Thread-2. Posting last datapoints: SA2_563_02_RY612 (CogniteAPI_module_sauter_v1_1.py:147)
2019-05-28 12:36:44.796 [INFO    ] Thread-3. Posting last datapoints: SA2_563_02_RY613 (CogniteAPI_module_sauter_v1_1.py:147)
2019-05-28 12:36:44.999 [INFO    ] Thread-4. Posting last datapoints: SA2_563_02_614__SQ412 (CogniteAPI_module_sauter_v1_1.py:147)
2019-05-28 12:36:45.202 [INFO    ] Thread-5. Posting last datapoints: SA2_563_02_614_SB425_Y (CogniteAPI_module_sauter_v1_1.py:147)
2019-05-28 12:36:45.401 [INFO    ] Thread-6. Posting last datapoints: SA2_563_02_614_SB535-536_Y (CogniteAPI_module_sauter_v1_1.py:147)
2019-05-28 12:36:45.611 [INFO    ] Thread-7. Posting last datapoints: SA2_563_02_615_SQ413 (CogniteAPI_module_sauter_v1_1.py:147)
2019-05-28 12:36:45.827 [INFO    ] Thread-8. Posting last datapoints: SA2_563_02_616_SQ414 (CogniteAPI_module_sauter_v1_1.py:147)
2019-05-28 12:36:46.009 [INFO    ] Thread-9. Posting last datapoints: SA2_563_02_RT614 (CogniteAPI_module_sauter_v1_1.py:147)
2019-05-28 12:36:46.214 [INFO    ] Thread-10. Posting last datapoints: SA2_563_02_RT615 (CogniteAPI_module_sauter_v1_1.py:147)
2019-05-28 12:36:46.430 [INFO    ] Thread-11. Posting last datapoints: SA2_563_02_RT616 (CogniteAPI_module_sauter_v1_1.py:147)
2019-05-28 12:36:46.647 [INFO    ] Thread-12. Posting last datapoints: SA2_563_02_RY614 (CogniteAPI_module_sauter_v1_1.py:147)
2019-05-28 12:36:46.822 [INFO    ] Thread-13. Posting last datapoints: SA2_563_02_RY615 (CogniteAPI_module_sauter_v1_1.py:147)
2019-05-28 12:36:47.032 [INFO    ] Thread-14. Posting last datapoints: SA2_563_02_RY616 (CogniteAPI_module_sauter_v1_1.py:147)
2019-05-28 12:36:47.230 [INFO    ] Thread-15. Posting last datapoints: SA1_360_01_RP501 (CogniteAPI_module_sauter_v1_1.py:147)
2019-05-28 12:36:47.438 [INFO    ] Thread-16. Posting last datapoints: SA1_360_01_RT401 (CogniteAPI_module_sauter_v1_1.py:147)
2019-05-28 12:36:47.640 [INFO    ] Thread-17. Posting last datapoints: SA1_360_01_RT402 (CogniteAPI_module_sauter_v1_1.py:147)
2019-05-28 12:36:47.843 [INFO    ] Thread-18. Posting last datapoints: SA1_360_01_RT403 (CogniteAPI_module_sauter_v1_1.py:147)
2019-05-28 12:36:48.056 [INFO    ] Thread-19. Posting last datapoints: SA1_360_01_RT404 (CogniteAPI_module_sauter_v1_1.py:147)
2019-05-28 12:36:48.253 [INFO    ] Thread-20. Posting last datapoints: SA1_360_01_RT405 (CogniteAPI_module_sauter_v1_1.py:147)
2019-05-28 12:36:48.452 [INFO    ] Thread-1. Posting last datapoints: SA1_360_01_RT501 (CogniteAPI_module_sauter_v1_1.py:147)
2019-05-28 12:36:48.671 [INFO    ] Thread-2. Posting last datapoints: SA1_360_01_RT502 (CogniteAPI_module_sauter_v1_1.py:147)
2019-05-28 12:36:48.853 [INFO    ] Thread-3. Posting last datapoints: SA1_360_01_RT503 (CogniteAPI_module_sauter_v1_1.py:147)
2019-05-28 12:36:49.064 [INFO    ] Thread-4. Posting last datapoints: SA1_360_01_RT504 (CogniteAPI_module_sauter_v1_1.py:147)
2019-05-28 12:36:49.259 [INFO    ] Thread-5. Posting last datapoints: SA1_360_01_SB401% (CogniteAPI_module_sauter_v1_1.py:147)
2019-05-28 12:36:49.469 [INFO    ] Thread-6. Posting last datapoints: SA1_360_02_LR401% (CogniteAPI_module_sauter_v1_1.py:147)
2019-05-28 12:36:49.663 [INFO    ] Thread-7. Posting last datapoints: SA1_360_02_LR501% (CogniteAPI_module_sauter_v1_1.py:147)
2019-05-28 12:36:49.875 [INFO    ] Thread-8. Posting last datapoints: SA1_360_02_RD401 (CogniteAPI_module_sauter_v1_1.py:147)
2019-05-28 12:36:50.088 [INFO    ] Thread-9. Posting last datapoints: SA1_360_02_RD501 (CogniteAPI_module_sauter_v1_1.py:147)
2019-05-28 12:36:50.278 [INFO    ] Thread-10. Posting last datapoints: SA1_360_02_RP401 (CogniteAPI_module_sauter_v1_1.py:147)
2019-05-28 12:36:50.479 [INFO    ] Thread-11. Posting last datapoints: SA1_360_02_RP501 (CogniteAPI_module_sauter_v1_1.py:147)
2019-05-28 12:36:50.683 [INFO    ] Thread-12. Posting last datapoints: SA1_360_02_RT401 (CogniteAPI_module_sauter_v1_1.py:147)
2019-05-28 12:36:50.888 [INFO    ] Thread-13. Posting last datapoints: SA1_360_02_RT402 (CogniteAPI_module_sauter_v1_1.py:147)
2019-05-28 12:36:51.089 [INFO    ] Thread-14. Posting last datapoints: SA1_360_02_RT403 (CogniteAPI_module_sauter_v1_1.py:147)
2019-05-28 12:36:51.353 [INFO    ] Thread-15. Posting last datapoints: SA1_360_02_RT404 (CogniteAPI_module_sauter_v1_1.py:147)
2019-05-28 12:36:51.503 [INFO    ] Thread-16. Posting last datapoints: SA1_360_02_RT405 (CogniteAPI_module_sauter_v1_1.py:147)
2019-05-28 12:36:51.707 [INFO    ] Thread-17. Posting last datapoints: SA1_360_02_RT501 (CogniteAPI_module_sauter_v1_1.py:147)
2019-05-28 12:36:51.897 [INFO    ] Thread-18. Posting last datapoints: SA1_360_02_RT502 (CogniteAPI_module_sauter_v1_1.py:147)
2019-05-28 12:36:52.106 [INFO    ] Thread-19. Posting last datapoints: SA1_360_02_RT503 (CogniteAPI_module_sauter_v1_1.py:147)
2019-05-28 12:36:52.304 [INFO    ] Thread-20. Posting last datapoints: SA1_360_02_RT504 (CogniteAPI_module_sauter_v1_1.py:147)
2019-05-28 12:36:52.507 [INFO    ] Thread-1. Posting last datapoints: SA1_360_02_SB401% (CogniteAPI_module_sauter_v1_1.py:147)
2019-05-28 12:36:52.703 [INFO    ] Thread-2. Posting last datapoints: SA1_360_03_LR401% (CogniteAPI_module_sauter_v1_1.py:147)
2019-05-28 12:36:52.943 [INFO    ] Thread-3. Posting last datapoints: SA1_360_03_LR501% (CogniteAPI_module_sauter_v1_1.py:147)
2019-05-28 12:36:53.121 [INFO    ] Thread-4. Posting last datapoints: SA1_360_03_RD401 (CogniteAPI_module_sauter_v1_1.py:147)
2019-05-28 12:36:53.318 [INFO    ] Thread-5. Posting last datapoints: SA1_360_03_RD501 (CogniteAPI_module_sauter_v1_1.py:147)
2019-05-28 12:36:53.521 [INFO    ] Thread-6. Posting last datapoints: SA1_360_03_RP401 (CogniteAPI_module_sauter_v1_1.py:147)
2019-05-28 12:36:53.738 [INFO    ] Thread-7. Posting last datapoints: SA1_360_03_RP501 (CogniteAPI_module_sauter_v1_1.py:147)
2019-05-28 12:36:53.942 [INFO    ] Thread-8. Posting last datapoints: SA1_360_03_RT401 (CogniteAPI_module_sauter_v1_1.py:147)
2019-05-28 12:36:54.155 [INFO    ] Thread-9. Posting last datapoints: SA1_360_03_RT402 (CogniteAPI_module_sauter_v1_1.py:147)
2019-05-28 12:36:54.344 [INFO    ] Thread-10. Posting last datapoints: SA1_360_03_RT403 (CogniteAPI_module_sauter_v1_1.py:147)
2019-05-28 12:36:54.547 [INFO    ] Thread-11. Posting last datapoints: SA1_360_03_RT404 (CogniteAPI_module_sauter_v1_1.py:147)
2019-05-28 12:36:54.807 [INFO    ] Thread-12. Posting last datapoints: SA1_360_03_RT405 (CogniteAPI_module_sauter_v1_1.py:147)
2019-05-28 12:36:54.976 [INFO    ] Thread-13. Posting last datapoints: SA1_360_03_RT501 (CogniteAPI_module_sauter_v1_1.py:147)
2019-05-28 12:36:55.170 [INFO    ] Thread-14. Posting last datapoints: SA1_360_03_RT502 (CogniteAPI_module_sauter_v1_1.py:147)
2019-05-28 12:36:55.378 [INFO    ] Thread-15. Posting last datapoints: SA1_360_03_RT503 (CogniteAPI_module_sauter_v1_1.py:147)
2019-05-28 12:36:55.573 [INFO    ] Thread-16. Posting last datapoints: SA1_360_03_RT504 (CogniteAPI_module_sauter_v1_1.py:147)
2019-05-28 12:36:55.775 [INFO    ] Thread-17. Posting last datapoints: SA1_360_03_SB401% (CogniteAPI_module_sauter_v1_1.py:147)
2019-05-28 12:36:55.971 [INFO    ] Thread-18. Posting last datapoints: SA1_360_05_LR401% (CogniteAPI_module_sauter_v1_1.py:147)
2019-05-28 12:36:56.183 [INFO    ] Thread-19. Posting last datapoints: SA1_360_05_LR501% (CogniteAPI_module_sauter_v1_1.py:147)
2019-05-28 12:36:56.369 [INFO    ] Thread-20. Posting last datapoints: SA1_360_05_RD401 (CogniteAPI_module_sauter_v1_1.py:147)
2019-05-28 12:36:56.582 [INFO    ] Thread-1. Posting last datapoints: SA1_360_05_RD501 (CogniteAPI_module_sauter_v1_1.py:147)
2019-05-28 12:36:56.793 [INFO    ] Thread-2. Posting last datapoints: SA1_360_05_RT401 (CogniteAPI_module_sauter_v1_1.py:147)
2019-05-28 12:36:56.991 [INFO    ] Thread-3. Posting last datapoints: SA1_360_05_RT402 (CogniteAPI_module_sauter_v1_1.py:147)
2019-05-28 12:36:57.185 [INFO    ] Thread-4. Posting last datapoints: SA1_360_05_RT403 (CogniteAPI_module_sauter_v1_1.py:147)
2019-05-28 12:36:57.398 [INFO    ] Thread-5. Posting last datapoints: SA1_360_05_RT405 (CogniteAPI_module_sauter_v1_1.py:147)
2019-05-28 12:36:57.600 [INFO    ] Thread-6. Posting last datapoints: SA1_360_05_RT501 (CogniteAPI_module_sauter_v1_1.py:147)
2019-05-28 12:36:57.792 [INFO    ] Thread-7. Posting last datapoints: SA1_360_05_RT502 (CogniteAPI_module_sauter_v1_1.py:147)
2019-05-28 12:36:57.994 [INFO    ] Thread-8. Posting last datapoints: SA1_360_05_RT503 (CogniteAPI_module_sauter_v1_1.py:147)
2019-05-28 12:36:58.204 [INFO    ] Thread-9. Posting last datapoints: SA1_360_05_RT504 (CogniteAPI_module_sauter_v1_1.py:147)
2019-05-28 12:36:58.411 [INFO    ] Thread-10. Posting last datapoints: SA1_360_05_SB402Y (CogniteAPI_module_sauter_v1_1.py:147)
2019-05-28 12:36:58.609 [INFO    ] Thread-11. Posting last datapoints: SA1_360_10_RD01 (CogniteAPI_module_sauter_v1_1.py:147)
2019-05-28 12:36:58.813 [INFO    ] Thread-12. Posting last datapoints: SA1_360_10_RD401 (CogniteAPI_module_sauter_v1_1.py:147)
2019-05-28 12:36:59.014 [INFO    ] Thread-13. Posting last datapoints: SA1_360_10_RD501 (CogniteAPI_module_sauter_v1_1.py:147)
2019-05-28 12:36:59.238 [INFO    ] Thread-14. Posting last datapoints: SA1_360_10_RP401 (CogniteAPI_module_sauter_v1_1.py:147)
2019-05-28 12:36:59.414 [INFO    ] Thread-15. Posting last datapoints: SA1_360_10_RP501 (CogniteAPI_module_sauter_v1_1.py:147)
2019-05-28 12:36:59.620 [INFO    ] Thread-16. Posting last datapoints: SA1_360_10_RT401 (CogniteAPI_module_sauter_v1_1.py:147)
2019-05-28 12:36:59.823 [INFO    ] Thread-17. Posting last datapoints: SA1_360_10_RT402 (CogniteAPI_module_sauter_v1_1.py:147)
2019-05-28 12:37:00.034 [INFO    ] Thread-18. Posting last datapoints: SA1_360_10_RT403 (CogniteAPI_module_sauter_v1_1.py:147)
2019-05-28 12:37:00.232 [INFO    ] Thread-19. Posting last datapoints: SA1_360_10_RT404 (CogniteAPI_module_sauter_v1_1.py:147)
2019-05-28 12:37:00.430 [INFO    ] Thread-20. Posting last datapoints: SA1_360_10_RT405 (CogniteAPI_module_sauter_v1_1.py:147)
2019-05-28 12:37:00.637 [INFO    ] Thread-1. Posting last datapoints: SA1_360_10_RT501 (CogniteAPI_module_sauter_v1_1.py:147)
2019-05-28 12:37:00.845 [INFO    ] Thread-2. Posting last datapoints: SA1_360_10_RT503 (CogniteAPI_module_sauter_v1_1.py:147)
2019-05-28 12:37:01.035 [INFO    ] Thread-3. Posting last datapoints: SA1_360_10_RT504 (CogniteAPI_module_sauter_v1_1.py:147)
2019-05-28 12:37:01.263 [INFO    ] Thread-4. Posting last datapoints: SA1_360_10_SB401Y (CogniteAPI_module_sauter_v1_1.py:147)
2019-05-28 12:37:01.458 [INFO    ] Thread-5. Posting last datapoints: SA1_360_10_SB402Y (CogniteAPI_module_sauter_v1_1.py:147)
2019-05-28 12:37:01.658 [INFO    ] Thread-6. Posting last datapoints: SA1_563_01_01_05_601_SB401_Y (CogniteAPI_module_sauter_v1_1.py:147)
2019-05-28 12:37:01.882 [INFO    ] Thread-7. Posting last datapoints: SA1_563_01_01_05_RT601 (CogniteAPI_module_sauter_v1_1.py:147)
2019-05-28 12:37:02.075 [INFO    ] Thread-8. Posting last datapoints: SA1_563_06_03_04_RT601 (CogniteAPI_module_sauter_v1_1.py:147)
2019-05-28 12:37:02.282 [INFO    ] Thread-9. Posting last datapoints: SA1_563_06_03_04_RY601 (CogniteAPI_module_sauter_v1_1.py:147)
2019-05-28 12:37:02.522 [INFO    ] Thread-10. Posting last datapoints: SA1_563_06_03_04_SB401-404_Y (CogniteAPI_module_sauter_v1_1.py:147)
2019-05-28 12:37:02.671 [INFO    ] Thread-11. Posting last datapoints: SA1_563_06_03_04_SB501-504_Y (CogniteAPI_module_sauter_v1_1.py:147)
2019-05-28 12:37:02.892 [INFO    ] Thread-12. Posting last datapoints: SA1_563_06_03_04_SQ401 (CogniteAPI_module_sauter_v1_1.py:147)
2019-05-28 12:37:03.077 [INFO    ] Thread-13. Posting last datapoints: SA1_563_06_03_05_RH601 (CogniteAPI_module_sauter_v1_1.py:147)
2019-05-28 12:37:03.291 [INFO    ] Thread-14. Posting last datapoints: SA1_563_06_03_05_RT601 (CogniteAPI_module_sauter_v1_1.py:147)
2019-05-28 12:37:03.485 [INFO    ] Thread-15. Posting last datapoints: SA1_563_06_03_05_RT603 (CogniteAPI_module_sauter_v1_1.py:147)
2019-05-28 12:37:03.688 [INFO    ] Thread-16. Posting last datapoints: SA1_563_06_03_05_RY601 (CogniteAPI_module_sauter_v1_1.py:147)
2019-05-28 12:37:03.894 [INFO    ] Thread-17. Posting last datapoints: SA1_563_06_03_05_SB401-404_Y (CogniteAPI_module_sauter_v1_1.py:147)
2019-05-28 12:37:04.103 [INFO    ] Thread-18. Posting last datapoints: SA1_563_06_03_05_SB501-504_Y (CogniteAPI_module_sauter_v1_1.py:147)
2019-05-28 12:37:04.305 [INFO    ] Thread-19. Posting last datapoints: SA1_563_06_03_06_RT601 (CogniteAPI_module_sauter_v1_1.py:147)
2019-05-28 12:37:04.500 [INFO    ] Thread-20. Posting last datapoints: SA1_563_01_01_01_RT601 (CogniteAPI_module_sauter_v1_1.py:147)
2019-05-28 12:37:04.707 [INFO    ] Thread-1. Posting last datapoints: SA1_563_01_01_01_RT602 (CogniteAPI_module_sauter_v1_1.py:147)
2019-05-28 12:37:04.909 [INFO    ] Thread-2. Posting last datapoints: SA1_563_01_01_01_RT604 (CogniteAPI_module_sauter_v1_1.py:147)
2019-05-28 12:37:05.108 [INFO    ] Thread-3. Posting last datapoints: SA1_563_01_01_01_RY601 (CogniteAPI_module_sauter_v1_1.py:147)
2019-05-28 12:37:05.313 [INFO    ] Thread-4. Posting last datapoints: SA1_563_01_01_01_RY602 (CogniteAPI_module_sauter_v1_1.py:147)
2019-05-28 12:37:05.529 [INFO    ] Thread-5. Posting last datapoints: SA1_563_01_01_02_RT601-602 (CogniteAPI_module_sauter_v1_1.py:147)
2019-05-28 12:37:05.720 [INFO    ] Thread-6. Posting last datapoints: SA1_563_01_01_02_RT603 (CogniteAPI_module_sauter_v1_1.py:147)
2019-05-28 12:37:05.916 [INFO    ] Thread-7. Posting last datapoints: SA1_563_01_01_02_RT604 (CogniteAPI_module_sauter_v1_1.py:147)
2019-05-28 12:37:06.121 [INFO    ] Thread-8. Posting last datapoints: SA1_563_01_01_02_RY601 (CogniteAPI_module_sauter_v1_1.py:147)
2019-05-28 12:37:06.349 [INFO    ] Thread-9. Posting last datapoints: SA1_563_01_01_03_601_SB401-402_Y (CogniteAPI_module_sauter_v1_1.py:147)
2019-05-28 12:37:06.551 [INFO    ] Thread-10. Posting last datapoints: SA1_563_01_01_03_RT601-602 (CogniteAPI_module_sauter_v1_1.py:147)
2019-05-28 12:37:06.759 [INFO    ] Thread-11. Posting last datapoints: SA1_563_01_01_03_RT603 (CogniteAPI_module_sauter_v1_1.py:147)
2019-05-28 12:37:06.953 [INFO    ] Thread-12. Posting last datapoints: SA1_563_01_01_03_RT604 (CogniteAPI_module_sauter_v1_1.py:147)
2019-05-28 12:37:07.167 [INFO    ] Thread-13. Posting last datapoints: SA2_563_02_617_SQ417 (CogniteAPI_module_sauter_v1_1.py:147)
2019-05-28 12:37:07.368 [INFO    ] Thread-14. Posting last datapoints: SA2_563_02_RT617 (CogniteAPI_module_sauter_v1_1.py:147)
2019-05-28 12:37:07.562 [INFO    ] Thread-15. Posting last datapoints: SA2_563_02_RT619 (CogniteAPI_module_sauter_v1_1.py:147)
2019-05-28 12:37:07.763 [INFO    ] Thread-16. Posting last datapoints: SA2_563_02_RT618 (CogniteAPI_module_sauter_v1_1.py:147)
2019-05-28 12:37:07.979 [INFO    ] Thread-17. Posting last datapoints: SA2_563_02_RY617 (CogniteAPI_module_sauter_v1_1.py:147)
2019-05-28 12:37:08.163 [INFO    ] Thread-18. Posting last datapoints: SA2_563_02_RY618 (CogniteAPI_module_sauter_v1_1.py:147)
2019-05-28 12:37:08.369 [INFO    ] Thread-19. Posting last datapoints: SA2_563_02_RY619 (CogniteAPI_module_sauter_v1_1.py:147)
2019-05-28 12:37:08.566 [INFO    ] Thread-20. Posting last datapoints: SSA2_563_02_618_SB537-538_Y (CogniteAPI_module_sauter_v1_1.py:147)
2019-05-28 12:37:08.786 [INFO    ] Thread-1. Posting last datapoints: SSA2_563_02_619_SB539_SB540_Y (CogniteAPI_module_sauter_v1_1.py:147)
2019-05-28 12:37:08.979 [INFO    ] Thread-2. Posting last datapoints: SA2_563_02_618_SB426_Y (CogniteAPI_module_sauter_v1_1.py:147)
2019-05-28 12:37:09.192 [INFO    ] Thread-3. Posting last datapoints: SA2_563_02_618_SQ415 (CogniteAPI_module_sauter_v1_1.py:147)
2019-05-28 12:37:09.384 [INFO    ] Thread-4. Posting last datapoints: SA2_563_02_619_SB427_Y (CogniteAPI_module_sauter_v1_1.py:147)
2019-05-28 12:37:09.587 [INFO    ] Thread-5. Posting last datapoints: SA2_563_02_619_SQ416 (CogniteAPI_module_sauter_v1_1.py:147)
2019-05-28 12:37:09.791 [INFO    ] Thread-6. Posting last datapoints: SA2_563_06_01_02_RT603 (CogniteAPI_module_sauter_v1_1.py:147)
2019-05-28 12:37:10.000 [INFO    ] Thread-7. Posting last datapoints: SA2_563_06_01_02_RT604 (CogniteAPI_module_sauter_v1_1.py:147)
2019-05-28 12:37:10.243 [INFO    ] Thread-8. Posting last datapoints: SA2_563_06_01_02_RY601 (CogniteAPI_module_sauter_v1_1.py:147)
2019-05-28 12:37:10.428 [INFO    ] Thread-9. Posting last datapoints: SA2_563_06_01_02_RY603 (CogniteAPI_module_sauter_v1_1.py:147)
2019-05-28 12:37:10.609 [INFO    ] Thread-10. Posting last datapoints: SA2_563_06_01_02_SB402_Y (CogniteAPI_module_sauter_v1_1.py:147)
2019-05-28 12:37:10.811 [INFO    ] Thread-11. Posting last datapoints: SA2_563_06_01_02_SB405_Y (CogniteAPI_module_sauter_v1_1.py:147)
2019-05-28 12:37:11.031 [INFO    ] Thread-12. Posting last datapoints: SA2_563_06_01_02_SB406_Y (CogniteAPI_module_sauter_v1_1.py:147)
2019-05-28 12:37:11.207 [INFO    ] Thread-13. Posting last datapoints: SA2_563_06_01_02_SB501_Y (CogniteAPI_module_sauter_v1_1.py:147)
2019-05-28 12:37:11.423 [INFO    ] Thread-14. Posting last datapoints: SA2_563_06_01_02_SB502_Y (CogniteAPI_module_sauter_v1_1.py:147)
2019-05-28 12:37:11.621 [INFO    ] Thread-15. Posting last datapoints: SA2_563_06_01_02_SB503-504_Y (CogniteAPI_module_sauter_v1_1.py:147)
2019-05-28 12:37:11.841 [INFO    ] Thread-16. Posting last datapoints: SA2_563_06_01_02_SB505_Y (CogniteAPI_module_sauter_v1_1.py:147)
2019-05-28 12:37:12.044 [INFO    ] Thread-17. Posting last datapoints: SA2_563_06_01_03_RT601-602 (CogniteAPI_module_sauter_v1_1.py:147)
2019-05-28 12:37:12.255 [INFO    ] Thread-18. Posting last datapoints: SA2_563_06_01_03_RY601 (CogniteAPI_module_sauter_v1_1.py:147)
2019-05-28 12:37:12.468 [INFO    ] Thread-19. Posting last datapoints: SA2_563_06_01_03_SB401-406_Y (CogniteAPI_module_sauter_v1_1.py:147)
2019-05-28 12:37:12.668 [INFO    ] Thread-20. Posting last datapoints: SA1_350_01_RT002 (CogniteAPI_module_sauter_v1_1.py:147)
2019-05-28 12:37:12.873 [INFO    ] Thread-1. Posting last datapoints: SA1_350_01_RT003 (CogniteAPI_module_sauter_v1_1.py:147)
2019-05-28 12:37:13.082 [INFO    ] Thread-2. Posting last datapoints: SA1_350_01_RT004 (CogniteAPI_module_sauter_v1_1.py:147)
2019-05-28 12:37:13.267 [INFO    ] Thread-3. Posting last datapoints: SA2_563_06_01_01_RT602 (CogniteAPI_module_sauter_v1_1.py:147)
2019-05-28 12:37:13.477 [INFO    ] Thread-4. Posting last datapoints: SA2_563_06_01_02_RT601 (CogniteAPI_module_sauter_v1_1.py:147)
2019-05-28 12:37:13.681 [INFO    ] Thread-5. Posting last datapoints: SA2_563_06_01_02_RT602 (CogniteAPI_module_sauter_v1_1.py:147)
2019-05-28 12:37:13.955 [INFO    ] Thread-6. Posting last datapoints: SA1_350_02_RT002 (CogniteAPI_module_sauter_v1_1.py:147)
2019-05-28 12:37:14.092 [INFO    ] Thread-7. Posting last datapoints: SA1_350_02_RT003 (CogniteAPI_module_sauter_v1_1.py:147)
2019-05-28 12:37:14.313 [INFO    ] Thread-8. Posting last datapoints: SA1_350_02_RT004 (CogniteAPI_module_sauter_v1_1.py:147)
2019-05-28 12:37:14.486 [INFO    ] Thread-9. Posting last datapoints: SA1_350_02_RT005 (CogniteAPI_module_sauter_v1_1.py:147)
2019-05-28 12:37:14.705 [INFO    ] Thread-10. Posting last datapoints: SA1_350_02_RT007 (CogniteAPI_module_sauter_v1_1.py:147)
2019-05-28 12:37:14.912 [INFO    ] Thread-11. Posting last datapoints: SA1_350_02_RT008 (CogniteAPI_module_sauter_v1_1.py:147)
2019-05-28 12:37:15.096 [INFO    ] Thread-12. Posting last datapoints: SA2_329_01-RT401 (CogniteAPI_module_sauter_v1_1.py:147)
2019-05-28 12:37:15.307 [INFO    ] Thread-13. Posting last datapoints: SA2_329_01-RT501 (CogniteAPI_module_sauter_v1_1.py:147)
2019-05-28 12:37:15.514 [INFO    ] Thread-14. Posting last datapoints: SA2_329_01-RT502 (CogniteAPI_module_sauter_v1_1.py:147)
2019-05-28 12:37:15.716 [INFO    ] Thread-15. Posting last datapoints: SA2_370_01-RT401 (CogniteAPI_module_sauter_v1_1.py:147)
2019-05-28 12:37:15.906 [INFO    ] Thread-16. Posting last datapoints: SA2_370_01-RT501 (CogniteAPI_module_sauter_v1_1.py:147)
2019-05-28 12:37:16.102 [INFO    ] Thread-17. Posting last datapoints: SA2_370_01-RT901 (CogniteAPI_module_sauter_v1_1.py:147)
2019-05-28 12:37:16.311 [INFO    ] Thread-18. Posting last datapoints: SA2_370_01_IK001_COND_EWT (CogniteAPI_module_sauter_v1_1.py:147)
2019-05-28 12:37:16.519 [INFO    ] Thread-19. Posting last datapoints: SA2_370_01_IK001_COND_LWT (CogniteAPI_module_sauter_v1_1.py:147)
2019-05-28 12:37:16.718 [INFO    ] Thread-20. Posting last datapoints: SA2_370_01_IK001_CTRL_PNT_XSC (CogniteAPI_module_sauter_v1_1.py:147)
2019-05-28 12:37:16.915 [INFO    ] Thread-1. Posting last datapoints: SA2_370_01_IK001_EWT (CogniteAPI_module_sauter_v1_1.py:147)
2019-05-28 12:37:17.138 [INFO    ] Thread-2. Posting last datapoints: SA2_370_01_IK001_LWT (CogniteAPI_module_sauter_v1_1.py:147)
2019-05-28 12:37:17.345 [INFO    ] Thread-3. Posting last datapoints: SA2_370_01_IK002_COND_EWT (CogniteAPI_module_sauter_v1_1.py:147)
2019-05-28 12:37:17.526 [INFO    ] Thread-4. Posting last datapoints: SA2_370_01_IK002_COND_LWT (CogniteAPI_module_sauter_v1_1.py:147)
2019-05-28 12:37:17.739 [INFO    ] Thread-5. Posting last datapoints: SA2_370_01_IK002_CTRL_PNT_XSC (CogniteAPI_module_sauter_v1_1.py:147)
2019-05-28 12:37:17.933 [INFO    ] Thread-6. Posting last datapoints: SA2_370_01_IK002_EWT (CogniteAPI_module_sauter_v1_1.py:147)
2019-05-28 12:37:18.149 [INFO    ] Thread-7. Posting last datapoints: SA2_370_01_IK002_LWT (CogniteAPI_module_sauter_v1_1.py:147)
2019-05-28 12:37:18.366 [INFO    ] Thread-8. Posting last datapoints: SA2_370_01_IK003_CTRL_PNT_XSC (CogniteAPI_module_sauter_v1_1.py:147)
2019-05-28 12:37:18.604 [INFO    ] Thread-9. Posting last datapoints: SA2_370_01_IK003_EWT (CogniteAPI_module_sauter_v1_1.py:147)
2019-05-28 12:37:18.758 [INFO    ] Thread-10. Posting last datapoints: SA2_370_01_IK003_LWT (CogniteAPI_module_sauter_v1_1.py:147)
2019-05-28 12:37:19.065 [INFO    ] Thread-11. Posting last datapoints: SA2_370_01_IK004_CTRL_PNT_XSC (CogniteAPI_module_sauter_v1_1.py:147)
2019-05-28 12:37:19.160 [INFO    ] Thread-12. Posting last datapoints: SA2_370_01_IK004_EWT (CogniteAPI_module_sauter_v1_1.py:147)
2019-05-28 12:37:19.364 [INFO    ] Thread-13. Posting last datapoints: SA2_370_01_IK004_LWT (CogniteAPI_module_sauter_v1_1.py:147)
2019-05-28 12:37:19.604 [INFO    ] Thread-14. Posting last datapoints: SA2_370_01_IK005_COND_EWT (CogniteAPI_module_sauter_v1_1.py:147)
2019-05-28 12:37:19.787 [INFO    ] Thread-15. Posting last datapoints: SA2_370_01_IK005_COND_LWT (CogniteAPI_module_sauter_v1_1.py:147)
2019-05-28 12:37:19.984 [INFO    ] Thread-16. Posting last datapoints: SA2_370_01_IK005_CTRL_PNT_XSC (CogniteAPI_module_sauter_v1_1.py:147)
2019-05-28 12:37:20.213 [INFO    ] Thread-17. Posting last datapoints: SA2_370_01_IK005_EWT (CogniteAPI_module_sauter_v1_1.py:147)
2019-05-28 12:37:20.395 [INFO    ] Thread-18. Posting last datapoints: SA2_370_01_IK005_LWT (CogniteAPI_module_sauter_v1_1.py:147)
2019-05-28 12:37:20.606 [INFO    ] Thread-19. Posting last datapoints: SA2_370_03-RT501 (CogniteAPI_module_sauter_v1_1.py:147)
2019-05-28 12:37:20.787 [INFO    ] Thread-20. Posting last datapoints: SA2_370_04-RT501 (CogniteAPI_module_sauter_v1_1.py:147)
2019-05-28 12:37:21.010 [INFO    ] Thread-1. Posting last datapoints: SA2_390_01-RP501 (CogniteAPI_module_sauter_v1_1.py:147)
2019-05-28 12:37:21.202 [INFO    ] Thread-2. Posting last datapoints: SA2_390_01-RT401 (CogniteAPI_module_sauter_v1_1.py:147)
2019-05-28 12:37:21.443 [INFO    ] Thread-3. Posting last datapoints: SA2_390_01-RT501 (CogniteAPI_module_sauter_v1_1.py:147)
2019-05-28 12:37:21.604 [INFO    ] Thread-4. Posting last datapoints: SA2_390_01-RT502 (CogniteAPI_module_sauter_v1_1.py:147)
2019-05-28 12:37:21.821 [INFO    ] Thread-5. Posting last datapoints: SA2_390_01-RT503 (CogniteAPI_module_sauter_v1_1.py:147)
2019-05-28 12:37:21.998 [INFO    ] Thread-6. Posting last datapoints: SA2_563_06_02_02_SB501-502_Y (CogniteAPI_module_sauter_v1_1.py:147)
2019-05-28 12:37:22.209 [INFO    ] Thread-7. Posting last datapoints: SA1_563_06_04_04_RT601 (CogniteAPI_module_sauter_v1_1.py:147)
2019-05-28 12:37:22.417 [INFO    ] Thread-8. Posting last datapoints: SA1_563_06_04_04_RT604 (CogniteAPI_module_sauter_v1_1.py:147)
2019-05-28 12:37:22.615 [INFO    ] Thread-9. Posting last datapoints: SA1_563_06_04_04_RY601 (CogniteAPI_module_sauter_v1_1.py:147)
2019-05-28 12:37:22.819 [INFO    ] Thread-10. Posting last datapoints: SA1_563_06_04_04_RY604 (CogniteAPI_module_sauter_v1_1.py:147)
2019-05-28 12:37:23.049 [INFO    ] Thread-11. Posting last datapoints: SA1_563_06_04_04_SB501-502_Y (CogniteAPI_module_sauter_v1_1.py:147)
2019-05-28 12:37:23.216 [INFO    ] Thread-12. Posting last datapoints: SA1_563_06_04_04_SB504_Y (CogniteAPI_module_sauter_v1_1.py:147)
2019-05-28 12:37:23.436 [INFO    ] Thread-13. Posting last datapoints: SA1_563_06_04_04_SQ404 (CogniteAPI_module_sauter_v1_1.py:147)
2019-05-28 12:37:23.836 [INFO    ] Thread-15. Posting last datapoints: SA1_563_02_02_11_RY602 (CogniteAPI_module_sauter_v1_1.py:147)
2019-05-28 12:37:24.028 [INFO    ] Thread-16. Posting last datapoints: SA1_563_02_02_11_SB404-405_Y (CogniteAPI_module_sauter_v1_1.py:147)
2019-05-28 12:37:24.239 [INFO    ] Thread-17. Posting last datapoints: SA1_563_02_02_11_SQ402 (CogniteAPI_module_sauter_v1_1.py:147)
2019-05-28 12:37:24.442 [INFO    ] Thread-18. Posting last datapoints: SA1_563_02_02_12_RT603 (CogniteAPI_module_sauter_v1_1.py:147)
2019-05-28 12:37:24.660 [INFO    ] Thread-19. Posting last datapoints: SA1_563_02_02_12_RY603 (CogniteAPI_module_sauter_v1_1.py:147)
2019-05-28 12:37:24.849 [INFO    ] Thread-20. Posting last datapoints: SA1_563_02_02_12_SQ403 (CogniteAPI_module_sauter_v1_1.py:147)
2019-05-28 12:37:25.050 [INFO    ] Thread-1. Posting last datapoints: SA1_563_06_01_01_RT601 (CogniteAPI_module_sauter_v1_1.py:147)
2019-05-28 12:37:25.247 [INFO    ] Thread-2. Posting last datapoints: SA1_563_06_01_01_RT602 (CogniteAPI_module_sauter_v1_1.py:147)
2019-05-28 12:37:25.856 [INFO    ] Thread-5. Posting last datapoints: SA1_563_06_01_01_RY601 (CogniteAPI_module_sauter_v1_1.py:147)
2019-05-28 12:37:26.065 [INFO    ] Thread-6. Posting last datapoints: SA1_563_06_01_01_SB405_Y (CogniteAPI_module_sauter_v1_1.py:147)
2019-05-28 12:37:26.264 [INFO    ] Thread-7. Posting last datapoints: SA1_563_06_01_01_SB406_Y (CogniteAPI_module_sauter_v1_1.py:147)
2019-05-28 12:37:26.513 [INFO    ] Thread-8. Posting last datapoints: SA1_563_06_01_01_SB407_Y (CogniteAPI_module_sauter_v1_1.py:147)
2019-05-28 12:37:26.892 [INFO    ] Thread-10. Posting last datapoints: SA1_563_06_01_01_SB503_Y (CogniteAPI_module_sauter_v1_1.py:147)
2019-05-28 12:37:27.277 [INFO    ] Thread-12. Posting last datapoints: SA1_563_06_01_01_SB506_Y (CogniteAPI_module_sauter_v1_1.py:147)
2019-05-28 12:37:28.302 [INFO    ] Thread-18. Posting last datapoints: SA1_563_06_05_01_SB401_1-404_Y (CogniteAPI_module_sauter_v1_1.py:147)
2019-05-28 12:37:28.499 [INFO    ] Thread-19. Posting last datapoints: SA1_563_06_05_01_SB501-504_Y (CogniteAPI_module_sauter_v1_1.py:147)
2019-05-28 12:37:28.696 [INFO    ] Thread-20. Posting last datapoints: SA1_563_06_05_01_SQ401 (CogniteAPI_module_sauter_v1_1.py:147)
2019-05-28 12:37:29.308 [INFO    ] Thread-5. Posting last datapoints: SA1_563_06_05_02_SB401-402_2_Y (CogniteAPI_module_sauter_v1_1.py:147)
2019-05-28 12:37:29.529 [INFO    ] Thread-6. Posting last datapoints: SA1_563_06_05_02_SB501-502_4_Y (CogniteAPI_module_sauter_v1_1.py:147)
2019-05-28 12:37:30.117 [INFO    ] Thread-10. Posting last datapoints: SA2_563_06_01_03_SB501-504_Y (CogniteAPI_module_sauter_v1_1.py:147)
2019-05-28 12:37:30.347 [INFO    ] Thread-12. Posting last datapoints: SA2_563_06_01_03_SQ401_Y (CogniteAPI_module_sauter_v1_1.py:147)
2019-05-28 12:37:30.531 [INFO    ] Thread-18. Posting last datapoints: SA2_563_06_02_02_RT601 (CogniteAPI_module_sauter_v1_1.py:147)
2019-05-28 12:37:30.726 [INFO    ] Thread-19. Posting last datapoints: SA2_563_06_02_02_RY601 (CogniteAPI_module_sauter_v1_1.py:147)
2019-05-28 12:37:30.963 [INFO    ] Thread-20. Posting last datapoints: SA2_563_06_02_02_SB401-402_Y (CogniteAPI_module_sauter_v1_1.py:147)
2019-05-28 12:37:31.973 [INFO    ] Thread-18. Posting last datapoints: SA2_563_06_02_03_SQ401_Y (CogniteAPI_module_sauter_v1_1.py:147)
                                                                                                                                                                                                                                                                                                                                                                                                                                                                                                                                                                                                                                                                                                                                                                                                                                                                                                                                                                                                                                                                                                                                                                                                                                                                                                                                                                                                                                                                                                                                                                                                                                                                                                                                                                                                                                                                                                                                                                                                                                                                                                                                                                                                                                                                                                                                                                                                                                                                                                                                                                                                                                                                                                                                                                                                                                                                                                                                                                                                                                                                                                                                                                                                                                                                                                                                                                                                                                                                                                                                                                                                                                                                                                                                                                                                                                                                                                                                                                                                                                                                                                                                                                                                                                                                                                                                                                                                                                                                                                                                                                                                                                                                                                                                                                                                                                                                                                                                                                                                                                                                                                                                                                                                                                                                                                                                                                                                                                                                                                                                                                                                                                                                                                                                                                                                                                                                                                                                                                                                                                                                                                                                                                                                                                                                                                                                                                                                                                                                                                                                                                                                                                                                                                                                                                                                                                                                                                                                                                                                                                                                                                                                                                                                                                                                                                                                                                                                                                                                                                                                                                                                                                                                                                                                                                                                                                                                                                                                                                                                                                                                                                                                                                                                                                                                                                                                                                                                                                                                                                                                                                                                                                                                                                                                                                                                                                                                                                                                                                                                                                                                                                                                                                                                                                                                                                                                                                                                                                                                                                                                                                                                                                                                                                                                                                                                                                                                                                                                                                                                                                                                                                                                                                                                                                                                                                                                                                                                                                                                                                                                                                                                                                                                                                                                                                                                                                                                                                                                                                                                                                                                                                                                                                                                                                                                                                                                                                                                                                                                                                                                                                                                                                                                                                                                                                                                                                                                                                                                                                                                                                                                                                                                                                                                                                                                                                                                                                                                                                                                                                                                                                                                                                                                                                                                                                                                                                                                                                                                                                                                                                                                                                                                                                                                                                                                                                                                                                                                                                                                                                                                                                                                                                                                                                                                                                                                                                                                                                                                                                                                                                                                                                                                                                                                                                                                                                                                                                                                                                                                                                                                                                                                                                                                                                                                                                                                                                                                                                                                                                                                                                                                                                                                                                                                                                                                                                                                                                                                                                                                                                                                                                                                                                                                                                                                                                                                                                                                                                                                                                                                                                                                                                                                                                                                                                                                                                                                                                                                                                                                                                                                                                                                                                                                                                                                                                                                                                                                                                                                                                                                                                                                                                                                                                                                                                                                                                                                                                                                                                                                                                                                                                                                                                                                                                                                                                                                                                                                                                                                                                                                                                                                                                                                                                                                                                                                                                                                                                                                                                                                                                                                                                                                                                                                                                                                                                                                                                                                                                                                                                                                                                                                                                                                                                                                                                                                                                                                                                                                                                                                                                                                                                                                                                                                                                                                                                                                                                                                                                                                                                                                                                                                                                                                                                                                                                                                                                                                                                                                                                                                                                                                                                                                                                                                                                                                                                                                                                                                                                                                                                                                                                                                                                                                                                                                                                                                                                                                                                                                                                                                                                                                                                                                                                                                                                                                                                                                                                                                                                                                                                                                                                                                                                                                                                                                                                                                                                                                                                                                                                 2019-05-28 12:36:01.646 [INFO    ] Thread-4. Posting last datapoints: SA1_563_02_01_03_SB501-502_Y (CogniteAPI_module_sauter_v1_1.py:147)
2019-05-28 12:36:01.858 [INFO    ] Thread-5. Posting last datapoints: SA1_563_02_01_03_SB503-505_Y (CogniteAPI_module_sauter_v1_1.py:147)
2019-05-28 12:36:02.092 [INFO    ] Thread-1. Posting last datapoints: SA1_563_02_01_03_SQ401 (CogniteAPI_module_sauter_v1_1.py:147)
2019-05-28 12:36:02.273 [INFO    ] Thread-9. Posting last datapoints: SA1_563_02_01_03_SQ402 (CogniteAPI_module_sauter_v1_1.py:147)
2019-05-28 12:36:02.491 [INFO    ] Thread-6. Posting last datapoints: SA1_563_02_01_03_SQ501 (CogniteAPI_module_sauter_v1_1.py:147)
2019-05-28 12:36:02.684 [INFO    ] Thread-8. Posting last datapoints: SA1_563_02_01_04_601_SB401-404_Y (CogniteAPI_module_sauter_v1_1.py:147)
2019-05-28 12:36:02.906 [INFO    ] Thread-7. Posting last datapoints: SA1_563_02_01_04_RT601 (CogniteAPI_module_sauter_v1_1.py:147)
2019-05-28 12:36:03.120 [INFO    ] Thread-10. Posting last datapoints: SA1_563_02_01_04_RY601 (CogniteAPI_module_sauter_v1_1.py:147)
2019-05-28 12:36:03.340 [INFO    ] Thread-12. Posting last datapoints: SA1_563_02_01_04_SB501-504_Y (CogniteAPI_module_sauter_v1_1.py:147)
2019-05-28 12:36:03.569 [INFO    ] Thread-13. Posting last datapoints: SA1_563_02_01_04_SQ401 (CogniteAPI_module_sauter_v1_1.py:147)
2019-05-28 12:36:03.768 [INFO    ] Thread-11. Posting last datapoints: SA1_563_02_01_04_SQ501 (CogniteAPI_module_sauter_v1_1.py:147)
2019-05-28 12:36:03.998 [INFO    ] Thread-14. Posting last datapoints: SA1_563_02_01_05_RT601 (CogniteAPI_module_sauter_v1_1.py:147)
2019-05-28 12:36:04.218 [INFO    ] Thread-15. Posting last datapoints: SA1_563_02_01_05_RT602 (CogniteAPI_module_sauter_v1_1.py:147)
2019-05-28 12:36:04.436 [INFO    ] Thread-16. Posting last datapoints: SA1_563_02_01_05_RT603 (CogniteAPI_module_sauter_v1_1.py:147)
2019-05-28 12:36:04.698 [INFO    ] Thread-17. Posting last datapoints: SA1_563_02_01_05_RY601 (CogniteAPI_module_sauter_v1_1.py:147)
2019-05-28 12:36:04.865 [INFO    ] Thread-18. Posting last datapoints: SA1_563_02_01_05_RY602 (CogniteAPI_module_sauter_v1_1.py:147)
2019-05-28 12:36:05.095 [INFO    ] Thread-19. Posting last datapoints: SA1_563_02_01_05_RY603 (CogniteAPI_module_sauter_v1_1.py:147)
2019-05-28 12:36:05.309 [INFO    ] Thread-20. Posting last datapoints: SA1_563_02_01_05_SQ401 (CogniteAPI_module_sauter_v1_1.py:147)
2019-05-28 12:36:05.520 [INFO    ] Thread-2. Posting last datapoints: SA1_563_02_01_05_SQ402 (CogniteAPI_module_sauter_v1_1.py:147)
2019-05-28 12:36:05.754 [INFO    ] Thread-3. Posting last datapoints: SA1_563_02_01_06_601_SB401-404_Y (CogniteAPI_module_sauter_v1_1.py:147)
2019-05-28 12:36:05.958 [INFO    ] Thread-4. Posting last datapoints: SA1_563_02_01_06_RT601 (CogniteAPI_module_sauter_v1_1.py:147)
2019-05-28 12:36:06.174 [INFO    ] Thread-5. Posting last datapoints: SA1_563_02_01_06_RY601 (CogniteAPI_module_sauter_v1_1.py:147)
2019-05-28 12:36:06.401 [INFO    ] Thread-1. Posting last datapoints: SA1_563_02_01_06_SB501-504_Y (CogniteAPI_module_sauter_v1_1.py:147)
2019-05-28 12:36:06.613 [INFO    ] Thread-9. Posting last datapoints: SA1_563_02_01_07_601_SB401-405_Y (CogniteAPI_module_sauter_v1_1.py:147)
2019-05-28 12:36:06.840 [INFO    ] Thread-6. Posting last datapoints: SA1_563_02_01_07_RT601 (CogniteAPI_module_sauter_v1_1.py:147)
2019-05-28 12:36:07.053 [INFO    ] Thread-8. Posting last datapoints: SA1_563_02_01_07_RY601 (CogniteAPI_module_sauter_v1_1.py:147)
2019-05-28 12:36:07.262 [INFO    ] Thread-7. Posting last datapoints: SA1_563_02_01_07_SB501-506_Y (CogniteAPI_module_sauter_v1_1.py:147)
2019-05-28 12:36:07.492 [INFO    ] Thread-10. Posting last datapoints: SA1_563_02_01_07_SQ401 (CogniteAPI_module_sauter_v1_1.py:147)
2019-05-28 12:36:07.702 [INFO    ] Thread-12. Posting last datapoints: SA1_563_02_01_07_SQ402 (CogniteAPI_module_sauter_v1_1.py:147)
2019-05-28 12:36:07.922 [INFO    ] Thread-13. Posting last datapoints: SA1_563_02_01_08_RT601 (CogniteAPI_module_sauter_v1_1.py:147)
2019-05-28 12:36:08.150 [INFO    ] Thread-11. Posting last datapoints: SA1_563_02_01_08_RT602 (CogniteAPI_module_sauter_v1_1.py:147)
2019-05-28 12:36:08.353 [INFO    ] Thread-14. Posting last datapoints: SA1_563_02_01_08_RT603 (CogniteAPI_module_sauter_v1_1.py:147)
2019-05-28 12:36:08.581 [INFO    ] Thread-15. Posting last datapoints: SA1_563_02_01_08_RT604 (CogniteAPI_module_sauter_v1_1.py:147)
2019-05-28 12:36:08.807 [INFO    ] Thread-16. Posting last datapoints: SA1_563_02_01_08_RY601 (CogniteAPI_module_sauter_v1_1.py:147)
2019-05-28 12:36:09.007 [INFO    ] Thread-17. Posting last datapoints: SA1_563_02_01_08_RY602 (CogniteAPI_module_sauter_v1_1.py:147)
2019-05-28 12:36:09.258 [INFO    ] Thread-18. Posting last datapoints: SA1_563_02_01_08_SQ401 (CogniteAPI_module_sauter_v1_1.py:147)
2019-05-28 12:36:09.461 [INFO    ] Thread-19. Posting last datapoints: SA1_563_02_01_08_SQ402 (CogniteAPI_module_sauter_v1_1.py:147)
2019-05-28 12:36:09.677 [INFO    ] Thread-20. Posting last datapoints: SA1_563_02_01_09_601_SB401-406_Y (CogniteAPI_module_sauter_v1_1.py:147)
2019-05-28 12:36:09.899 [INFO    ] Thread-2. Posting last datapoints: SA1_563_02_01_09_RT601 (CogniteAPI_module_sauter_v1_1.py:147)
2019-05-28 12:36:10.121 [INFO    ] Thread-3. Posting last datapoints: SA1_563_02_01_09_RT602 (CogniteAPI_module_sauter_v1_1.py:147)
2019-05-28 12:36:10.344 [INFO    ] Thread-4. Posting last datapoints: SA1_563_02_01_09_RY601 (CogniteAPI_module_sauter_v1_1.py:147)
2019-05-28 12:36:10.552 [INFO    ] Thread-5. Posting last datapoints: SA1_563_02_01_09_RY602 (CogniteAPI_module_sauter_v1_1.py:147)
2019-05-28 12:36:10.758 [INFO    ] Thread-1. Posting last datapoints: SA1_563_02_01_09_SB501-504_Y (CogniteAPI_module_sauter_v1_1.py:147)
2019-05-28 12:36:10.984 [INFO    ] Thread-9. Posting last datapoints: SA1_563_02_01_09_SQ401 (CogniteAPI_module_sauter_v1_1.py:147)
2019-05-28 12:36:11.198 [INFO    ] Thread-6. Posting last datapoints: SA1_563_02_02_10_601_SB401-405_Y (CogniteAPI_module_sauter_v1_1.py:147)
2019-05-28 12:36:11.411 [INFO    ] Thread-8. Posting last datapoints: SA1_563_02_02_10_RT601 (CogniteAPI_module_sauter_v1_1.py:147)
2019-05-28 12:36:11.651 [INFO    ] Thread-7. Posting last datapoints: SA1_563_02_02_10_RY601 (CogniteAPI_module_sauter_v1_1.py:147)
2019-05-28 12:36:11.848 [INFO    ] Thread-10. Posting last datapoints: SA1_563_02_02_10_SB501-504_Y (CogniteAPI_module_sauter_v1_1.py:147)
2019-05-28 12:36:12.076 [INFO    ] Thread-12. Posting last datapoints: SA1_563_02_02_10_SQ401 (CogniteAPI_module_sauter_v1_1.py:147)
2019-05-28 12:36:12.288 [INFO    ] Thread-13. Posting last datapoints: SA1_563_02_02_10_SQ501 (CogniteAPI_module_sauter_v1_1.py:147)
2019-05-28 12:36:12.504 [INFO    ] Thread-11. Posting last datapoints: SA1_563_02_02_11_RT601 (CogniteAPI_module_sauter_v1_1.py:147)
2019-05-28 12:36:12.736 [INFO    ] Thread-14. Posting last datapoints: SA1_563_02_02_11_SB401-403_Y (CogniteAPI_module_sauter_v1_1.py:147)
2019-05-28 12:36:12.956 [INFO    ] Thread-15. Posting last datapoints: SA1_563_02_02_11_SB501-502_Y (CogniteAPI_module_sauter_v1_1.py:147)
2019-05-28 12:36:13.160 [INFO    ] Thread-16. Posting last datapoints: SA1_563_02_02_12_RT601-602 (CogniteAPI_module_sauter_v1_1.py:147)
2019-05-28 12:36:13.382 [INFO    ] Thread-17. Posting last datapoints: SA1_563_02_02_12_RY601 (CogniteAPI_module_sauter_v1_1.py:147)
2019-05-28 12:36:13.598 [INFO    ] Thread-18. Posting last datapoints: SA1_563_02_02_12_SQ401 (CogniteAPI_module_sauter_v1_1.py:147)
2019-05-28 12:36:13.820 [INFO    ] Thread-19. Posting last datapoints: SA1_563_02_02_12_SQ501 (CogniteAPI_module_sauter_v1_1.py:147)
2019-05-28 12:36:14.037 [INFO    ] Thread-20. Posting last datapoints: SA1_563_02_02_13_601_SB401-405_Y (CogniteAPI_module_sauter_v1_1.py:147)
2019-05-28 12:36:14.274 [INFO    ] Thread-2. Posting last datapoints: SA1_563_02_02_13_RT601 (CogniteAPI_module_sauter_v1_1.py:147)
2019-05-28 12:36:14.538 [INFO    ] Thread-3. Posting last datapoints: SA1_563_02_02_13_RY601 (CogniteAPI_module_sauter_v1_1.py:147)
2019-05-28 12:36:14.725 [INFO    ] Thread-4. Posting last datapoints: SA1_563_02_02_13_SB501-504_Y (CogniteAPI_module_sauter_v1_1.py:147)
2019-05-28 12:36:14.932 [INFO    ] Thread-5. Posting last datapoints: SA1_563_02_02_13_SQ401 (CogniteAPI_module_sauter_v1_1.py:147)
2019-05-28 12:36:15.135 [INFO    ] Thread-1. Posting last datapoints: SA1_563_02_02_13_SQ501 (CogniteAPI_module_sauter_v1_1.py:147)
2019-05-28 12:36:15.345 [INFO    ] Thread-9. Posting last datapoints: SA1_563_02_02_14_602_SB401-402_Y (CogniteAPI_module_sauter_v1_1.py:147)
2019-05-28 12:36:15.564 [INFO    ] Thread-6. Posting last datapoints: SA1_563_02_02_14_RT601 (CogniteAPI_module_sauter_v1_1.py:147)
2019-05-28 12:36:15.782 [INFO    ] Thread-8. Posting last datapoints: SA1_563_02_02_14_RT602 (CogniteAPI_module_sauter_v1_1.py:147)
2019-05-28 12:36:15.999 [INFO    ] Thread-7. Posting last datapoints: SA1_563_02_02_14_RY602 (CogniteAPI_module_sauter_v1_1.py:147)
2019-05-28 12:36:16.214 [INFO    ] Thread-10. Posting last datapoints: SA1_563_02_02_14_SB401-402_Y (CogniteAPI_module_sauter_v1_1.py:147)
2019-05-28 12:36:16.450 [INFO    ] Thread-12. Posting last datapoints: SA1_563_02_02_14_SB501-502_Y (CogniteAPI_module_sauter_v1_1.py:147)
2019-05-28 12:36:16.655 [INFO    ] Thread-13. Posting last datapoints: SA1_563_02_02_14_SQ402 (CogniteAPI_module_sauter_v1_1.py:147)
2019-05-28 12:36:16.879 [INFO    ] Thread-11. Posting last datapoints: SA1_563_02_02_14_SQ502 (CogniteAPI_module_sauter_v1_1.py:147)
2019-05-28 12:36:17.090 [INFO    ] Thread-14. Posting last datapoints: SA2_563_06_04_01_SB401_Y (CogniteAPI_module_sauter_v1_1.py:147)
2019-05-28 12:36:17.311 [INFO    ] Thread-15. Posting last datapoints: SA1_370_06_RT401 (CogniteAPI_module_sauter_v1_1.py:147)
2019-05-28 12:36:17.542 [INFO    ] Thread-16. Posting last datapoints: SA1_390_01-RT501 (CogniteAPI_module_sauter_v1_1.py:147)
2019-05-28 12:36:17.749 [INFO    ] Thread-17. Posting last datapoints: SA1_390_01-RT502 (CogniteAPI_module_sauter_v1_1.py:147)
2019-05-28 12:36:17.967 [INFO    ] Thread-18. Posting last datapoints: SA2_563_01_01_01_725_01-RT601 (CogniteAPI_module_sauter_v1_1.py:147)
2019-05-28 12:36:18.210 [INFO    ] Thread-19. Posting last datapoints: SA2_563_01_01_01_725_01-RT602 (CogniteAPI_module_sauter_v1_1.py:147)
2019-05-28 12:36:18.408 [INFO    ] Thread-20. Posting last datapoints: SA2_563_06_04_04_RT601 (CogniteAPI_module_sauter_v1_1.py:147)
2019-05-28 12:36:18.730 [INFO    ] Thread-2. Posting last datapoints: SA2_563_06_04_04_RY601 (CogniteAPI_module_sauter_v1_1.py:147)
2019-05-28 12:36:18.856 [INFO    ] Thread-3. Posting last datapoints: SA2_563_06_04_04_SB401_Y (CogniteAPI_module_sauter_v1_1.py:147)
2019-05-28 12:36:19.076 [INFO    ] Thread-4. Posting last datapoints: SA2_563_06_04_04_SB501_Y (CogniteAPI_module_sauter_v1_1.py:147)
2019-05-28 12:36:19.493 [INFO    ] Thread-1. Posting last datapoints: SA1_563_03_SQ501 (CogniteAPI_module_sauter_v1_1.py:147)
2019-05-28 12:36:19.573 [INFO    ] Thread-5. Posting last datapoints: SA2_563_06_04_04_SQ401_Y (CogniteAPI_module_sauter_v1_1.py:147)
2019-05-28 12:36:19.728 [INFO    ] Thread-9. Posting last datapoints: SA2_563_04_01_01_RT601 (CogniteAPI_module_sauter_v1_1.py:147)
2019-05-28 12:36:19.929 [INFO    ] Thread-6. Posting last datapoints: SA2_563_04_01_01_SB501_Y (CogniteAPI_module_sauter_v1_1.py:147)
Session time 0:02:17.653717
